03:08:59.245 [ INFO] maestro.cli.report.TestDebugReporter.logSystemInfo: Debug output path: /Users/pc/.maestro/tests/2026-06-21_030859
03:08:59.246 [ INFO] MAESTRO.logSystemInfo: ---- System Info ----
03:08:59.247 [ INFO] MAESTRO.logSystemInfo: Maestro Version: 2.6.1
03:08:59.247 [ INFO] MAESTRO.logSystemInfo: CI: Undefined
03:08:59.247 [ INFO] MAESTRO.logSystemInfo: OS Name: Mac OS X
03:08:59.248 [ INFO] MAESTRO.logSystemInfo: OS Version: 26.5.1
03:08:59.248 [ INFO] MAESTRO.logSystemInfo: Architecture: aarch64
03:08:59.248 [ INFO] MAESTRO.logSystemInfo: Java Version: 17
03:08:59.311 [ INFO] MAESTRO.logSystemInfo: Xcode Version: 26.5
03:08:59.314 [ INFO] MAESTRO.logSystemInfo: Flutter Version: Undefined
03:08:59.317 [ INFO] MAESTRO.logSystemInfo: Flutter Channel: Undefined
03:08:59.317 [ INFO] MAESTRO.logSystemInfo: ---------------------
03:08:59.525 [DEBUG] io.micrometer.common.util.internal.logging.InternalLoggerFactory.newDefaultFactory: Using SLF4J as the default logging framework
03:09:01.855 [ INFO] maestro.cli.command.TestCommand.runShardSuite: [shard 1] Selected device 53AD2A70-E76A-4E86-A063-4C1CE84745BA using port 58095 with execution plan ExecutionPlan(flowsToRun=[/Users/pc/Documents/RN_GongGu_Calendar/.maestro/search-ranking-test.yaml], sequence=FlowSequence(flows=[], continueOnFailure=true), workspaceConfig=WorkspaceConfig(flows=null, includeTags=null, excludeTags=null, executionOrder=null, baselineBranch=null, notifications=null, disableRetries=false, platform=PlatformConfiguration(android=AndroidConfiguration(disableAnimations=false), ios=IOSConfiguration(disableAnimations=false, snapshotKeyHonorModalViews=null)), testOutputDir=null))
03:09:02.076 [TRACE] ios.xctest.XCTestIOSDevice.open: Opening a connection
03:09:02.077 [TRACE] xcuitest.XCTestDriverClient.restartXCTestRunner: Restarting XCTest Runner (uninstalling, installing and starting)
03:09:02.077 [ INFO] xcuitest.installer.LocalXCTestInstaller.xcTestDriverStatusCheck: [Start] Perform XCUITest driver status check on 53AD2A70-E76A-4E86-A063-4C1CE84745BA
03:09:02.079 [ INFO] xcuitest.installer.LocalXCTestInstaller.xcTestDriverStatusCheck: [Failed] Perform XCUITest driver status check on 53AD2A70-E76A-4E86-A063-4C1CE84745BA, exception: java.net.ConnectException: Failed to connect to /127.0.0.1:58095
03:09:02.079 [TRACE] xcuitest.XCTestDriverClient.restartXCTestRunner: XCTest Runner uninstalled, will install and start it
03:09:02.079 [ INFO] xcuitest.installer.LocalXCTestInstaller.start$lambda$3: start()
03:09:02.079 [ INFO] xcuitest.installer.LocalXCTestInstaller.start$lambda$3: [Start] Install XCUITest runner on 53AD2A70-E76A-4E86-A063-4C1CE84745BA
03:09:02.079 [ INFO] xcuitest.installer.LocalXCTestInstaller.xcTestDriverStatusCheck: [Start] Perform XCUITest driver status check on 53AD2A70-E76A-4E86-A063-4C1CE84745BA
03:09:02.080 [ INFO] xcuitest.installer.LocalXCTestInstaller.xcTestDriverStatusCheck: [Failed] Perform XCUITest driver status check on 53AD2A70-E76A-4E86-A063-4C1CE84745BA, exception: java.net.ConnectException: Failed to connect to /127.0.0.1:58095
03:09:02.080 [ INFO] xcuitest.installer.IOSBuildProductsExtractor.extract: [Start] Writing build products
03:09:02.118 [ INFO] xcuitest.installer.IOSBuildProductsExtractor.extract: [Done] Writing build products
03:09:02.118 [ INFO] xcuitest.installer.IOSBuildProductsExtractor.extract: [Start] Writing maestro-driver-iosUITests-Runner app
03:09:02.323 [ INFO] xcuitest.installer.IOSBuildProductsExtractor.extract: [Done] Writing maestro-driver-iosUITests-Runner app
03:09:02.323 [ INFO] xcuitest.installer.IOSBuildProductsExtractor.extract: [Start] Writing maestro-driver-ios app
03:09:02.330 [ INFO] xcuitest.installer.IOSBuildProductsExtractor.extract: [Done] Writing maestro-driver-ios app
03:09:02.331 [ INFO] xcuitest.installer.LocalXCTestInstaller.startXCTestRunner: Installing driver with xcodebuild
03:09:02.332 [ INFO] xcuitest.installer.LocalXCTestInstaller.startXCTestRunner: [Start] Running XcUITest with `xcodebuild test-without-building` with 58095 and config: IOSDriverConfig(prebuiltRunner=false, sourceDirectory=driver-iPhoneSimulator, context=CLI, snapshotKeyHonorModalViews=null)
03:09:02.333 [ INFO] util.CommandLineUtils.runCommand: Running command line operation: [xcodebuild, test-without-building, -xctestrun, /var/folders/_7/h01n60s1189_cgkl4chh3jgh0000gn/T/53AD2A70-E76A-4E86-A063-4C1CE84745BA3359373840976333681/maestro-driver-ios-config.xctestrun, -destination, id=53AD2A70-E76A-4E86-A063-4C1CE84745BA, -derivedDataPath, /var/folders/_7/h01n60s1189_cgkl4chh3jgh0000gn/T/maestro_xctestrunner_xcodebuild_output4816117356627015064] with {TEST_RUNNER_PORT=58095}
03:09:02.338 [ INFO] xcuitest.installer.LocalXCTestInstaller.startXCTestRunner: [Done] Running XcUITest with `xcodebuild test-without-building`
03:09:02.338 [ INFO] xcuitest.installer.LocalXCTestInstaller.start$lambda$3: [Done] Install XCUITest runner on 53AD2A70-E76A-4E86-A063-4C1CE84745BA
03:09:02.338 [ INFO] xcuitest.installer.LocalXCTestInstaller.xcTestDriverStatusCheck: [Start] Perform XCUITest driver status check on 53AD2A70-E76A-4E86-A063-4C1CE84745BA
03:09:02.339 [ INFO] xcuitest.installer.LocalXCTestInstaller.xcTestDriverStatusCheck: [Failed] Perform XCUITest driver status check on 53AD2A70-E76A-4E86-A063-4C1CE84745BA, exception: java.net.ConnectException: Failed to connect to /127.0.0.1:58095
03:09:02.974 [ INFO] xcuitest.installer.LocalXCTestInstaller.xcTestDriverStatusCheck: [Start] Perform XCUITest driver status check on 53AD2A70-E76A-4E86-A063-4C1CE84745BA
03:09:02.975 [ INFO] xcuitest.installer.LocalXCTestInstaller.xcTestDriverStatusCheck: [Failed] Perform XCUITest driver status check on 53AD2A70-E76A-4E86-A063-4C1CE84745BA, exception: java.net.ConnectException: Failed to connect to /127.0.0.1:58095
03:09:03.512 [ INFO] xcuitest.installer.LocalXCTestInstaller.xcTestDriverStatusCheck: [Start] Perform XCUITest driver status check on 53AD2A70-E76A-4E86-A063-4C1CE84745BA
03:09:03.513 [ INFO] xcuitest.installer.LocalXCTestInstaller.xcTestDriverStatusCheck: [Failed] Perform XCUITest driver status check on 53AD2A70-E76A-4E86-A063-4C1CE84745BA, exception: java.net.ConnectException: Failed to connect to /127.0.0.1:58095
03:09:04.163 [ INFO] xcuitest.installer.LocalXCTestInstaller.xcTestDriverStatusCheck: [Start] Perform XCUITest driver status check on 53AD2A70-E76A-4E86-A063-4C1CE84745BA
03:09:04.164 [ INFO] xcuitest.installer.LocalXCTestInstaller.xcTestDriverStatusCheck: [Failed] Perform XCUITest driver status check on 53AD2A70-E76A-4E86-A063-4C1CE84745BA, exception: java.net.ConnectException: Failed to connect to /127.0.0.1:58095
03:09:04.769 [ INFO] xcuitest.installer.LocalXCTestInstaller.xcTestDriverStatusCheck: [Start] Perform XCUITest driver status check on 53AD2A70-E76A-4E86-A063-4C1CE84745BA
03:09:04.770 [ INFO] xcuitest.installer.LocalXCTestInstaller.xcTestDriverStatusCheck: [Failed] Perform XCUITest driver status check on 53AD2A70-E76A-4E86-A063-4C1CE84745BA, exception: java.net.ConnectException: Failed to connect to /127.0.0.1:58095
03:09:05.375 [ INFO] xcuitest.installer.LocalXCTestInstaller.xcTestDriverStatusCheck: [Start] Perform XCUITest driver status check on 53AD2A70-E76A-4E86-A063-4C1CE84745BA
03:09:05.378 [ INFO] xcuitest.installer.LocalXCTestInstaller.xcTestDriverStatusCheck: [Failed] Perform XCUITest driver status check on 53AD2A70-E76A-4E86-A063-4C1CE84745BA, exception: java.net.ConnectException: Failed to connect to /127.0.0.1:58095
03:09:06.026 [ INFO] xcuitest.installer.LocalXCTestInstaller.xcTestDriverStatusCheck: [Start] Perform XCUITest driver status check on 53AD2A70-E76A-4E86-A063-4C1CE84745BA
03:09:06.028 [ INFO] xcuitest.installer.LocalXCTestInstaller.xcTestDriverStatusCheck: [Failed] Perform XCUITest driver status check on 53AD2A70-E76A-4E86-A063-4C1CE84745BA, exception: java.net.ConnectException: Failed to connect to /127.0.0.1:58095
03:09:06.663 [ INFO] xcuitest.installer.LocalXCTestInstaller.xcTestDriverStatusCheck: [Start] Perform XCUITest driver status check on 53AD2A70-E76A-4E86-A063-4C1CE84745BA
03:09:06.666 [ INFO] xcuitest.installer.LocalXCTestInstaller.xcTestDriverStatusCheck: [Failed] Perform XCUITest driver status check on 53AD2A70-E76A-4E86-A063-4C1CE84745BA, exception: java.net.ConnectException: Failed to connect to /127.0.0.1:58095
03:09:07.307 [ INFO] xcuitest.installer.LocalXCTestInstaller.xcTestDriverStatusCheck: [Start] Perform XCUITest driver status check on 53AD2A70-E76A-4E86-A063-4C1CE84745BA
03:09:07.308 [ INFO] xcuitest.installer.LocalXCTestInstaller.xcTestDriverStatusCheck: [Failed] Perform XCUITest driver status check on 53AD2A70-E76A-4E86-A063-4C1CE84745BA, exception: java.net.ConnectException: Failed to connect to /127.0.0.1:58095
03:09:07.839 [ INFO] xcuitest.installer.LocalXCTestInstaller.xcTestDriverStatusCheck: [Start] Perform XCUITest driver status check on 53AD2A70-E76A-4E86-A063-4C1CE84745BA
03:09:07.840 [ INFO] xcuitest.installer.LocalXCTestInstaller.xcTestDriverStatusCheck: [Failed] Perform XCUITest driver status check on 53AD2A70-E76A-4E86-A063-4C1CE84745BA, exception: java.net.ConnectException: Failed to connect to /127.0.0.1:58095
03:09:08.343 [ INFO] xcuitest.installer.LocalXCTestInstaller.xcTestDriverStatusCheck: [Start] Perform XCUITest driver status check on 53AD2A70-E76A-4E86-A063-4C1CE84745BA
03:09:08.392 [ INFO] xcuitest.installer.LocalXCTestInstaller.xcTestDriverStatusCheck: [Failed] Perform XCUITest driver status check on 53AD2A70-E76A-4E86-A063-4C1CE84745BA, exception: java.net.ConnectException: Failed to connect to /127.0.0.1:58095
03:09:08.963 [ INFO] xcuitest.installer.LocalXCTestInstaller.xcTestDriverStatusCheck: [Start] Perform XCUITest driver status check on 53AD2A70-E76A-4E86-A063-4C1CE84745BA
03:09:08.964 [ INFO] xcuitest.installer.LocalXCTestInstaller.xcTestDriverStatusCheck: [Failed] Perform XCUITest driver status check on 53AD2A70-E76A-4E86-A063-4C1CE84745BA, exception: java.net.ConnectException: Failed to connect to /127.0.0.1:58095
03:09:09.576 [ INFO] xcuitest.installer.LocalXCTestInstaller.xcTestDriverStatusCheck: [Start] Perform XCUITest driver status check on 53AD2A70-E76A-4E86-A063-4C1CE84745BA
03:09:09.579 [ INFO] xcuitest.installer.LocalXCTestInstaller.xcTestDriverStatusCheck: [Failed] Perform XCUITest driver status check on 53AD2A70-E76A-4E86-A063-4C1CE84745BA, exception: java.net.ConnectException: Failed to connect to /127.0.0.1:58095
03:09:10.229 [ INFO] xcuitest.installer.LocalXCTestInstaller.xcTestDriverStatusCheck: [Start] Perform XCUITest driver status check on 53AD2A70-E76A-4E86-A063-4C1CE84745BA
03:09:10.231 [ INFO] xcuitest.installer.LocalXCTestInstaller.xcTestDriverStatusCheck: [Failed] Perform XCUITest driver status check on 53AD2A70-E76A-4E86-A063-4C1CE84745BA, exception: java.net.ConnectException: Failed to connect to /127.0.0.1:58095
03:09:10.863 [ INFO] xcuitest.installer.LocalXCTestInstaller.xcTestDriverStatusCheck: [Start] Perform XCUITest driver status check on 53AD2A70-E76A-4E86-A063-4C1CE84745BA
03:09:10.885 [ INFO] xcuitest.installer.LocalXCTestInstaller.xcTestDriverStatusCheck: [Failed] Perform XCUITest driver status check on 53AD2A70-E76A-4E86-A063-4C1CE84745BA, exception: java.net.ConnectException: Failed to connect to /127.0.0.1:58095
03:09:11.447 [ INFO] xcuitest.installer.LocalXCTestInstaller.xcTestDriverStatusCheck: [Start] Perform XCUITest driver status check on 53AD2A70-E76A-4E86-A063-4C1CE84745BA
03:09:11.448 [ INFO] xcuitest.installer.LocalXCTestInstaller.xcTestDriverStatusCheck: [Failed] Perform XCUITest driver status check on 53AD2A70-E76A-4E86-A063-4C1CE84745BA, exception: java.net.ConnectException: Failed to connect to /127.0.0.1:58095
03:09:12.098 [ INFO] xcuitest.installer.LocalXCTestInstaller.xcTestDriverStatusCheck: [Start] Perform XCUITest driver status check on 53AD2A70-E76A-4E86-A063-4C1CE84745BA
03:09:12.100 [ INFO] xcuitest.installer.LocalXCTestInstaller.xcTestDriverStatusCheck: [Failed] Perform XCUITest driver status check on 53AD2A70-E76A-4E86-A063-4C1CE84745BA, exception: java.net.ConnectException: Failed to connect to /127.0.0.1:58095
03:09:12.749 [ INFO] xcuitest.installer.LocalXCTestInstaller.xcTestDriverStatusCheck: [Start] Perform XCUITest driver status check on 53AD2A70-E76A-4E86-A063-4C1CE84745BA
03:09:12.774 [ INFO] xcuitest.installer.LocalXCTestInstaller.xcTestDriverStatusCheck: [Failed] Perform XCUITest driver status check on 53AD2A70-E76A-4E86-A063-4C1CE84745BA, exception: java.net.ConnectException: Failed to connect to /127.0.0.1:58095
03:09:13.423 [ INFO] xcuitest.installer.LocalXCTestInstaller.xcTestDriverStatusCheck: [Start] Perform XCUITest driver status check on 53AD2A70-E76A-4E86-A063-4C1CE84745BA
03:09:13.425 [ INFO] xcuitest.installer.LocalXCTestInstaller.xcTestDriverStatusCheck: [Failed] Perform XCUITest driver status check on 53AD2A70-E76A-4E86-A063-4C1CE84745BA, exception: java.net.ConnectException: Failed to connect to /127.0.0.1:58095
03:09:14.011 [ INFO] xcuitest.installer.LocalXCTestInstaller.xcTestDriverStatusCheck: [Start] Perform XCUITest driver status check on 53AD2A70-E76A-4E86-A063-4C1CE84745BA
03:09:14.014 [ INFO] xcuitest.installer.LocalXCTestInstaller.xcTestDriverStatusCheck: [Failed] Perform XCUITest driver status check on 53AD2A70-E76A-4E86-A063-4C1CE84745BA, exception: java.net.ConnectException: Failed to connect to /127.0.0.1:58095
03:09:14.664 [ INFO] xcuitest.installer.LocalXCTestInstaller.xcTestDriverStatusCheck: [Start] Perform XCUITest driver status check on 53AD2A70-E76A-4E86-A063-4C1CE84745BA
03:09:14.697 [ INFO] xcuitest.installer.LocalXCTestInstaller.xcTestDriverStatusCheck: [Done] Perform XCUITest driver status check on 53AD2A70-E76A-4E86-A063-4C1CE84745BA
03:09:14.771 [ INFO] maestro.cli.runner.TestRunner.runSingle$lambda$0: Running flow search-ranking-test.yaml...
03:09:14.796 [ INFO] maestro.Maestro.cachedDeviceInfo_delegate$lambda$0: Getting device info
03:09:14.957 [ INFO] maestro.Maestro.cachedDeviceInfo_delegate$lambda$0: Got device info: DeviceInfo(platform=IOS, widthPixels=1320, heightPixels=2868, widthGrid=440, heightGrid=956)
03:09:15.018 [ INFO] maestro.cli.runner.MaestroCommandRunner.runCommands$lambda$0: Define variables RUNNING
03:09:15.033 [ INFO] maestro.cli.runner.MaestroCommandRunner.runCommands$lambda$11: Define variables metadata CommandMetadata(numberOfRuns=null, evaluatedCommand=MaestroCommand(defineVariablesCommand=DefineVariablesCommand(env={MAESTRO_FILENAME=search-ranking-test, MAESTRO_DEVICE_UDID=53AD2A70-E76A-4E86-A063-4C1CE84745BA, MAESTRO_SHARD_ID=1, MAESTRO_SHARD_INDEX=0}, label=null, optional=false)), logMessages=[], insight=Insight(message=, level=NONE), aiReasoning=null, labeledCommand=null)
03:09:15.034 [ INFO] maestro.cli.runner.MaestroCommandRunner.runCommands$lambda$2: Define variables COMPLETED
03:09:15.035 [ INFO] maestro.cli.runner.MaestroCommandRunner.runCommands$lambda$0: Apply configuration RUNNING
03:09:15.040 [ INFO] maestro.cli.runner.MaestroCommandRunner.runCommands$lambda$11: Apply configuration metadata CommandMetadata(numberOfRuns=null, evaluatedCommand=MaestroCommand(applyConfigurationCommand=ApplyConfigurationCommand(config=MaestroConfig(appId=com.gonggu.calendar, name=null, tags=[], ext={}, onFlowStart=null, onFlowComplete=null, properties={}), label=null, optional=false)), logMessages=[], insight=Insight(message=, level=NONE), aiReasoning=null, labeledCommand=null)
03:09:15.040 [ INFO] maestro.cli.runner.MaestroCommandRunner.runCommands$lambda$2: Apply configuration COMPLETED
03:09:15.041 [ INFO] maestro.cli.runner.MaestroCommandRunner.runCommands$lambda$0: Launch app "com.gonggu.calendar" with clear state RUNNING
03:09:15.043 [ INFO] maestro.cli.runner.MaestroCommandRunner.runCommands$lambda$11: Launch app "com.gonggu.calendar" with clear state metadata CommandMetadata(numberOfRuns=null, evaluatedCommand=MaestroCommand(launchAppCommand=LaunchAppCommand(appId=com.gonggu.calendar, clearState=true, clearKeychain=null, stopApp=null, permissions=null, launchArguments=null, label=null, optional=false)), logMessages=[], insight=Insight(message=, level=NONE), aiReasoning=null, labeledCommand=null)
03:09:15.045 [ INFO] maestro.Maestro.clearAppState$lambda$5: Clearing app state com.gonggu.calendar
03:09:15.046 [ INFO] util.LocalSimulatorUtils.clearAppState: Clearing app com.gonggu.calendar state
03:09:15.046 [ INFO] util.LocalSimulatorUtils.terminate: [Start] Terminating app com.gonggu.calendar
03:09:15.046 [ INFO] util.CommandLineUtils.runCommand: Running command line operation: [xcrun, simctl, terminate, 53AD2A70-E76A-4E86-A063-4C1CE84745BA, com.gonggu.calendar] with {}
03:09:15.541 [ INFO] util.LocalSimulatorUtils.terminate: [Done] Terminating app com.gonggu.calendar
03:09:16.564 [ INFO] util.LocalSimulatorUtils.reinstallApp: Copying app binary from /Users/pc/Library/Developer/CoreSimulator/Devices/53AD2A70-E76A-4E86-A063-4C1CE84745BA/data/Containers/Bundle/Application/55E24954-2570-459E-BDEA-C969E1C51B70/GongGuCalendar.app to /var/folders/_7/h01n60s1189_cgkl4chh3jgh0000gn/T/18123978655108655585/com.gonggu.calendar-1781978956555.app
03:09:17.126 [ INFO] util.LocalSimulatorUtils.reinstallApp: Reinstalling and launching com.gonggu.calendar
03:09:17.127 [ INFO] util.CommandLineUtils.runCommand: Running command line operation: [xcrun, simctl, uninstall, 53AD2A70-E76A-4E86-A063-4C1CE84745BA, com.gonggu.calendar] with {}
03:09:17.613 [ INFO] util.CommandLineUtils.runCommand: Running command line operation: [xcrun, simctl, install, 53AD2A70-E76A-4E86-A063-4C1CE84745BA, /var/folders/_7/h01n60s1189_cgkl4chh3jgh0000gn/T/18123978655108655585/com.gonggu.calendar-1781978956555.app] with {}
03:09:18.229 [ INFO] util.LocalSimulatorUtils.reinstallApp: App com.gonggu.calendar reinstalled and launched
03:09:18.285 [ INFO] device.SimctlIOSDevice.setPermissions: [Start] Setting permissions all=allow through applesimutils
03:09:18.285 [ INFO] util.LocalSimulatorUtils.setAppleSimutilsPermissions: [Start] Setting permissions via pinned applesimutils
03:09:18.286 [ INFO] util.CommandLineUtils.runCommand: Running command line operation: [/Users/pc/.maestro/deps/applesimutils, --byId, 53AD2A70-E76A-4E86-A063-4C1CE84745BA, --bundle, com.gonggu.calendar, --setPermissions, calendar=YES,camera=YES,contacts=YES,faceid=YES,homekit=YES,medialibrary=YES,microphone=YES,motion=YES,photos=YES,reminders=YES,siri=YES,speech=YES,userTracking=YES] with {}
03:09:19.653 [ INFO] util.LocalSimulatorUtils.setAppleSimutilsPermissions: [Done] Setting permissions pinned applesimutils
03:09:19.654 [ INFO] device.SimctlIOSDevice.setPermissions: [Done] Setting permissions through applesimutils
03:09:19.664 [ INFO] device.SimctlIOSDevice.setPermissions: [Start] Setting Permissions all=allow through simctl
03:09:19.665 [ INFO] util.CommandLineUtils.runCommand: Running command line operation: [xcrun, simctl, privacy, 53AD2A70-E76A-4E86-A063-4C1CE84745BA, grant, location-always, com.gonggu.calendar] with {}
03:09:19.860 [ INFO] device.SimctlIOSDevice.setPermissions: [Done] Setting Permissions all=allow through simctl
03:09:20.101 [ INFO] maestro.Maestro.launchApp$lambda$2: Launching app com.gonggu.calendar
03:09:20.101 [ INFO] maestro.Maestro.launchApp$lambda$2: Stopping com.gonggu.calendar app during launch
03:09:20.140 [ INFO] util.CommandLineUtils.runCommand: Running command line operation: [xcrun, simctl, launch, 53AD2A70-E76A-4E86-A063-4C1CE84745BA, com.gonggu.calendar] with {}
03:09:20.637 [ INFO] maestro.cli.runner.MaestroCommandRunner.runCommands$lambda$2: Launch app "com.gonggu.calendar" with clear state COMPLETED
03:09:20.649 [ INFO] maestro.cli.runner.MaestroCommandRunner.runCommands$lambda$0: Wait for animation to end RUNNING
03:09:20.654 [ INFO] maestro.cli.runner.MaestroCommandRunner.runCommands$lambda$11: Wait for animation to end metadata CommandMetadata(numberOfRuns=null, evaluatedCommand=MaestroCommand(waitForAnimationToEndCommand=WaitForAnimationToEndCommand(timeout=null, label=null, optional=false)), logMessages=[], insight=Insight(message=, level=NONE), aiReasoning=null, labeledCommand=null)
03:09:20.658 [ INFO] maestro.Maestro.waitForAnimationToEnd$lambda$51: Waiting for animation to end with timeout 15000
03:09:20.664 [TRACE] maestro.utils.ScreenshotUtils.takeScreenshot: Taking screenshot to byte array
03:09:20.665 [TRACE] maestro.utils.ScreenshotUtils.takeScreenshot: Taking screenshot to output sink
03:09:23.325 [TRACE] maestro.utils.ScreenshotUtils.takeScreenshot: Taking screenshot to byte array
03:09:23.350 [TRACE] maestro.utils.ScreenshotUtils.takeScreenshot: Taking screenshot to output sink
03:09:28.834 [TRACE] maestro.utils.ScreenshotUtils.takeScreenshot: Taking screenshot to byte array
03:09:28.835 [TRACE] maestro.utils.ScreenshotUtils.takeScreenshot: Taking screenshot to output sink
03:09:29.148 [TRACE] maestro.utils.ScreenshotUtils.takeScreenshot: Taking screenshot to byte array
03:09:29.148 [TRACE] maestro.utils.ScreenshotUtils.takeScreenshot: Taking screenshot to output sink
03:09:29.629 [ INFO] maestro.cli.runner.MaestroCommandRunner.runCommands$lambda$2: Wait for animation to end COMPLETED
03:09:29.630 [ INFO] maestro.cli.runner.MaestroCommandRunner.runCommands$lambda$0: Assert that "Home 탭" is visible RUNNING
03:09:29.639 [ INFO] maestro.cli.runner.MaestroCommandRunner.runCommands$lambda$11: Assert that "Home 탭" is visible metadata CommandMetadata(numberOfRuns=null, evaluatedCommand=MaestroCommand(assertConditionCommand=AssertConditionCommand(condition=Condition(platform=null, visible=ElementSelector(textRegex=Home 탭, idRegex=null, size=null, below=null, above=null, leftOf=null, rightOf=null, containsChild=null, containsDescendants=null, traits=null, index=null, enabled=null, optional=false, selected=null, checked=null, focused=null, childOf=null, css=null), notVisible=null, scriptCondition=null, label=null), timeout=null, label=null, optional=false)), logMessages=[], insight=Insight(message=, level=NONE), aiReasoning=null, labeledCommand=null)
03:09:30.772 [ INFO] maestro.cli.runner.MaestroCommandRunner.runCommands$lambda$11: Assert that "Home 탭" is visible metadata CommandMetadata(numberOfRuns=null, evaluatedCommand=MaestroCommand(assertConditionCommand=AssertConditionCommand(condition=Condition(platform=null, visible=ElementSelector(textRegex=Home 탭, idRegex=null, size=null, below=null, above=null, leftOf=null, rightOf=null, containsChild=null, containsDescendants=null, traits=null, index=null, enabled=null, optional=false, selected=null, checked=null, focused=null, childOf=null, css=null), notVisible=null, scriptCondition=null, label=null), timeout=null, label=null, optional=false)), logMessages=[], insight=Insight(message=, level=NONE), aiReasoning=null, labeledCommand=null)
03:09:30.788 [ INFO] maestro.cli.runner.MaestroCommandRunner.runCommands$lambda$2: Assert that "Home 탭" is visible COMPLETED
03:09:30.788 [ INFO] maestro.cli.runner.MaestroCommandRunner.runCommands$lambda$0: Assert that "Search 탭" is visible RUNNING
03:09:30.788 [ INFO] maestro.cli.runner.MaestroCommandRunner.runCommands$lambda$11: Assert that "Search 탭" is visible metadata CommandMetadata(numberOfRuns=null, evaluatedCommand=MaestroCommand(assertConditionCommand=AssertConditionCommand(condition=Condition(platform=null, visible=ElementSelector(textRegex=Search 탭, idRegex=null, size=null, below=null, above=null, leftOf=null, rightOf=null, containsChild=null, containsDescendants=null, traits=null, index=null, enabled=null, optional=false, selected=null, checked=null, focused=null, childOf=null, css=null), notVisible=null, scriptCondition=null, label=null), timeout=null, label=null, optional=false)), logMessages=[], insight=Insight(message=, level=NONE), aiReasoning=null, labeledCommand=null)
03:09:31.066 [ INFO] maestro.cli.runner.MaestroCommandRunner.runCommands$lambda$11: Assert that "Search 탭" is visible metadata CommandMetadata(numberOfRuns=null, evaluatedCommand=MaestroCommand(assertConditionCommand=AssertConditionCommand(condition=Condition(platform=null, visible=ElementSelector(textRegex=Search 탭, idRegex=null, size=null, below=null, above=null, leftOf=null, rightOf=null, containsChild=null, containsDescendants=null, traits=null, index=null, enabled=null, optional=false, selected=null, checked=null, focused=null, childOf=null, css=null), notVisible=null, scriptCondition=null, label=null), timeout=null, label=null, optional=false)), logMessages=[], insight=Insight(message=, level=NONE), aiReasoning=null, labeledCommand=null)
03:09:31.071 [ INFO] maestro.cli.runner.MaestroCommandRunner.runCommands$lambda$2: Assert that "Search 탭" is visible COMPLETED
03:09:31.072 [ INFO] maestro.cli.runner.MaestroCommandRunner.runCommands$lambda$0: Assert that "Submit 탭" is visible RUNNING
03:09:31.072 [ INFO] maestro.cli.runner.MaestroCommandRunner.runCommands$lambda$11: Assert that "Submit 탭" is visible metadata CommandMetadata(numberOfRuns=null, evaluatedCommand=MaestroCommand(assertConditionCommand=AssertConditionCommand(condition=Condition(platform=null, visible=ElementSelector(textRegex=Submit 탭, idRegex=null, size=null, below=null, above=null, leftOf=null, rightOf=null, containsChild=null, containsDescendants=null, traits=null, index=null, enabled=null, optional=false, selected=null, checked=null, focused=null, childOf=null, css=null), notVisible=null, scriptCondition=null, label=null), timeout=null, label=null, optional=false)), logMessages=[], insight=Insight(message=, level=NONE), aiReasoning=null, labeledCommand=null)
03:09:31.303 [ INFO] maestro.cli.runner.MaestroCommandRunner.runCommands$lambda$11: Assert that "Submit 탭" is visible metadata CommandMetadata(numberOfRuns=null, evaluatedCommand=MaestroCommand(assertConditionCommand=AssertConditionCommand(condition=Condition(platform=null, visible=ElementSelector(textRegex=Submit 탭, idRegex=null, size=null, below=null, above=null, leftOf=null, rightOf=null, containsChild=null, containsDescendants=null, traits=null, index=null, enabled=null, optional=false, selected=null, checked=null, focused=null, childOf=null, css=null), notVisible=null, scriptCondition=null, label=null), timeout=null, label=null, optional=false)), logMessages=[], insight=Insight(message=, level=NONE), aiReasoning=null, labeledCommand=null)
03:09:31.307 [ INFO] maestro.cli.runner.MaestroCommandRunner.runCommands$lambda$2: Assert that "Submit 탭" is visible COMPLETED
03:09:31.307 [ INFO] maestro.cli.runner.MaestroCommandRunner.runCommands$lambda$0: Assert that "Community 탭" is visible RUNNING
03:09:31.307 [ INFO] maestro.cli.runner.MaestroCommandRunner.runCommands$lambda$11: Assert that "Community 탭" is visible metadata CommandMetadata(numberOfRuns=null, evaluatedCommand=MaestroCommand(assertConditionCommand=AssertConditionCommand(condition=Condition(platform=null, visible=ElementSelector(textRegex=Community 탭, idRegex=null, size=null, below=null, above=null, leftOf=null, rightOf=null, containsChild=null, containsDescendants=null, traits=null, index=null, enabled=null, optional=false, selected=null, checked=null, focused=null, childOf=null, css=null), notVisible=null, scriptCondition=null, label=null), timeout=null, label=null, optional=false)), logMessages=[], insight=Insight(message=, level=NONE), aiReasoning=null, labeledCommand=null)
03:09:31.549 [ INFO] maestro.cli.runner.MaestroCommandRunner.runCommands$lambda$11: Assert that "Community 탭" is visible metadata CommandMetadata(numberOfRuns=null, evaluatedCommand=MaestroCommand(assertConditionCommand=AssertConditionCommand(condition=Condition(platform=null, visible=ElementSelector(textRegex=Community 탭, idRegex=null, size=null, below=null, above=null, leftOf=null, rightOf=null, containsChild=null, containsDescendants=null, traits=null, index=null, enabled=null, optional=false, selected=null, checked=null, focused=null, childOf=null, css=null), notVisible=null, scriptCondition=null, label=null), timeout=null, label=null, optional=false)), logMessages=[], insight=Insight(message=, level=NONE), aiReasoning=null, labeledCommand=null)
03:09:31.559 [ INFO] maestro.cli.runner.MaestroCommandRunner.runCommands$lambda$2: Assert that "Community 탭" is visible COMPLETED
03:09:31.560 [ INFO] maestro.cli.runner.MaestroCommandRunner.runCommands$lambda$0: Assert that "MyPage 탭" is visible RUNNING
03:09:31.560 [ INFO] maestro.cli.runner.MaestroCommandRunner.runCommands$lambda$11: Assert that "MyPage 탭" is visible metadata CommandMetadata(numberOfRuns=null, evaluatedCommand=MaestroCommand(assertConditionCommand=AssertConditionCommand(condition=Condition(platform=null, visible=ElementSelector(textRegex=MyPage 탭, idRegex=null, size=null, below=null, above=null, leftOf=null, rightOf=null, containsChild=null, containsDescendants=null, traits=null, index=null, enabled=null, optional=false, selected=null, checked=null, focused=null, childOf=null, css=null), notVisible=null, scriptCondition=null, label=null), timeout=null, label=null, optional=false)), logMessages=[], insight=Insight(message=, level=NONE), aiReasoning=null, labeledCommand=null)
03:09:31.804 [ INFO] maestro.cli.runner.MaestroCommandRunner.runCommands$lambda$11: Assert that "MyPage 탭" is visible metadata CommandMetadata(numberOfRuns=null, evaluatedCommand=MaestroCommand(assertConditionCommand=AssertConditionCommand(condition=Condition(platform=null, visible=ElementSelector(textRegex=MyPage 탭, idRegex=null, size=null, below=null, above=null, leftOf=null, rightOf=null, containsChild=null, containsDescendants=null, traits=null, index=null, enabled=null, optional=false, selected=null, checked=null, focused=null, childOf=null, css=null), notVisible=null, scriptCondition=null, label=null), timeout=null, label=null, optional=false)), logMessages=[], insight=Insight(message=, level=NONE), aiReasoning=null, labeledCommand=null)
03:09:31.807 [ INFO] maestro.cli.runner.MaestroCommandRunner.runCommands$lambda$2: Assert that "MyPage 탭" is visible COMPLETED
03:09:31.807 [ INFO] maestro.cli.runner.MaestroCommandRunner.runCommands$lambda$0: Take screenshot 01-home-screen RUNNING
03:09:31.809 [ INFO] maestro.cli.runner.MaestroCommandRunner.runCommands$lambda$11: Take screenshot 01-home-screen metadata CommandMetadata(numberOfRuns=null, evaluatedCommand=MaestroCommand(takeScreenshotCommand=TakeScreenshotCommand(path=01-home-screen, cropOn=null, label=null, optional=false)), logMessages=[], insight=Insight(message=, level=NONE), aiReasoning=null, labeledCommand=null)
03:09:31.811 [ INFO] maestro.Maestro.takeScreenshot: Taking screenshot
03:09:31.812 [TRACE] maestro.utils.ScreenshotUtils.takeScreenshot: Taking screenshot to output sink
03:09:31.940 [ INFO] maestro.cli.runner.MaestroCommandRunner.runCommands$lambda$2: Take screenshot 01-home-screen COMPLETED
03:09:31.940 [ INFO] maestro.cli.runner.MaestroCommandRunner.runCommands$lambda$0: Tap on "Search 탭" RUNNING
03:09:31.943 [ INFO] maestro.cli.runner.MaestroCommandRunner.runCommands$lambda$11: Tap on "Search 탭" metadata CommandMetadata(numberOfRuns=null, evaluatedCommand=MaestroCommand(tapOnElementCommand=TapOnElementCommand(selector=ElementSelector(textRegex=Search 탭, idRegex=null, size=null, below=null, above=null, leftOf=null, rightOf=null, containsChild=null, containsDescendants=null, traits=null, index=null, enabled=null, optional=false, selected=null, checked=null, focused=null, childOf=null, css=null), retryIfNoChange=false, waitUntilVisible=false, longPress=false, repeat=null, waitToSettleTimeoutMs=null, relativePoint=null, label=null, optional=false)), logMessages=[], insight=Insight(message=, level=NONE), aiReasoning=null, labeledCommand=null)
03:09:32.370 [ INFO] maestro.cli.runner.MaestroCommandRunner.runCommands$lambda$11: Tap on "Search 탭" metadata CommandMetadata(numberOfRuns=null, evaluatedCommand=MaestroCommand(tapOnElementCommand=TapOnElementCommand(selector=ElementSelector(textRegex=Search 탭, idRegex=null, size=null, below=null, above=null, leftOf=null, rightOf=null, containsChild=null, containsDescendants=null, traits=null, index=null, enabled=null, optional=false, selected=null, checked=null, focused=null, childOf=null, css=null), retryIfNoChange=false, waitUntilVisible=false, longPress=false, repeat=null, waitToSettleTimeoutMs=null, relativePoint=null, label=null, optional=false)), logMessages=[], insight=Insight(message=, level=NONE), aiReasoning=null, labeledCommand=null)
03:09:32.385 [ INFO] maestro.Maestro.tap-HgV9Ck0: Tapping on element:  UiElement(treeNode=TreeNode(attributes={accessibilityText=Search 탭, title=, value=, text=, hintText=, resource-id=, bounds=[113,860][159,914], enabled=true, focused=false, selected=false, checked=false}, children=[], clickable=null, enabled=true, focused=false, checked=false, selected=false), bounds=Bounds(x=113, y=860, width=46, height=54))
03:09:32.387 [ INFO] device.IOSDevice.invoke-F9mIFpk: Waiting for animation to end with timeout 3000
03:09:32.906 [ INFO] maestro.Maestro.tap-HgV9Ck0: Refreshed element
03:09:32.924 [ INFO] maestro.Maestro.screenshotBasedTap-ogj28Uc: Try tapping at (136, 887) using hierarchy based logic for wait
03:09:32.925 [TRACE] maestro.utils.ScreenshotUtils.takeScreenshot: Taking screenshot to byte array
03:09:32.925 [TRACE] maestro.utils.ScreenshotUtils.takeScreenshot: Taking screenshot to output sink
03:09:33.625 [ INFO] device.IOSDevice.invoke-F9mIFpk: Waiting for animation to end with timeout 3000
03:09:34.103 [ INFO] maestro.Maestro.screenshotBasedTap-ogj28Uc: Something have changed in the UI judging by view hierarchy. Proceed.
03:09:34.105 [ INFO] maestro.cli.runner.MaestroCommandRunner.runCommands$lambda$2: Tap on "Search 탭" COMPLETED
03:09:34.106 [ INFO] maestro.cli.runner.MaestroCommandRunner.runCommands$lambda$0: Wait for animation to end RUNNING
03:09:34.109 [ INFO] maestro.cli.runner.MaestroCommandRunner.runCommands$lambda$11: Wait for animation to end metadata CommandMetadata(numberOfRuns=null, evaluatedCommand=MaestroCommand(waitForAnimationToEndCommand=WaitForAnimationToEndCommand(timeout=null, label=null, optional=false)), logMessages=[], insight=Insight(message=, level=NONE), aiReasoning=null, labeledCommand=null)
03:09:34.110 [ INFO] maestro.Maestro.waitForAnimationToEnd$lambda$51: Waiting for animation to end with timeout 15000
03:09:34.111 [TRACE] maestro.utils.ScreenshotUtils.takeScreenshot: Taking screenshot to byte array
03:09:34.111 [TRACE] maestro.utils.ScreenshotUtils.takeScreenshot: Taking screenshot to output sink
03:09:34.313 [TRACE] maestro.utils.ScreenshotUtils.takeScreenshot: Taking screenshot to byte array
03:09:34.313 [TRACE] maestro.utils.ScreenshotUtils.takeScreenshot: Taking screenshot to output sink
03:09:34.885 [ INFO] maestro.cli.runner.MaestroCommandRunner.runCommands$lambda$2: Wait for animation to end COMPLETED
03:09:34.886 [ INFO] maestro.cli.runner.MaestroCommandRunner.runCommands$lambda$0: Wait for animation to end RUNNING
03:09:34.886 [ INFO] maestro.cli.runner.MaestroCommandRunner.runCommands$lambda$11: Wait for animation to end metadata CommandMetadata(numberOfRuns=null, evaluatedCommand=MaestroCommand(waitForAnimationToEndCommand=WaitForAnimationToEndCommand(timeout=null, label=null, optional=false)), logMessages=[], insight=Insight(message=, level=NONE), aiReasoning=null, labeledCommand=null)
03:09:34.887 [ INFO] maestro.Maestro.waitForAnimationToEnd$lambda$51: Waiting for animation to end with timeout 15000
03:09:34.887 [TRACE] maestro.utils.ScreenshotUtils.takeScreenshot: Taking screenshot to byte array
03:09:34.887 [TRACE] maestro.utils.ScreenshotUtils.takeScreenshot: Taking screenshot to output sink
03:09:35.125 [TRACE] maestro.utils.ScreenshotUtils.takeScreenshot: Taking screenshot to byte array
03:09:35.125 [TRACE] maestro.utils.ScreenshotUtils.takeScreenshot: Taking screenshot to output sink
03:09:35.586 [ INFO] maestro.cli.runner.MaestroCommandRunner.runCommands$lambda$2: Wait for animation to end COMPLETED
03:09:35.587 [ INFO] maestro.cli.runner.MaestroCommandRunner.runCommands$lambda$0: Assert that "스토어 랭킹" is visible RUNNING
03:09:35.587 [ INFO] maestro.cli.runner.MaestroCommandRunner.runCommands$lambda$11: Assert that "스토어 랭킹" is visible metadata CommandMetadata(numberOfRuns=null, evaluatedCommand=MaestroCommand(assertConditionCommand=AssertConditionCommand(condition=Condition(platform=null, visible=ElementSelector(textRegex=스토어 랭킹, idRegex=null, size=null, below=null, above=null, leftOf=null, rightOf=null, containsChild=null, containsDescendants=null, traits=null, index=null, enabled=null, optional=false, selected=null, checked=null, focused=null, childOf=null, css=null), notVisible=null, scriptCondition=null, label=null), timeout=null, label=null, optional=false)), logMessages=[], insight=Insight(message=, level=NONE), aiReasoning=null, labeledCommand=null)
03:09:35.806 [ INFO] maestro.cli.runner.MaestroCommandRunner.runCommands$lambda$11: Assert that "스토어 랭킹" is visible metadata CommandMetadata(numberOfRuns=null, evaluatedCommand=MaestroCommand(assertConditionCommand=AssertConditionCommand(condition=Condition(platform=null, visible=ElementSelector(textRegex=스토어 랭킹, idRegex=null, size=null, below=null, above=null, leftOf=null, rightOf=null, containsChild=null, containsDescendants=null, traits=null, index=null, enabled=null, optional=false, selected=null, checked=null, focused=null, childOf=null, css=null), notVisible=null, scriptCondition=null, label=null), timeout=null, label=null, optional=false)), logMessages=[], insight=Insight(message=, level=NONE), aiReasoning=null, labeledCommand=null)
03:09:35.811 [ INFO] maestro.cli.runner.MaestroCommandRunner.runCommands$lambda$2: Assert that "스토어 랭킹" is visible COMPLETED
03:09:35.812 [ INFO] maestro.cli.runner.MaestroCommandRunner.runCommands$lambda$0: Assert that "쇼핑몰 랭킹" is visible RUNNING
03:09:35.812 [ INFO] maestro.cli.runner.MaestroCommandRunner.runCommands$lambda$11: Assert that "쇼핑몰 랭킹" is visible metadata CommandMetadata(numberOfRuns=null, evaluatedCommand=MaestroCommand(assertConditionCommand=AssertConditionCommand(condition=Condition(platform=null, visible=ElementSelector(textRegex=쇼핑몰 랭킹, idRegex=null, size=null, below=null, above=null, leftOf=null, rightOf=null, containsChild=null, containsDescendants=null, traits=null, index=null, enabled=null, optional=false, selected=null, checked=null, focused=null, childOf=null, css=null), notVisible=null, scriptCondition=null, label=null), timeout=null, label=null, optional=false)), logMessages=[], insight=Insight(message=, level=NONE), aiReasoning=null, labeledCommand=null)
03:09:36.005 [ INFO] maestro.cli.runner.MaestroCommandRunner.runCommands$lambda$11: Assert that "쇼핑몰 랭킹" is visible metadata CommandMetadata(numberOfRuns=null, evaluatedCommand=MaestroCommand(assertConditionCommand=AssertConditionCommand(condition=Condition(platform=null, visible=ElementSelector(textRegex=쇼핑몰 랭킹, idRegex=null, size=null, below=null, above=null, leftOf=null, rightOf=null, containsChild=null, containsDescendants=null, traits=null, index=null, enabled=null, optional=false, selected=null, checked=null, focused=null, childOf=null, css=null), notVisible=null, scriptCondition=null, label=null), timeout=null, label=null, optional=false)), logMessages=[], insight=Insight(message=, level=NONE), aiReasoning=null, labeledCommand=null)
03:09:36.012 [ INFO] maestro.cli.runner.MaestroCommandRunner.runCommands$lambda$2: Assert that "쇼핑몰 랭킹" is visible COMPLETED
03:09:36.012 [ INFO] maestro.cli.runner.MaestroCommandRunner.runCommands$lambda$0: Assert that "셀러 랭킹 목록" is visible RUNNING
03:09:36.013 [ INFO] maestro.cli.runner.MaestroCommandRunner.runCommands$lambda$11: Assert that "셀러 랭킹 목록" is visible metadata CommandMetadata(numberOfRuns=null, evaluatedCommand=MaestroCommand(assertConditionCommand=AssertConditionCommand(condition=Condition(platform=null, visible=ElementSelector(textRegex=셀러 랭킹 목록, idRegex=null, size=null, below=null, above=null, leftOf=null, rightOf=null, containsChild=null, containsDescendants=null, traits=null, index=null, enabled=null, optional=false, selected=null, checked=null, focused=null, childOf=null, css=null), notVisible=null, scriptCondition=null, label=null), timeout=null, label=null, optional=false)), logMessages=[], insight=Insight(message=, level=NONE), aiReasoning=null, labeledCommand=null)
03:09:36.204 [ INFO] maestro.cli.runner.MaestroCommandRunner.runCommands$lambda$11: Assert that "셀러 랭킹 목록" is visible metadata CommandMetadata(numberOfRuns=null, evaluatedCommand=MaestroCommand(assertConditionCommand=AssertConditionCommand(condition=Condition(platform=null, visible=ElementSelector(textRegex=셀러 랭킹 목록, idRegex=null, size=null, below=null, above=null, leftOf=null, rightOf=null, containsChild=null, containsDescendants=null, traits=null, index=null, enabled=null, optional=false, selected=null, checked=null, focused=null, childOf=null, css=null), notVisible=null, scriptCondition=null, label=null), timeout=null, label=null, optional=false)), logMessages=[], insight=Insight(message=, level=NONE), aiReasoning=null, labeledCommand=null)
03:09:36.217 [ INFO] maestro.cli.runner.MaestroCommandRunner.runCommands$lambda$2: Assert that "셀러 랭킹 목록" is visible COMPLETED
03:09:36.217 [ INFO] maestro.cli.runner.MaestroCommandRunner.runCommands$lambda$0: Take screenshot 02-search-tab-ranking-loaded RUNNING
03:09:36.218 [ INFO] maestro.cli.runner.MaestroCommandRunner.runCommands$lambda$11: Take screenshot 02-search-tab-ranking-loaded metadata CommandMetadata(numberOfRuns=null, evaluatedCommand=MaestroCommand(takeScreenshotCommand=TakeScreenshotCommand(path=02-search-tab-ranking-loaded, cropOn=null, label=null, optional=false)), logMessages=[], insight=Insight(message=, level=NONE), aiReasoning=null, labeledCommand=null)
03:09:36.220 [ INFO] maestro.Maestro.takeScreenshot: Taking screenshot
03:09:36.220 [TRACE] maestro.utils.ScreenshotUtils.takeScreenshot: Taking screenshot to output sink
03:09:36.349 [ INFO] maestro.cli.runner.MaestroCommandRunner.runCommands$lambda$2: Take screenshot 02-search-tab-ranking-loaded COMPLETED
03:09:36.350 [ INFO] maestro.cli.runner.MaestroCommandRunner.runCommands$lambda$0: Assert that "Home 탭" is visible RUNNING
03:09:36.351 [ INFO] maestro.cli.runner.MaestroCommandRunner.runCommands$lambda$11: Assert that "Home 탭" is visible metadata CommandMetadata(numberOfRuns=null, evaluatedCommand=MaestroCommand(assertConditionCommand=AssertConditionCommand(condition=Condition(platform=null, visible=ElementSelector(textRegex=Home 탭, idRegex=null, size=null, below=null, above=null, leftOf=null, rightOf=null, containsChild=null, containsDescendants=null, traits=null, index=null, enabled=null, optional=false, selected=null, checked=null, focused=null, childOf=null, css=null), notVisible=null, scriptCondition=null, label=null), timeout=null, label=null, optional=false)), logMessages=[], insight=Insight(message=, level=NONE), aiReasoning=null, labeledCommand=null)
03:09:36.652 [ INFO] maestro.cli.runner.MaestroCommandRunner.runCommands$lambda$11: Assert that "Home 탭" is visible metadata CommandMetadata(numberOfRuns=null, evaluatedCommand=MaestroCommand(assertConditionCommand=AssertConditionCommand(condition=Condition(platform=null, visible=ElementSelector(textRegex=Home 탭, idRegex=null, size=null, below=null, above=null, leftOf=null, rightOf=null, containsChild=null, containsDescendants=null, traits=null, index=null, enabled=null, optional=false, selected=null, checked=null, focused=null, childOf=null, css=null), notVisible=null, scriptCondition=null, label=null), timeout=null, label=null, optional=false)), logMessages=[], insight=Insight(message=, level=NONE), aiReasoning=null, labeledCommand=null)
03:09:36.668 [ INFO] maestro.cli.runner.MaestroCommandRunner.runCommands$lambda$2: Assert that "Home 탭" is visible COMPLETED
03:09:36.669 [ INFO] maestro.cli.runner.MaestroCommandRunner.runCommands$lambda$0: Assert that "Search 탭" is visible RUNNING
03:09:36.670 [ INFO] maestro.cli.runner.MaestroCommandRunner.runCommands$lambda$11: Assert that "Search 탭" is visible metadata CommandMetadata(numberOfRuns=null, evaluatedCommand=MaestroCommand(assertConditionCommand=AssertConditionCommand(condition=Condition(platform=null, visible=ElementSelector(textRegex=Search 탭, idRegex=null, size=null, below=null, above=null, leftOf=null, rightOf=null, containsChild=null, containsDescendants=null, traits=null, index=null, enabled=null, optional=false, selected=null, checked=null, focused=null, childOf=null, css=null), notVisible=null, scriptCondition=null, label=null), timeout=null, label=null, optional=false)), logMessages=[], insight=Insight(message=, level=NONE), aiReasoning=null, labeledCommand=null)
03:09:36.873 [ INFO] maestro.cli.runner.MaestroCommandRunner.runCommands$lambda$11: Assert that "Search 탭" is visible metadata CommandMetadata(numberOfRuns=null, evaluatedCommand=MaestroCommand(assertConditionCommand=AssertConditionCommand(condition=Condition(platform=null, visible=ElementSelector(textRegex=Search 탭, idRegex=null, size=null, below=null, above=null, leftOf=null, rightOf=null, containsChild=null, containsDescendants=null, traits=null, index=null, enabled=null, optional=false, selected=null, checked=null, focused=null, childOf=null, css=null), notVisible=null, scriptCondition=null, label=null), timeout=null, label=null, optional=false)), logMessages=[], insight=Insight(message=, level=NONE), aiReasoning=null, labeledCommand=null)
03:09:36.880 [ INFO] maestro.cli.runner.MaestroCommandRunner.runCommands$lambda$2: Assert that "Search 탭" is visible COMPLETED
03:09:36.881 [ INFO] maestro.cli.runner.MaestroCommandRunner.runCommands$lambda$0: Assert that "Submit 탭" is visible RUNNING
03:09:36.881 [ INFO] maestro.cli.runner.MaestroCommandRunner.runCommands$lambda$11: Assert that "Submit 탭" is visible metadata CommandMetadata(numberOfRuns=null, evaluatedCommand=MaestroCommand(assertConditionCommand=AssertConditionCommand(condition=Condition(platform=null, visible=ElementSelector(textRegex=Submit 탭, idRegex=null, size=null, below=null, above=null, leftOf=null, rightOf=null, containsChild=null, containsDescendants=null, traits=null, index=null, enabled=null, optional=false, selected=null, checked=null, focused=null, childOf=null, css=null), notVisible=null, scriptCondition=null, label=null), timeout=null, label=null, optional=false)), logMessages=[], insight=Insight(message=, level=NONE), aiReasoning=null, labeledCommand=null)
03:09:37.085 [ INFO] maestro.cli.runner.MaestroCommandRunner.runCommands$lambda$11: Assert that "Submit 탭" is visible metadata CommandMetadata(numberOfRuns=null, evaluatedCommand=MaestroCommand(assertConditionCommand=AssertConditionCommand(condition=Condition(platform=null, visible=ElementSelector(textRegex=Submit 탭, idRegex=null, size=null, below=null, above=null, leftOf=null, rightOf=null, containsChild=null, containsDescendants=null, traits=null, index=null, enabled=null, optional=false, selected=null, checked=null, focused=null, childOf=null, css=null), notVisible=null, scriptCondition=null, label=null), timeout=null, label=null, optional=false)), logMessages=[], insight=Insight(message=, level=NONE), aiReasoning=null, labeledCommand=null)
03:09:37.095 [ INFO] maestro.cli.runner.MaestroCommandRunner.runCommands$lambda$2: Assert that "Submit 탭" is visible COMPLETED
03:09:37.096 [ INFO] maestro.cli.runner.MaestroCommandRunner.runCommands$lambda$0: Assert that "Community 탭" is visible RUNNING
03:09:37.097 [ INFO] maestro.cli.runner.MaestroCommandRunner.runCommands$lambda$11: Assert that "Community 탭" is visible metadata CommandMetadata(numberOfRuns=null, evaluatedCommand=MaestroCommand(assertConditionCommand=AssertConditionCommand(condition=Condition(platform=null, visible=ElementSelector(textRegex=Community 탭, idRegex=null, size=null, below=null, above=null, leftOf=null, rightOf=null, containsChild=null, containsDescendants=null, traits=null, index=null, enabled=null, optional=false, selected=null, checked=null, focused=null, childOf=null, css=null), notVisible=null, scriptCondition=null, label=null), timeout=null, label=null, optional=false)), logMessages=[], insight=Insight(message=, level=NONE), aiReasoning=null, labeledCommand=null)
03:09:37.324 [ INFO] maestro.cli.runner.MaestroCommandRunner.runCommands$lambda$11: Assert that "Community 탭" is visible metadata CommandMetadata(numberOfRuns=null, evaluatedCommand=MaestroCommand(assertConditionCommand=AssertConditionCommand(condition=Condition(platform=null, visible=ElementSelector(textRegex=Community 탭, idRegex=null, size=null, below=null, above=null, leftOf=null, rightOf=null, containsChild=null, containsDescendants=null, traits=null, index=null, enabled=null, optional=false, selected=null, checked=null, focused=null, childOf=null, css=null), notVisible=null, scriptCondition=null, label=null), timeout=null, label=null, optional=false)), logMessages=[], insight=Insight(message=, level=NONE), aiReasoning=null, labeledCommand=null)
03:09:37.331 [ INFO] maestro.cli.runner.MaestroCommandRunner.runCommands$lambda$2: Assert that "Community 탭" is visible COMPLETED
03:09:37.332 [ INFO] maestro.cli.runner.MaestroCommandRunner.runCommands$lambda$0: Assert that "MyPage 탭" is visible RUNNING
03:09:37.332 [ INFO] maestro.cli.runner.MaestroCommandRunner.runCommands$lambda$11: Assert that "MyPage 탭" is visible metadata CommandMetadata(numberOfRuns=null, evaluatedCommand=MaestroCommand(assertConditionCommand=AssertConditionCommand(condition=Condition(platform=null, visible=ElementSelector(textRegex=MyPage 탭, idRegex=null, size=null, below=null, above=null, leftOf=null, rightOf=null, containsChild=null, containsDescendants=null, traits=null, index=null, enabled=null, optional=false, selected=null, checked=null, focused=null, childOf=null, css=null), notVisible=null, scriptCondition=null, label=null), timeout=null, label=null, optional=false)), logMessages=[], insight=Insight(message=, level=NONE), aiReasoning=null, labeledCommand=null)
03:09:37.529 [ INFO] maestro.cli.runner.MaestroCommandRunner.runCommands$lambda$11: Assert that "MyPage 탭" is visible metadata CommandMetadata(numberOfRuns=null, evaluatedCommand=MaestroCommand(assertConditionCommand=AssertConditionCommand(condition=Condition(platform=null, visible=ElementSelector(textRegex=MyPage 탭, idRegex=null, size=null, below=null, above=null, leftOf=null, rightOf=null, containsChild=null, containsDescendants=null, traits=null, index=null, enabled=null, optional=false, selected=null, checked=null, focused=null, childOf=null, css=null), notVisible=null, scriptCondition=null, label=null), timeout=null, label=null, optional=false)), logMessages=[], insight=Insight(message=, level=NONE), aiReasoning=null, labeledCommand=null)
03:09:37.537 [ INFO] maestro.cli.runner.MaestroCommandRunner.runCommands$lambda$2: Assert that "MyPage 탭" is visible COMPLETED
03:09:37.538 [ INFO] maestro.cli.runner.MaestroCommandRunner.runCommands$lambda$0: Tap on "팔로잉 셀러 탭" RUNNING
03:09:37.539 [ INFO] maestro.cli.runner.MaestroCommandRunner.runCommands$lambda$11: Tap on "팔로잉 셀러 탭" metadata CommandMetadata(numberOfRuns=null, evaluatedCommand=MaestroCommand(tapOnElementCommand=TapOnElementCommand(selector=ElementSelector(textRegex=팔로잉 셀러 탭, idRegex=null, size=null, below=null, above=null, leftOf=null, rightOf=null, containsChild=null, containsDescendants=null, traits=null, index=null, enabled=null, optional=false, selected=null, checked=null, focused=null, childOf=null, css=null), retryIfNoChange=false, waitUntilVisible=false, longPress=false, repeat=null, waitToSettleTimeoutMs=null, relativePoint=null, label=null, optional=false)), logMessages=[], insight=Insight(message=, level=NONE), aiReasoning=null, labeledCommand=null)
03:09:37.738 [ INFO] maestro.cli.runner.MaestroCommandRunner.runCommands$lambda$11: Tap on "팔로잉 셀러 탭" metadata CommandMetadata(numberOfRuns=null, evaluatedCommand=MaestroCommand(tapOnElementCommand=TapOnElementCommand(selector=ElementSelector(textRegex=팔로잉 셀러 탭, idRegex=null, size=null, below=null, above=null, leftOf=null, rightOf=null, containsChild=null, containsDescendants=null, traits=null, index=null, enabled=null, optional=false, selected=null, checked=null, focused=null, childOf=null, css=null), retryIfNoChange=false, waitUntilVisible=false, longPress=false, repeat=null, waitToSettleTimeoutMs=null, relativePoint=null, label=null, optional=false)), logMessages=[], insight=Insight(message=, level=NONE), aiReasoning=null, labeledCommand=null)
03:09:37.744 [ INFO] maestro.Maestro.tap-HgV9Ck0: Tapping on element:  UiElement(treeNode=TreeNode(attributes={accessibilityText=팔로잉 셀러 탭, title=, value=, text=, hintText=, resource-id=, bounds=[222,196][420,238], enabled=true, focused=false, selected=false, checked=false}, children=[], clickable=null, enabled=true, focused=false, checked=false, selected=false), bounds=Bounds(x=222, y=196, width=198, height=42))
03:09:37.745 [ INFO] device.IOSDevice.invoke-F9mIFpk: Waiting for animation to end with timeout 3000
03:09:37.994 [ INFO] maestro.Maestro.tap-HgV9Ck0: Refreshed element
03:09:37.995 [ INFO] maestro.Maestro.screenshotBasedTap-ogj28Uc: Try tapping at (321, 217) using hierarchy based logic for wait
03:09:37.996 [TRACE] maestro.utils.ScreenshotUtils.takeScreenshot: Taking screenshot to byte array
03:09:37.996 [TRACE] maestro.utils.ScreenshotUtils.takeScreenshot: Taking screenshot to output sink
03:09:38.540 [ INFO] device.IOSDevice.invoke-F9mIFpk: Waiting for animation to end with timeout 3000
03:09:38.780 [ INFO] maestro.Maestro.screenshotBasedTap-ogj28Uc: Something have changed in the UI judging by view hierarchy. Proceed.
03:09:38.781 [ INFO] maestro.cli.runner.MaestroCommandRunner.runCommands$lambda$2: Tap on "팔로잉 셀러 탭" COMPLETED
03:09:38.782 [ INFO] maestro.cli.runner.MaestroCommandRunner.runCommands$lambda$0: Wait for animation to end RUNNING
03:09:38.783 [ INFO] maestro.cli.runner.MaestroCommandRunner.runCommands$lambda$11: Wait for animation to end metadata CommandMetadata(numberOfRuns=null, evaluatedCommand=MaestroCommand(waitForAnimationToEndCommand=WaitForAnimationToEndCommand(timeout=null, label=null, optional=false)), logMessages=[], insight=Insight(message=, level=NONE), aiReasoning=null, labeledCommand=null)
03:09:38.784 [ INFO] maestro.Maestro.waitForAnimationToEnd$lambda$51: Waiting for animation to end with timeout 15000
03:09:38.784 [TRACE] maestro.utils.ScreenshotUtils.takeScreenshot: Taking screenshot to byte array
03:09:38.785 [TRACE] maestro.utils.ScreenshotUtils.takeScreenshot: Taking screenshot to output sink
03:09:39.017 [TRACE] maestro.utils.ScreenshotUtils.takeScreenshot: Taking screenshot to byte array
03:09:39.017 [TRACE] maestro.utils.ScreenshotUtils.takeScreenshot: Taking screenshot to output sink
03:09:39.576 [ INFO] maestro.cli.runner.MaestroCommandRunner.runCommands$lambda$2: Wait for animation to end COMPLETED
03:09:39.578 [ INFO] maestro.cli.runner.MaestroCommandRunner.runCommands$lambda$0: Wait for animation to end RUNNING
03:09:39.579 [ INFO] maestro.cli.runner.MaestroCommandRunner.runCommands$lambda$11: Wait for animation to end metadata CommandMetadata(numberOfRuns=null, evaluatedCommand=MaestroCommand(waitForAnimationToEndCommand=WaitForAnimationToEndCommand(timeout=null, label=null, optional=false)), logMessages=[], insight=Insight(message=, level=NONE), aiReasoning=null, labeledCommand=null)
03:09:39.581 [ INFO] maestro.Maestro.waitForAnimationToEnd$lambda$51: Waiting for animation to end with timeout 15000
03:09:39.582 [TRACE] maestro.utils.ScreenshotUtils.takeScreenshot: Taking screenshot to byte array
03:09:39.582 [TRACE] maestro.utils.ScreenshotUtils.takeScreenshot: Taking screenshot to output sink
03:09:39.803 [TRACE] maestro.utils.ScreenshotUtils.takeScreenshot: Taking screenshot to byte array
03:09:39.803 [TRACE] maestro.utils.ScreenshotUtils.takeScreenshot: Taking screenshot to output sink
03:09:40.296 [ INFO] maestro.cli.runner.MaestroCommandRunner.runCommands$lambda$2: Wait for animation to end COMPLETED
03:09:40.296 [ INFO] maestro.cli.runner.MaestroCommandRunner.runCommands$lambda$0: Take screenshot 03-following-sellers RUNNING
03:09:40.297 [ INFO] maestro.cli.runner.MaestroCommandRunner.runCommands$lambda$11: Take screenshot 03-following-sellers metadata CommandMetadata(numberOfRuns=null, evaluatedCommand=MaestroCommand(takeScreenshotCommand=TakeScreenshotCommand(path=03-following-sellers, cropOn=null, label=null, optional=false)), logMessages=[], insight=Insight(message=, level=NONE), aiReasoning=null, labeledCommand=null)
03:09:40.298 [ INFO] maestro.Maestro.takeScreenshot: Taking screenshot
03:09:40.298 [TRACE] maestro.utils.ScreenshotUtils.takeScreenshot: Taking screenshot to output sink
03:09:40.439 [ INFO] maestro.cli.runner.MaestroCommandRunner.runCommands$lambda$2: Take screenshot 03-following-sellers COMPLETED
03:09:40.439 [ INFO] maestro.cli.runner.MaestroCommandRunner.runCommands$lambda$0: Tap on "랭킹 탭" RUNNING
03:09:40.439 [ INFO] maestro.cli.runner.MaestroCommandRunner.runCommands$lambda$11: Tap on "랭킹 탭" metadata CommandMetadata(numberOfRuns=null, evaluatedCommand=MaestroCommand(tapOnElementCommand=TapOnElementCommand(selector=ElementSelector(textRegex=랭킹 탭, idRegex=null, size=null, below=null, above=null, leftOf=null, rightOf=null, containsChild=null, containsDescendants=null, traits=null, index=null, enabled=null, optional=false, selected=null, checked=null, focused=null, childOf=null, css=null), retryIfNoChange=false, waitUntilVisible=false, longPress=false, repeat=null, waitToSettleTimeoutMs=null, relativePoint=null, label=null, optional=false)), logMessages=[], insight=Insight(message=, level=NONE), aiReasoning=null, labeledCommand=null)
03:09:40.672 [ INFO] maestro.cli.runner.MaestroCommandRunner.runCommands$lambda$11: Tap on "랭킹 탭" metadata CommandMetadata(numberOfRuns=null, evaluatedCommand=MaestroCommand(tapOnElementCommand=TapOnElementCommand(selector=ElementSelector(textRegex=랭킹 탭, idRegex=null, size=null, below=null, above=null, leftOf=null, rightOf=null, containsChild=null, containsDescendants=null, traits=null, index=null, enabled=null, optional=false, selected=null, checked=null, focused=null, childOf=null, css=null), retryIfNoChange=false, waitUntilVisible=false, longPress=false, repeat=null, waitToSettleTimeoutMs=null, relativePoint=null, label=null, optional=false)), logMessages=[], insight=Insight(message=, level=NONE), aiReasoning=null, labeledCommand=null)
03:09:40.680 [ INFO] maestro.Maestro.tap-HgV9Ck0: Tapping on element:  UiElement(treeNode=TreeNode(attributes={accessibilityText=랭킹 탭, title=, value=, text=, hintText=, resource-id=, bounds=[20,196][218,238], enabled=true, focused=false, selected=false, checked=false}, children=[], clickable=null, enabled=true, focused=false, checked=false, selected=false), bounds=Bounds(x=20, y=196, width=198, height=42))
03:09:40.681 [ INFO] device.IOSDevice.invoke-F9mIFpk: Waiting for animation to end with timeout 3000
03:09:41.162 [ INFO] maestro.Maestro.tap-HgV9Ck0: Refreshed element
03:09:41.163 [ INFO] maestro.Maestro.screenshotBasedTap-ogj28Uc: Try tapping at (119, 217) using hierarchy based logic for wait
03:09:41.164 [TRACE] maestro.utils.ScreenshotUtils.takeScreenshot: Taking screenshot to byte array
03:09:41.165 [TRACE] maestro.utils.ScreenshotUtils.takeScreenshot: Taking screenshot to output sink
03:09:41.707 [ INFO] device.IOSDevice.invoke-F9mIFpk: Waiting for animation to end with timeout 3000
03:09:41.965 [ INFO] maestro.Maestro.screenshotBasedTap-ogj28Uc: Something have changed in the UI judging by view hierarchy. Proceed.
03:09:41.966 [ INFO] maestro.cli.runner.MaestroCommandRunner.runCommands$lambda$2: Tap on "랭킹 탭" COMPLETED
03:09:41.967 [ INFO] maestro.cli.runner.MaestroCommandRunner.runCommands$lambda$0: Wait for animation to end RUNNING
03:09:41.968 [ INFO] maestro.cli.runner.MaestroCommandRunner.runCommands$lambda$11: Wait for animation to end metadata CommandMetadata(numberOfRuns=null, evaluatedCommand=MaestroCommand(waitForAnimationToEndCommand=WaitForAnimationToEndCommand(timeout=null, label=null, optional=false)), logMessages=[], insight=Insight(message=, level=NONE), aiReasoning=null, labeledCommand=null)
03:09:41.969 [ INFO] maestro.Maestro.waitForAnimationToEnd$lambda$51: Waiting for animation to end with timeout 15000
03:09:41.969 [TRACE] maestro.utils.ScreenshotUtils.takeScreenshot: Taking screenshot to byte array
03:09:41.970 [TRACE] maestro.utils.ScreenshotUtils.takeScreenshot: Taking screenshot to output sink
03:09:42.175 [TRACE] maestro.utils.ScreenshotUtils.takeScreenshot: Taking screenshot to byte array
03:09:42.175 [TRACE] maestro.utils.ScreenshotUtils.takeScreenshot: Taking screenshot to output sink
03:09:42.666 [ INFO] maestro.cli.runner.MaestroCommandRunner.runCommands$lambda$2: Wait for animation to end COMPLETED
03:09:42.666 [ INFO] maestro.cli.runner.MaestroCommandRunner.runCommands$lambda$0: Wait for animation to end RUNNING
03:09:42.666 [ INFO] maestro.cli.runner.MaestroCommandRunner.runCommands$lambda$11: Wait for animation to end metadata CommandMetadata(numberOfRuns=null, evaluatedCommand=MaestroCommand(waitForAnimationToEndCommand=WaitForAnimationToEndCommand(timeout=null, label=null, optional=false)), logMessages=[], insight=Insight(message=, level=NONE), aiReasoning=null, labeledCommand=null)
03:09:42.667 [ INFO] maestro.Maestro.waitForAnimationToEnd$lambda$51: Waiting for animation to end with timeout 15000
03:09:42.667 [TRACE] maestro.utils.ScreenshotUtils.takeScreenshot: Taking screenshot to byte array
03:09:42.667 [TRACE] maestro.utils.ScreenshotUtils.takeScreenshot: Taking screenshot to output sink
03:09:42.885 [TRACE] maestro.utils.ScreenshotUtils.takeScreenshot: Taking screenshot to byte array
03:09:42.885 [TRACE] maestro.utils.ScreenshotUtils.takeScreenshot: Taking screenshot to output sink
03:09:43.318 [ INFO] maestro.cli.runner.MaestroCommandRunner.runCommands$lambda$2: Wait for animation to end COMPLETED
03:09:43.318 [ INFO] maestro.cli.runner.MaestroCommandRunner.runCommands$lambda$0: Tap on "이번 달 랭킹 기간" RUNNING
03:09:43.319 [ INFO] maestro.cli.runner.MaestroCommandRunner.runCommands$lambda$11: Tap on "이번 달 랭킹 기간" metadata CommandMetadata(numberOfRuns=null, evaluatedCommand=MaestroCommand(tapOnElementCommand=TapOnElementCommand(selector=ElementSelector(textRegex=이번 달 랭킹 기간, idRegex=null, size=null, below=null, above=null, leftOf=null, rightOf=null, containsChild=null, containsDescendants=null, traits=null, index=null, enabled=null, optional=false, selected=null, checked=null, focused=null, childOf=null, css=null), retryIfNoChange=false, waitUntilVisible=false, longPress=false, repeat=null, waitToSettleTimeoutMs=null, relativePoint=null, label=null, optional=false)), logMessages=[], insight=Insight(message=, level=NONE), aiReasoning=null, labeledCommand=null)
03:09:43.528 [ INFO] maestro.cli.runner.MaestroCommandRunner.runCommands$lambda$11: Tap on "이번 달 랭킹 기간" metadata CommandMetadata(numberOfRuns=null, evaluatedCommand=MaestroCommand(tapOnElementCommand=TapOnElementCommand(selector=ElementSelector(textRegex=이번 달 랭킹 기간, idRegex=null, size=null, below=null, above=null, leftOf=null, rightOf=null, containsChild=null, containsDescendants=null, traits=null, index=null, enabled=null, optional=false, selected=null, checked=null, focused=null, childOf=null, css=null), retryIfNoChange=false, waitUntilVisible=false, longPress=false, repeat=null, waitToSettleTimeoutMs=null, relativePoint=null, label=null, optional=false)), logMessages=[], insight=Insight(message=, level=NONE), aiReasoning=null, labeledCommand=null)
03:09:43.533 [ INFO] maestro.Maestro.tap-HgV9Ck0: Tapping on element:  UiElement(treeNode=TreeNode(attributes={accessibilityText=이번 달 랭킹 기간, title=, value=, text=, hintText=, resource-id=, bounds=[139,254][199,286], enabled=true, focused=false, selected=false, checked=false}, children=[], clickable=null, enabled=true, focused=false, checked=false, selected=false), bounds=Bounds(x=139, y=254, width=60, height=32))
03:09:43.534 [ INFO] device.IOSDevice.invoke-F9mIFpk: Waiting for animation to end with timeout 3000
03:09:43.773 [ INFO] maestro.Maestro.tap-HgV9Ck0: Refreshed element
03:09:43.774 [ INFO] maestro.Maestro.screenshotBasedTap-ogj28Uc: Try tapping at (169, 270) using hierarchy based logic for wait
03:09:43.775 [TRACE] maestro.utils.ScreenshotUtils.takeScreenshot: Taking screenshot to byte array
03:09:43.775 [TRACE] maestro.utils.ScreenshotUtils.takeScreenshot: Taking screenshot to output sink
03:09:44.306 [ INFO] device.IOSDevice.invoke-F9mIFpk: Waiting for animation to end with timeout 3000
03:09:44.563 [ INFO] maestro.Maestro.screenshotBasedTap-ogj28Uc: Something have changed in the UI judging by view hierarchy. Proceed.
03:09:44.563 [ INFO] maestro.cli.runner.MaestroCommandRunner.runCommands$lambda$2: Tap on "이번 달 랭킹 기간" COMPLETED
03:09:44.564 [ INFO] maestro.cli.runner.MaestroCommandRunner.runCommands$lambda$0: Wait for animation to end RUNNING
03:09:44.565 [ INFO] maestro.cli.runner.MaestroCommandRunner.runCommands$lambda$11: Wait for animation to end metadata CommandMetadata(numberOfRuns=null, evaluatedCommand=MaestroCommand(waitForAnimationToEndCommand=WaitForAnimationToEndCommand(timeout=null, label=null, optional=false)), logMessages=[], insight=Insight(message=, level=NONE), aiReasoning=null, labeledCommand=null)
03:09:44.566 [ INFO] maestro.Maestro.waitForAnimationToEnd$lambda$51: Waiting for animation to end with timeout 15000
03:09:44.566 [TRACE] maestro.utils.ScreenshotUtils.takeScreenshot: Taking screenshot to byte array
03:09:44.566 [TRACE] maestro.utils.ScreenshotUtils.takeScreenshot: Taking screenshot to output sink
03:09:44.768 [TRACE] maestro.utils.ScreenshotUtils.takeScreenshot: Taking screenshot to byte array
03:09:44.768 [TRACE] maestro.utils.ScreenshotUtils.takeScreenshot: Taking screenshot to output sink
03:09:45.203 [ INFO] maestro.cli.runner.MaestroCommandRunner.runCommands$lambda$2: Wait for animation to end COMPLETED
03:09:45.203 [ INFO] maestro.cli.runner.MaestroCommandRunner.runCommands$lambda$0: Wait for animation to end RUNNING
03:09:45.203 [ INFO] maestro.cli.runner.MaestroCommandRunner.runCommands$lambda$11: Wait for animation to end metadata CommandMetadata(numberOfRuns=null, evaluatedCommand=MaestroCommand(waitForAnimationToEndCommand=WaitForAnimationToEndCommand(timeout=null, label=null, optional=false)), logMessages=[], insight=Insight(message=, level=NONE), aiReasoning=null, labeledCommand=null)
03:09:45.204 [ INFO] maestro.Maestro.waitForAnimationToEnd$lambda$51: Waiting for animation to end with timeout 15000
03:09:45.204 [TRACE] maestro.utils.ScreenshotUtils.takeScreenshot: Taking screenshot to byte array
03:09:45.204 [TRACE] maestro.utils.ScreenshotUtils.takeScreenshot: Taking screenshot to output sink
03:09:45.442 [TRACE] maestro.utils.ScreenshotUtils.takeScreenshot: Taking screenshot to byte array
03:09:45.442 [TRACE] maestro.utils.ScreenshotUtils.takeScreenshot: Taking screenshot to output sink
03:09:45.912 [ INFO] maestro.cli.runner.MaestroCommandRunner.runCommands$lambda$2: Wait for animation to end COMPLETED
03:09:45.912 [ INFO] maestro.cli.runner.MaestroCommandRunner.runCommands$lambda$0: Take screenshot 04-ranking-monthly RUNNING
03:09:45.912 [ INFO] maestro.cli.runner.MaestroCommandRunner.runCommands$lambda$11: Take screenshot 04-ranking-monthly metadata CommandMetadata(numberOfRuns=null, evaluatedCommand=MaestroCommand(takeScreenshotCommand=TakeScreenshotCommand(path=04-ranking-monthly, cropOn=null, label=null, optional=false)), logMessages=[], insight=Insight(message=, level=NONE), aiReasoning=null, labeledCommand=null)
03:09:45.913 [ INFO] maestro.Maestro.takeScreenshot: Taking screenshot
03:09:45.913 [TRACE] maestro.utils.ScreenshotUtils.takeScreenshot: Taking screenshot to output sink
03:09:46.051 [ INFO] maestro.cli.runner.MaestroCommandRunner.runCommands$lambda$2: Take screenshot 04-ranking-monthly COMPLETED
03:09:46.051 [ INFO] maestro.cli.runner.MaestroCommandRunner.runCommands$lambda$0: Tap on "마감임박 정렬" RUNNING
03:09:46.051 [ INFO] maestro.cli.runner.MaestroCommandRunner.runCommands$lambda$11: Tap on "마감임박 정렬" metadata CommandMetadata(numberOfRuns=null, evaluatedCommand=MaestroCommand(tapOnElementCommand=TapOnElementCommand(selector=ElementSelector(textRegex=마감임박 정렬, idRegex=null, size=null, below=null, above=null, leftOf=null, rightOf=null, containsChild=null, containsDescendants=null, traits=null, index=null, enabled=null, optional=false, selected=null, checked=null, focused=null, childOf=null, css=null), retryIfNoChange=false, waitUntilVisible=false, longPress=false, repeat=null, waitToSettleTimeoutMs=null, relativePoint=null, label=null, optional=false)), logMessages=[], insight=Insight(message=, level=NONE), aiReasoning=null, labeledCommand=null)
03:09:46.287 [ INFO] maestro.cli.runner.MaestroCommandRunner.runCommands$lambda$11: Tap on "마감임박 정렬" metadata CommandMetadata(numberOfRuns=null, evaluatedCommand=MaestroCommand(tapOnElementCommand=TapOnElementCommand(selector=ElementSelector(textRegex=마감임박 정렬, idRegex=null, size=null, below=null, above=null, leftOf=null, rightOf=null, containsChild=null, containsDescendants=null, traits=null, index=null, enabled=null, optional=false, selected=null, checked=null, focused=null, childOf=null, css=null), retryIfNoChange=false, waitUntilVisible=false, longPress=false, repeat=null, waitToSettleTimeoutMs=null, relativePoint=null, label=null, optional=false)), logMessages=[], insight=Insight(message=, level=NONE), aiReasoning=null, labeledCommand=null)
03:09:46.294 [ INFO] maestro.Maestro.tap-HgV9Ck0: Tapping on element:  UiElement(treeNode=TreeNode(attributes={accessibilityText=마감임박 정렬, title=, value=, text=, hintText=, resource-id=, bounds=[252,346][319,378], enabled=true, focused=false, selected=false, checked=false}, children=[], clickable=null, enabled=true, focused=false, checked=false, selected=false), bounds=Bounds(x=252, y=346, width=67, height=32))
03:09:46.295 [ INFO] device.IOSDevice.invoke-F9mIFpk: Waiting for animation to end with timeout 3000
03:09:46.536 [ INFO] maestro.Maestro.tap-HgV9Ck0: Refreshed element
03:09:46.537 [ INFO] maestro.Maestro.screenshotBasedTap-ogj28Uc: Try tapping at (285, 362) using hierarchy based logic for wait
03:09:46.538 [TRACE] maestro.utils.ScreenshotUtils.takeScreenshot: Taking screenshot to byte array
03:09:46.538 [TRACE] maestro.utils.ScreenshotUtils.takeScreenshot: Taking screenshot to output sink
03:09:47.073 [ INFO] device.IOSDevice.invoke-F9mIFpk: Waiting for animation to end with timeout 3000
03:09:47.320 [ INFO] maestro.Maestro.screenshotBasedTap-ogj28Uc: Something have changed in the UI judging by view hierarchy. Proceed.
03:09:47.320 [ INFO] maestro.cli.runner.MaestroCommandRunner.runCommands$lambda$2: Tap on "마감임박 정렬" COMPLETED
03:09:47.321 [ INFO] maestro.cli.runner.MaestroCommandRunner.runCommands$lambda$0: Wait for animation to end RUNNING
03:09:47.323 [ INFO] maestro.cli.runner.MaestroCommandRunner.runCommands$lambda$11: Wait for animation to end metadata CommandMetadata(numberOfRuns=null, evaluatedCommand=MaestroCommand(waitForAnimationToEndCommand=WaitForAnimationToEndCommand(timeout=null, label=null, optional=false)), logMessages=[], insight=Insight(message=, level=NONE), aiReasoning=null, labeledCommand=null)
03:09:47.324 [ INFO] maestro.Maestro.waitForAnimationToEnd$lambda$51: Waiting for animation to end with timeout 15000
03:09:47.325 [TRACE] maestro.utils.ScreenshotUtils.takeScreenshot: Taking screenshot to byte array
03:09:47.325 [TRACE] maestro.utils.ScreenshotUtils.takeScreenshot: Taking screenshot to output sink
03:09:47.522 [TRACE] maestro.utils.ScreenshotUtils.takeScreenshot: Taking screenshot to byte array
03:09:47.522 [TRACE] maestro.utils.ScreenshotUtils.takeScreenshot: Taking screenshot to output sink
03:09:48.134 [ INFO] maestro.cli.runner.MaestroCommandRunner.runCommands$lambda$2: Wait for animation to end COMPLETED
03:09:48.135 [ INFO] maestro.cli.runner.MaestroCommandRunner.runCommands$lambda$0: Wait for animation to end RUNNING
03:09:48.135 [ INFO] maestro.cli.runner.MaestroCommandRunner.runCommands$lambda$11: Wait for animation to end metadata CommandMetadata(numberOfRuns=null, evaluatedCommand=MaestroCommand(waitForAnimationToEndCommand=WaitForAnimationToEndCommand(timeout=null, label=null, optional=false)), logMessages=[], insight=Insight(message=, level=NONE), aiReasoning=null, labeledCommand=null)
03:09:48.136 [ INFO] maestro.Maestro.waitForAnimationToEnd$lambda$51: Waiting for animation to end with timeout 15000
03:09:48.136 [TRACE] maestro.utils.ScreenshotUtils.takeScreenshot: Taking screenshot to byte array
03:09:48.136 [TRACE] maestro.utils.ScreenshotUtils.takeScreenshot: Taking screenshot to output sink
03:09:48.330 [TRACE] maestro.utils.ScreenshotUtils.takeScreenshot: Taking screenshot to byte array
03:09:48.330 [TRACE] maestro.utils.ScreenshotUtils.takeScreenshot: Taking screenshot to output sink
03:09:48.761 [ INFO] maestro.cli.runner.MaestroCommandRunner.runCommands$lambda$2: Wait for animation to end COMPLETED
03:09:48.761 [ INFO] maestro.cli.runner.MaestroCommandRunner.runCommands$lambda$0: Take screenshot 05-ranking-deadline-soon RUNNING
03:09:48.762 [ INFO] maestro.cli.runner.MaestroCommandRunner.runCommands$lambda$11: Take screenshot 05-ranking-deadline-soon metadata CommandMetadata(numberOfRuns=null, evaluatedCommand=MaestroCommand(takeScreenshotCommand=TakeScreenshotCommand(path=05-ranking-deadline-soon, cropOn=null, label=null, optional=false)), logMessages=[], insight=Insight(message=, level=NONE), aiReasoning=null, labeledCommand=null)
03:09:48.762 [ INFO] maestro.Maestro.takeScreenshot: Taking screenshot
03:09:48.763 [TRACE] maestro.utils.ScreenshotUtils.takeScreenshot: Taking screenshot to output sink
03:09:48.928 [ INFO] maestro.cli.runner.MaestroCommandRunner.runCommands$lambda$2: Take screenshot 05-ranking-deadline-soon COMPLETED
03:09:48.928 [ INFO] maestro.cli.runner.MaestroCommandRunner.runCommands$lambda$0: Tap on "뷰티 카테고리" RUNNING
03:09:48.930 [ INFO] maestro.cli.runner.MaestroCommandRunner.runCommands$lambda$11: Tap on "뷰티 카테고리" metadata CommandMetadata(numberOfRuns=null, evaluatedCommand=MaestroCommand(tapOnElementCommand=TapOnElementCommand(selector=ElementSelector(textRegex=뷰티 카테고리, idRegex=null, size=null, below=null, above=null, leftOf=null, rightOf=null, containsChild=null, containsDescendants=null, traits=null, index=null, enabled=null, optional=false, selected=null, checked=null, focused=null, childOf=null, css=null), retryIfNoChange=false, waitUntilVisible=false, longPress=false, repeat=null, waitToSettleTimeoutMs=null, relativePoint=null, label=null, optional=false)), logMessages=[], insight=Insight(message=, level=NONE), aiReasoning=null, labeledCommand=null)
03:09:49.172 [ INFO] maestro.cli.runner.MaestroCommandRunner.runCommands$lambda$11: Tap on "뷰티 카테고리" metadata CommandMetadata(numberOfRuns=null, evaluatedCommand=MaestroCommand(tapOnElementCommand=TapOnElementCommand(selector=ElementSelector(textRegex=뷰티 카테고리, idRegex=null, size=null, below=null, above=null, leftOf=null, rightOf=null, containsChild=null, containsDescendants=null, traits=null, index=null, enabled=null, optional=false, selected=null, checked=null, focused=null, childOf=null, css=null), retryIfNoChange=false, waitUntilVisible=false, longPress=false, repeat=null, waitToSettleTimeoutMs=null, relativePoint=null, label=null, optional=false)), logMessages=[], insight=Insight(message=, level=NONE), aiReasoning=null, labeledCommand=null)
03:09:49.178 [ INFO] maestro.Maestro.tap-HgV9Ck0: Tapping on element:  UiElement(treeNode=TreeNode(attributes={accessibilityText=뷰티 카테고리, title=, value=, text=, hintText=, resource-id=, bounds=[72,294][121,330], enabled=true, focused=false, selected=false, checked=false}, children=[], clickable=null, enabled=true, focused=false, checked=false, selected=false), bounds=Bounds(x=72, y=294, width=49, height=36))
03:09:49.179 [ INFO] device.IOSDevice.invoke-F9mIFpk: Waiting for animation to end with timeout 3000
03:09:49.421 [ INFO] maestro.Maestro.tap-HgV9Ck0: Refreshed element
03:09:49.422 [ INFO] maestro.Maestro.screenshotBasedTap-ogj28Uc: Try tapping at (96, 312) using hierarchy based logic for wait
03:09:49.423 [TRACE] maestro.utils.ScreenshotUtils.takeScreenshot: Taking screenshot to byte array
03:09:49.423 [TRACE] maestro.utils.ScreenshotUtils.takeScreenshot: Taking screenshot to output sink
03:09:50.077 [ INFO] device.IOSDevice.invoke-F9mIFpk: Waiting for animation to end with timeout 3000
03:09:50.315 [ INFO] maestro.Maestro.screenshotBasedTap-ogj28Uc: Something have changed in the UI judging by view hierarchy. Proceed.
03:09:50.316 [ INFO] maestro.cli.runner.MaestroCommandRunner.runCommands$lambda$2: Tap on "뷰티 카테고리" COMPLETED
03:09:50.317 [ INFO] maestro.cli.runner.MaestroCommandRunner.runCommands$lambda$0: Wait for animation to end RUNNING
03:09:50.318 [ INFO] maestro.cli.runner.MaestroCommandRunner.runCommands$lambda$11: Wait for animation to end metadata CommandMetadata(numberOfRuns=null, evaluatedCommand=MaestroCommand(waitForAnimationToEndCommand=WaitForAnimationToEndCommand(timeout=null, label=null, optional=false)), logMessages=[], insight=Insight(message=, level=NONE), aiReasoning=null, labeledCommand=null)
03:09:50.320 [ INFO] maestro.Maestro.waitForAnimationToEnd$lambda$51: Waiting for animation to end with timeout 15000
03:09:50.320 [TRACE] maestro.utils.ScreenshotUtils.takeScreenshot: Taking screenshot to byte array
03:09:50.320 [TRACE] maestro.utils.ScreenshotUtils.takeScreenshot: Taking screenshot to output sink
03:09:50.505 [TRACE] maestro.utils.ScreenshotUtils.takeScreenshot: Taking screenshot to byte array
03:09:50.505 [TRACE] maestro.utils.ScreenshotUtils.takeScreenshot: Taking screenshot to output sink
03:09:51.029 [ INFO] maestro.cli.runner.MaestroCommandRunner.runCommands$lambda$2: Wait for animation to end COMPLETED
03:09:51.030 [ INFO] maestro.cli.runner.MaestroCommandRunner.runCommands$lambda$0: Wait for animation to end RUNNING
03:09:51.030 [ INFO] maestro.cli.runner.MaestroCommandRunner.runCommands$lambda$11: Wait for animation to end metadata CommandMetadata(numberOfRuns=null, evaluatedCommand=MaestroCommand(waitForAnimationToEndCommand=WaitForAnimationToEndCommand(timeout=null, label=null, optional=false)), logMessages=[], insight=Insight(message=, level=NONE), aiReasoning=null, labeledCommand=null)
03:09:51.031 [ INFO] maestro.Maestro.waitForAnimationToEnd$lambda$51: Waiting for animation to end with timeout 15000
03:09:51.031 [TRACE] maestro.utils.ScreenshotUtils.takeScreenshot: Taking screenshot to byte array
03:09:51.031 [TRACE] maestro.utils.ScreenshotUtils.takeScreenshot: Taking screenshot to output sink
03:09:51.203 [TRACE] maestro.utils.ScreenshotUtils.takeScreenshot: Taking screenshot to byte array
03:09:51.203 [TRACE] maestro.utils.ScreenshotUtils.takeScreenshot: Taking screenshot to output sink
03:09:51.639 [ INFO] maestro.cli.runner.MaestroCommandRunner.runCommands$lambda$2: Wait for animation to end COMPLETED
03:09:51.639 [ INFO] maestro.cli.runner.MaestroCommandRunner.runCommands$lambda$0: Take screenshot 06-ranking-beauty RUNNING
03:09:51.640 [ INFO] maestro.cli.runner.MaestroCommandRunner.runCommands$lambda$11: Take screenshot 06-ranking-beauty metadata CommandMetadata(numberOfRuns=null, evaluatedCommand=MaestroCommand(takeScreenshotCommand=TakeScreenshotCommand(path=06-ranking-beauty, cropOn=null, label=null, optional=false)), logMessages=[], insight=Insight(message=, level=NONE), aiReasoning=null, labeledCommand=null)
03:09:51.640 [ INFO] maestro.Maestro.takeScreenshot: Taking screenshot
03:09:51.641 [TRACE] maestro.utils.ScreenshotUtils.takeScreenshot: Taking screenshot to output sink
03:09:51.774 [ INFO] maestro.cli.runner.MaestroCommandRunner.runCommands$lambda$2: Take screenshot 06-ranking-beauty COMPLETED
03:09:52.070 [ INFO] maestro.cli.report.TestDebugReporter.deleteOldFiles: Performing purge of logs older than 14 days from /Users/pc/.maestro/tests
