00:33:07.533 [ INFO] maestro.cli.report.TestDebugReporter.logSystemInfo: Debug output path: /Users/pc/.maestro/tests/2026-06-21_003307
00:33:07.534 [ INFO] MAESTRO.logSystemInfo: ---- System Info ----
00:33:07.534 [ INFO] MAESTRO.logSystemInfo: Maestro Version: 2.6.1
00:33:07.535 [ INFO] MAESTRO.logSystemInfo: CI: Undefined
00:33:07.535 [ INFO] MAESTRO.logSystemInfo: OS Name: Mac OS X
00:33:07.535 [ INFO] MAESTRO.logSystemInfo: OS Version: 26.5.1
00:33:07.535 [ INFO] MAESTRO.logSystemInfo: Architecture: aarch64
00:33:07.536 [ INFO] MAESTRO.logSystemInfo: Java Version: 17
00:33:07.597 [ INFO] MAESTRO.logSystemInfo: Xcode Version: 26.5
00:33:07.600 [ INFO] MAESTRO.logSystemInfo: Flutter Version: Undefined
00:33:07.602 [ INFO] MAESTRO.logSystemInfo: Flutter Channel: Undefined
00:33:07.602 [ INFO] MAESTRO.logSystemInfo: ---------------------
00:33:07.741 [DEBUG] io.micrometer.common.util.internal.logging.InternalLoggerFactory.newDefaultFactory: Using SLF4J as the default logging framework
00:33:08.652 [ INFO] maestro.cli.command.TestCommand.runShardSuite: [shard 1] Selected device 1220ADA0-82A2-4CAD-AF80-BACA32C78AD4 using port 49841 with execution plan ExecutionPlan(flowsToRun=[/Users/pc/Documents/RN_GongGu_Wish/.maestro/search-ranking-test.yaml], sequence=FlowSequence(flows=[], continueOnFailure=true), workspaceConfig=WorkspaceConfig(flows=null, includeTags=null, excludeTags=null, executionOrder=null, baselineBranch=null, notifications=null, disableRetries=false, platform=PlatformConfiguration(android=AndroidConfiguration(disableAnimations=false), ios=IOSConfiguration(disableAnimations=false, snapshotKeyHonorModalViews=null)), testOutputDir=null))
00:33:08.854 [TRACE] ios.xctest.XCTestIOSDevice.open: Opening a connection
00:33:08.854 [TRACE] xcuitest.XCTestDriverClient.restartXCTestRunner: Restarting XCTest Runner (uninstalling, installing and starting)
00:33:08.855 [ INFO] xcuitest.installer.LocalXCTestInstaller.xcTestDriverStatusCheck: [Start] Perform XCUITest driver status check on 1220ADA0-82A2-4CAD-AF80-BACA32C78AD4
00:33:08.856 [ INFO] xcuitest.installer.LocalXCTestInstaller.xcTestDriverStatusCheck: [Failed] Perform XCUITest driver status check on 1220ADA0-82A2-4CAD-AF80-BACA32C78AD4, exception: java.net.ConnectException: Failed to connect to /127.0.0.1:49841
00:33:08.856 [TRACE] xcuitest.XCTestDriverClient.restartXCTestRunner: XCTest Runner uninstalled, will install and start it
00:33:08.856 [ INFO] xcuitest.installer.LocalXCTestInstaller.start$lambda$3: start()
00:33:08.856 [ INFO] xcuitest.installer.LocalXCTestInstaller.start$lambda$3: [Start] Install XCUITest runner on 1220ADA0-82A2-4CAD-AF80-BACA32C78AD4
00:33:08.856 [ INFO] xcuitest.installer.LocalXCTestInstaller.xcTestDriverStatusCheck: [Start] Perform XCUITest driver status check on 1220ADA0-82A2-4CAD-AF80-BACA32C78AD4
00:33:08.857 [ INFO] xcuitest.installer.LocalXCTestInstaller.xcTestDriverStatusCheck: [Failed] Perform XCUITest driver status check on 1220ADA0-82A2-4CAD-AF80-BACA32C78AD4, exception: java.net.ConnectException: Failed to connect to /127.0.0.1:49841
00:33:08.857 [ INFO] xcuitest.installer.IOSBuildProductsExtractor.extract: [Start] Writing build products
00:33:08.897 [ INFO] xcuitest.installer.IOSBuildProductsExtractor.extract: [Done] Writing build products
00:33:08.898 [ INFO] xcuitest.installer.IOSBuildProductsExtractor.extract: [Start] Writing maestro-driver-iosUITests-Runner app
00:33:09.068 [ INFO] xcuitest.installer.IOSBuildProductsExtractor.extract: [Done] Writing maestro-driver-iosUITests-Runner app
00:33:09.068 [ INFO] xcuitest.installer.IOSBuildProductsExtractor.extract: [Start] Writing maestro-driver-ios app
00:33:09.073 [ INFO] xcuitest.installer.IOSBuildProductsExtractor.extract: [Done] Writing maestro-driver-ios app
00:33:09.074 [ INFO] xcuitest.installer.LocalXCTestInstaller.startXCTestRunner: Installing driver with xcodebuild
00:33:09.076 [ INFO] xcuitest.installer.LocalXCTestInstaller.startXCTestRunner: [Start] Running XcUITest with `xcodebuild test-without-building` with 49841 and config: IOSDriverConfig(prebuiltRunner=false, sourceDirectory=driver-iPhoneSimulator, context=CLI, snapshotKeyHonorModalViews=null)
00:33:09.077 [ INFO] util.CommandLineUtils.runCommand: Running command line operation: [xcodebuild, test-without-building, -xctestrun, /var/folders/_7/h01n60s1189_cgkl4chh3jgh0000gn/T/1220ADA0-82A2-4CAD-AF80-BACA32C78AD412820197516856351445/maestro-driver-ios-config.xctestrun, -destination, id=1220ADA0-82A2-4CAD-AF80-BACA32C78AD4, -derivedDataPath, /var/folders/_7/h01n60s1189_cgkl4chh3jgh0000gn/T/maestro_xctestrunner_xcodebuild_output18311064931595939959] with {TEST_RUNNER_PORT=49841}
00:33:09.080 [ INFO] xcuitest.installer.LocalXCTestInstaller.startXCTestRunner: [Done] Running XcUITest with `xcodebuild test-without-building`
00:33:09.080 [ INFO] xcuitest.installer.LocalXCTestInstaller.start$lambda$3: [Done] Install XCUITest runner on 1220ADA0-82A2-4CAD-AF80-BACA32C78AD4
00:33:09.080 [ INFO] xcuitest.installer.LocalXCTestInstaller.xcTestDriverStatusCheck: [Start] Perform XCUITest driver status check on 1220ADA0-82A2-4CAD-AF80-BACA32C78AD4
00:33:09.081 [ INFO] xcuitest.installer.LocalXCTestInstaller.xcTestDriverStatusCheck: [Failed] Perform XCUITest driver status check on 1220ADA0-82A2-4CAD-AF80-BACA32C78AD4, exception: java.net.ConnectException: Failed to connect to /127.0.0.1:49841
00:33:09.698 [ INFO] xcuitest.installer.LocalXCTestInstaller.xcTestDriverStatusCheck: [Start] Perform XCUITest driver status check on 1220ADA0-82A2-4CAD-AF80-BACA32C78AD4
00:33:09.699 [ INFO] xcuitest.installer.LocalXCTestInstaller.xcTestDriverStatusCheck: [Failed] Perform XCUITest driver status check on 1220ADA0-82A2-4CAD-AF80-BACA32C78AD4, exception: java.net.ConnectException: Failed to connect to /127.0.0.1:49841
00:33:10.286 [ INFO] xcuitest.installer.LocalXCTestInstaller.xcTestDriverStatusCheck: [Start] Perform XCUITest driver status check on 1220ADA0-82A2-4CAD-AF80-BACA32C78AD4
00:33:10.287 [ INFO] xcuitest.installer.LocalXCTestInstaller.xcTestDriverStatusCheck: [Failed] Perform XCUITest driver status check on 1220ADA0-82A2-4CAD-AF80-BACA32C78AD4, exception: java.net.ConnectException: Failed to connect to /127.0.0.1:49841
00:33:10.918 [ INFO] xcuitest.installer.LocalXCTestInstaller.xcTestDriverStatusCheck: [Start] Perform XCUITest driver status check on 1220ADA0-82A2-4CAD-AF80-BACA32C78AD4
00:33:10.919 [ INFO] xcuitest.installer.LocalXCTestInstaller.xcTestDriverStatusCheck: [Failed] Perform XCUITest driver status check on 1220ADA0-82A2-4CAD-AF80-BACA32C78AD4, exception: java.net.ConnectException: Failed to connect to /127.0.0.1:49841
00:33:11.441 [ INFO] xcuitest.installer.LocalXCTestInstaller.xcTestDriverStatusCheck: [Start] Perform XCUITest driver status check on 1220ADA0-82A2-4CAD-AF80-BACA32C78AD4
00:33:11.442 [ INFO] xcuitest.installer.LocalXCTestInstaller.xcTestDriverStatusCheck: [Failed] Perform XCUITest driver status check on 1220ADA0-82A2-4CAD-AF80-BACA32C78AD4, exception: java.net.ConnectException: Failed to connect to /127.0.0.1:49841
00:33:12.093 [ INFO] xcuitest.installer.LocalXCTestInstaller.xcTestDriverStatusCheck: [Start] Perform XCUITest driver status check on 1220ADA0-82A2-4CAD-AF80-BACA32C78AD4
00:33:12.094 [ INFO] xcuitest.installer.LocalXCTestInstaller.xcTestDriverStatusCheck: [Failed] Perform XCUITest driver status check on 1220ADA0-82A2-4CAD-AF80-BACA32C78AD4, exception: java.net.ConnectException: Failed to connect to /127.0.0.1:49841
00:33:12.711 [ INFO] xcuitest.installer.LocalXCTestInstaller.xcTestDriverStatusCheck: [Start] Perform XCUITest driver status check on 1220ADA0-82A2-4CAD-AF80-BACA32C78AD4
00:33:12.712 [ INFO] xcuitest.installer.LocalXCTestInstaller.xcTestDriverStatusCheck: [Failed] Perform XCUITest driver status check on 1220ADA0-82A2-4CAD-AF80-BACA32C78AD4, exception: java.net.ConnectException: Failed to connect to /127.0.0.1:49841
00:33:13.296 [ INFO] xcuitest.installer.LocalXCTestInstaller.xcTestDriverStatusCheck: [Start] Perform XCUITest driver status check on 1220ADA0-82A2-4CAD-AF80-BACA32C78AD4
00:33:13.299 [ INFO] xcuitest.installer.LocalXCTestInstaller.xcTestDriverStatusCheck: [Failed] Perform XCUITest driver status check on 1220ADA0-82A2-4CAD-AF80-BACA32C78AD4, exception: java.net.ConnectException: Failed to connect to /127.0.0.1:49841
00:33:13.949 [ INFO] xcuitest.installer.LocalXCTestInstaller.xcTestDriverStatusCheck: [Start] Perform XCUITest driver status check on 1220ADA0-82A2-4CAD-AF80-BACA32C78AD4
00:33:13.973 [ INFO] xcuitest.installer.LocalXCTestInstaller.xcTestDriverStatusCheck: [Failed] Perform XCUITest driver status check on 1220ADA0-82A2-4CAD-AF80-BACA32C78AD4, exception: java.net.ConnectException: Failed to connect to /127.0.0.1:49841
00:33:14.603 [ INFO] xcuitest.installer.LocalXCTestInstaller.xcTestDriverStatusCheck: [Start] Perform XCUITest driver status check on 1220ADA0-82A2-4CAD-AF80-BACA32C78AD4
00:33:14.604 [ INFO] xcuitest.installer.LocalXCTestInstaller.xcTestDriverStatusCheck: [Failed] Perform XCUITest driver status check on 1220ADA0-82A2-4CAD-AF80-BACA32C78AD4, exception: java.net.ConnectException: Failed to connect to /127.0.0.1:49841
00:33:15.255 [ INFO] xcuitest.installer.LocalXCTestInstaller.xcTestDriverStatusCheck: [Start] Perform XCUITest driver status check on 1220ADA0-82A2-4CAD-AF80-BACA32C78AD4
00:33:15.257 [ INFO] xcuitest.installer.LocalXCTestInstaller.xcTestDriverStatusCheck: [Failed] Perform XCUITest driver status check on 1220ADA0-82A2-4CAD-AF80-BACA32C78AD4, exception: java.net.ConnectException: Failed to connect to /127.0.0.1:49841
00:33:15.767 [ INFO] xcuitest.installer.LocalXCTestInstaller.xcTestDriverStatusCheck: [Start] Perform XCUITest driver status check on 1220ADA0-82A2-4CAD-AF80-BACA32C78AD4
00:33:15.770 [ INFO] xcuitest.installer.LocalXCTestInstaller.xcTestDriverStatusCheck: [Failed] Perform XCUITest driver status check on 1220ADA0-82A2-4CAD-AF80-BACA32C78AD4, exception: java.net.ConnectException: Failed to connect to /127.0.0.1:49841
00:33:16.281 [ INFO] xcuitest.installer.LocalXCTestInstaller.xcTestDriverStatusCheck: [Start] Perform XCUITest driver status check on 1220ADA0-82A2-4CAD-AF80-BACA32C78AD4
00:33:16.328 [ INFO] xcuitest.installer.LocalXCTestInstaller.xcTestDriverStatusCheck: [Failed] Perform XCUITest driver status check on 1220ADA0-82A2-4CAD-AF80-BACA32C78AD4, exception: java.net.ConnectException: Failed to connect to /127.0.0.1:49841
00:33:16.954 [ INFO] xcuitest.installer.LocalXCTestInstaller.xcTestDriverStatusCheck: [Start] Perform XCUITest driver status check on 1220ADA0-82A2-4CAD-AF80-BACA32C78AD4
00:33:16.973 [ INFO] xcuitest.installer.LocalXCTestInstaller.xcTestDriverStatusCheck: [Done] Perform XCUITest driver status check on 1220ADA0-82A2-4CAD-AF80-BACA32C78AD4
00:33:17.026 [ INFO] maestro.cli.runner.TestRunner.runSingle$lambda$0: Running flow search-ranking-test.yaml...
00:33:17.045 [ INFO] maestro.Maestro.cachedDeviceInfo_delegate$lambda$0: Getting device info
00:33:17.221 [ INFO] maestro.Maestro.cachedDeviceInfo_delegate$lambda$0: Got device info: DeviceInfo(platform=IOS, widthPixels=1206, heightPixels=2622, widthGrid=402, heightGrid=874)
00:33:17.359 [ INFO] maestro.cli.runner.MaestroCommandRunner.runCommands$lambda$0: Define variables RUNNING
00:33:17.364 [ INFO] maestro.cli.runner.MaestroCommandRunner.runCommands$lambda$11: Define variables metadata CommandMetadata(numberOfRuns=null, evaluatedCommand=MaestroCommand(defineVariablesCommand=DefineVariablesCommand(env={MAESTRO_FILENAME=search-ranking-test, MAESTRO_DEVICE_UDID=1220ADA0-82A2-4CAD-AF80-BACA32C78AD4, MAESTRO_SHARD_ID=1, MAESTRO_SHARD_INDEX=0}, label=null, optional=false)), logMessages=[], insight=Insight(message=, level=NONE), aiReasoning=null, labeledCommand=null)
00:33:17.365 [ INFO] maestro.cli.runner.MaestroCommandRunner.runCommands$lambda$2: Define variables COMPLETED
00:33:17.366 [ INFO] maestro.cli.runner.MaestroCommandRunner.runCommands$lambda$0: Apply configuration RUNNING
00:33:17.368 [ INFO] maestro.cli.runner.MaestroCommandRunner.runCommands$lambda$11: Apply configuration metadata CommandMetadata(numberOfRuns=null, evaluatedCommand=MaestroCommand(applyConfigurationCommand=ApplyConfigurationCommand(config=MaestroConfig(appId=com.gonggu.calendar, name=null, tags=[], ext={}, onFlowStart=null, onFlowComplete=null, properties={}), label=null, optional=false)), logMessages=[], insight=Insight(message=, level=NONE), aiReasoning=null, labeledCommand=null)
00:33:17.368 [ INFO] maestro.cli.runner.MaestroCommandRunner.runCommands$lambda$2: Apply configuration COMPLETED
00:33:17.368 [ INFO] maestro.cli.runner.MaestroCommandRunner.runCommands$lambda$0: Launch app "com.gonggu.calendar" RUNNING
00:33:17.371 [ INFO] maestro.cli.runner.MaestroCommandRunner.runCommands$lambda$11: Launch app "com.gonggu.calendar" metadata CommandMetadata(numberOfRuns=null, evaluatedCommand=MaestroCommand(launchAppCommand=LaunchAppCommand(appId=com.gonggu.calendar, clearState=false, clearKeychain=null, stopApp=null, permissions=null, launchArguments=null, label=null, optional=false)), logMessages=[], insight=Insight(message=, level=NONE), aiReasoning=null, labeledCommand=null)
00:33:17.373 [ INFO] device.SimctlIOSDevice.setPermissions: [Start] Setting permissions all=allow through applesimutils
00:33:17.373 [ INFO] util.LocalSimulatorUtils.setAppleSimutilsPermissions: [Start] Setting permissions via pinned applesimutils
00:33:17.373 [ INFO] util.CommandLineUtils.runCommand: Running command line operation: [/Users/pc/.maestro/deps/applesimutils, --byId, 1220ADA0-82A2-4CAD-AF80-BACA32C78AD4, --bundle, com.gonggu.calendar, --setPermissions, calendar=YES,camera=YES,contacts=YES,faceid=YES,homekit=YES,medialibrary=YES,microphone=YES,motion=YES,photos=YES,reminders=YES,siri=YES,speech=YES,userTracking=YES] with {}
00:33:18.097 [ INFO] util.LocalSimulatorUtils.setAppleSimutilsPermissions: [Done] Setting permissions pinned applesimutils
00:33:18.097 [ INFO] device.SimctlIOSDevice.setPermissions: [Done] Setting permissions through applesimutils
00:33:18.098 [ INFO] device.SimctlIOSDevice.setPermissions: [Start] Setting Permissions all=allow through simctl
00:33:18.098 [ INFO] util.CommandLineUtils.runCommand: Running command line operation: [xcrun, simctl, privacy, 1220ADA0-82A2-4CAD-AF80-BACA32C78AD4, grant, location-always, com.gonggu.calendar] with {}
00:33:18.227 [ INFO] device.SimctlIOSDevice.setPermissions: [Done] Setting Permissions all=allow through simctl
00:33:18.248 [ INFO] maestro.Maestro.launchApp$lambda$2: Launching app com.gonggu.calendar
00:33:18.248 [ INFO] maestro.Maestro.launchApp$lambda$2: Stopping com.gonggu.calendar app during launch
00:33:19.282 [ INFO] util.CommandLineUtils.runCommand: Running command line operation: [xcrun, simctl, launch, 1220ADA0-82A2-4CAD-AF80-BACA32C78AD4, com.gonggu.calendar] with {}
00:33:19.694 [ INFO] maestro.cli.runner.MaestroCommandRunner.runCommands$lambda$2: Launch app "com.gonggu.calendar" COMPLETED
00:33:19.700 [ INFO] maestro.cli.runner.MaestroCommandRunner.runCommands$lambda$0: Wait for animation to end RUNNING
00:33:19.703 [ INFO] maestro.cli.runner.MaestroCommandRunner.runCommands$lambda$11: Wait for animation to end metadata CommandMetadata(numberOfRuns=null, evaluatedCommand=MaestroCommand(waitForAnimationToEndCommand=WaitForAnimationToEndCommand(timeout=null, label=null, optional=false)), logMessages=[], insight=Insight(message=, level=NONE), aiReasoning=null, labeledCommand=null)
00:33:19.711 [ INFO] maestro.Maestro.waitForAnimationToEnd$lambda$51: Waiting for animation to end with timeout 15000
00:33:19.722 [TRACE] maestro.utils.ScreenshotUtils.takeScreenshot: Taking screenshot to byte array
00:33:19.722 [TRACE] maestro.utils.ScreenshotUtils.takeScreenshot: Taking screenshot to output sink
00:33:20.427 [TRACE] maestro.utils.ScreenshotUtils.takeScreenshot: Taking screenshot to byte array
00:33:20.428 [TRACE] maestro.utils.ScreenshotUtils.takeScreenshot: Taking screenshot to output sink
00:33:24.836 [TRACE] maestro.utils.ScreenshotUtils.takeScreenshot: Taking screenshot to byte array
00:33:24.837 [TRACE] maestro.utils.ScreenshotUtils.takeScreenshot: Taking screenshot to output sink
00:33:25.082 [TRACE] maestro.utils.ScreenshotUtils.takeScreenshot: Taking screenshot to byte array
00:33:25.082 [TRACE] maestro.utils.ScreenshotUtils.takeScreenshot: Taking screenshot to output sink
00:33:25.477 [ INFO] maestro.cli.runner.MaestroCommandRunner.runCommands$lambda$2: Wait for animation to end COMPLETED
00:33:25.478 [ INFO] maestro.cli.runner.MaestroCommandRunner.runCommands$lambda$0: Assert that "Home 탭" is visible RUNNING
00:33:25.485 [ INFO] maestro.cli.runner.MaestroCommandRunner.runCommands$lambda$11: Assert that "Home 탭" is visible metadata CommandMetadata(numberOfRuns=null, evaluatedCommand=MaestroCommand(assertConditionCommand=AssertConditionCommand(condition=Condition(platform=null, visible=ElementSelector(textRegex=Home 탭, idRegex=null, size=null, below=null, above=null, leftOf=null, rightOf=null, containsChild=null, containsDescendants=null, traits=null, index=null, enabled=null, optional=false, selected=null, checked=null, focused=null, childOf=null, css=null), notVisible=null, scriptCondition=null, label=null), timeout=null, label=null, optional=false)), logMessages=[], insight=Insight(message=, level=NONE), aiReasoning=null, labeledCommand=null)
00:33:26.263 [ INFO] maestro.cli.runner.MaestroCommandRunner.runCommands$lambda$11: Assert that "Home 탭" is visible metadata CommandMetadata(numberOfRuns=null, evaluatedCommand=MaestroCommand(assertConditionCommand=AssertConditionCommand(condition=Condition(platform=null, visible=ElementSelector(textRegex=Home 탭, idRegex=null, size=null, below=null, above=null, leftOf=null, rightOf=null, containsChild=null, containsDescendants=null, traits=null, index=null, enabled=null, optional=false, selected=null, checked=null, focused=null, childOf=null, css=null), notVisible=null, scriptCondition=null, label=null), timeout=null, label=null, optional=false)), logMessages=[], insight=Insight(message=, level=NONE), aiReasoning=null, labeledCommand=null)
00:33:26.276 [ INFO] maestro.cli.runner.MaestroCommandRunner.runCommands$lambda$2: Assert that "Home 탭" is visible COMPLETED
00:33:26.276 [ INFO] maestro.cli.runner.MaestroCommandRunner.runCommands$lambda$0: Assert that "Search 탭" is visible RUNNING
00:33:26.277 [ INFO] maestro.cli.runner.MaestroCommandRunner.runCommands$lambda$11: Assert that "Search 탭" is visible metadata CommandMetadata(numberOfRuns=null, evaluatedCommand=MaestroCommand(assertConditionCommand=AssertConditionCommand(condition=Condition(platform=null, visible=ElementSelector(textRegex=Search 탭, idRegex=null, size=null, below=null, above=null, leftOf=null, rightOf=null, containsChild=null, containsDescendants=null, traits=null, index=null, enabled=null, optional=false, selected=null, checked=null, focused=null, childOf=null, css=null), notVisible=null, scriptCondition=null, label=null), timeout=null, label=null, optional=false)), logMessages=[], insight=Insight(message=, level=NONE), aiReasoning=null, labeledCommand=null)
00:33:26.515 [ INFO] maestro.cli.runner.MaestroCommandRunner.runCommands$lambda$11: Assert that "Search 탭" is visible metadata CommandMetadata(numberOfRuns=null, evaluatedCommand=MaestroCommand(assertConditionCommand=AssertConditionCommand(condition=Condition(platform=null, visible=ElementSelector(textRegex=Search 탭, idRegex=null, size=null, below=null, above=null, leftOf=null, rightOf=null, containsChild=null, containsDescendants=null, traits=null, index=null, enabled=null, optional=false, selected=null, checked=null, focused=null, childOf=null, css=null), notVisible=null, scriptCondition=null, label=null), timeout=null, label=null, optional=false)), logMessages=[], insight=Insight(message=, level=NONE), aiReasoning=null, labeledCommand=null)
00:33:26.520 [ INFO] maestro.cli.runner.MaestroCommandRunner.runCommands$lambda$2: Assert that "Search 탭" is visible COMPLETED
00:33:26.520 [ INFO] maestro.cli.runner.MaestroCommandRunner.runCommands$lambda$0: Assert that "Submit 탭" is visible RUNNING
00:33:26.521 [ INFO] maestro.cli.runner.MaestroCommandRunner.runCommands$lambda$11: Assert that "Submit 탭" is visible metadata CommandMetadata(numberOfRuns=null, evaluatedCommand=MaestroCommand(assertConditionCommand=AssertConditionCommand(condition=Condition(platform=null, visible=ElementSelector(textRegex=Submit 탭, idRegex=null, size=null, below=null, above=null, leftOf=null, rightOf=null, containsChild=null, containsDescendants=null, traits=null, index=null, enabled=null, optional=false, selected=null, checked=null, focused=null, childOf=null, css=null), notVisible=null, scriptCondition=null, label=null), timeout=null, label=null, optional=false)), logMessages=[], insight=Insight(message=, level=NONE), aiReasoning=null, labeledCommand=null)
00:33:26.754 [ INFO] maestro.cli.runner.MaestroCommandRunner.runCommands$lambda$11: Assert that "Submit 탭" is visible metadata CommandMetadata(numberOfRuns=null, evaluatedCommand=MaestroCommand(assertConditionCommand=AssertConditionCommand(condition=Condition(platform=null, visible=ElementSelector(textRegex=Submit 탭, idRegex=null, size=null, below=null, above=null, leftOf=null, rightOf=null, containsChild=null, containsDescendants=null, traits=null, index=null, enabled=null, optional=false, selected=null, checked=null, focused=null, childOf=null, css=null), notVisible=null, scriptCondition=null, label=null), timeout=null, label=null, optional=false)), logMessages=[], insight=Insight(message=, level=NONE), aiReasoning=null, labeledCommand=null)
00:33:26.757 [ INFO] maestro.cli.runner.MaestroCommandRunner.runCommands$lambda$2: Assert that "Submit 탭" is visible COMPLETED
00:33:26.758 [ INFO] maestro.cli.runner.MaestroCommandRunner.runCommands$lambda$0: Assert that "Community 탭" is visible RUNNING
00:33:26.758 [ INFO] maestro.cli.runner.MaestroCommandRunner.runCommands$lambda$11: Assert that "Community 탭" is visible metadata CommandMetadata(numberOfRuns=null, evaluatedCommand=MaestroCommand(assertConditionCommand=AssertConditionCommand(condition=Condition(platform=null, visible=ElementSelector(textRegex=Community 탭, idRegex=null, size=null, below=null, above=null, leftOf=null, rightOf=null, containsChild=null, containsDescendants=null, traits=null, index=null, enabled=null, optional=false, selected=null, checked=null, focused=null, childOf=null, css=null), notVisible=null, scriptCondition=null, label=null), timeout=null, label=null, optional=false)), logMessages=[], insight=Insight(message=, level=NONE), aiReasoning=null, labeledCommand=null)
00:33:27.000 [ INFO] maestro.cli.runner.MaestroCommandRunner.runCommands$lambda$11: Assert that "Community 탭" is visible metadata CommandMetadata(numberOfRuns=null, evaluatedCommand=MaestroCommand(assertConditionCommand=AssertConditionCommand(condition=Condition(platform=null, visible=ElementSelector(textRegex=Community 탭, idRegex=null, size=null, below=null, above=null, leftOf=null, rightOf=null, containsChild=null, containsDescendants=null, traits=null, index=null, enabled=null, optional=false, selected=null, checked=null, focused=null, childOf=null, css=null), notVisible=null, scriptCondition=null, label=null), timeout=null, label=null, optional=false)), logMessages=[], insight=Insight(message=, level=NONE), aiReasoning=null, labeledCommand=null)
00:33:27.011 [ INFO] maestro.cli.runner.MaestroCommandRunner.runCommands$lambda$2: Assert that "Community 탭" is visible COMPLETED
00:33:27.012 [ INFO] maestro.cli.runner.MaestroCommandRunner.runCommands$lambda$0: Assert that "MyPage 탭" is visible RUNNING
00:33:27.012 [ INFO] maestro.cli.runner.MaestroCommandRunner.runCommands$lambda$11: Assert that "MyPage 탭" is visible metadata CommandMetadata(numberOfRuns=null, evaluatedCommand=MaestroCommand(assertConditionCommand=AssertConditionCommand(condition=Condition(platform=null, visible=ElementSelector(textRegex=MyPage 탭, idRegex=null, size=null, below=null, above=null, leftOf=null, rightOf=null, containsChild=null, containsDescendants=null, traits=null, index=null, enabled=null, optional=false, selected=null, checked=null, focused=null, childOf=null, css=null), notVisible=null, scriptCondition=null, label=null), timeout=null, label=null, optional=false)), logMessages=[], insight=Insight(message=, level=NONE), aiReasoning=null, labeledCommand=null)
00:33:27.251 [ INFO] maestro.cli.runner.MaestroCommandRunner.runCommands$lambda$11: Assert that "MyPage 탭" is visible metadata CommandMetadata(numberOfRuns=null, evaluatedCommand=MaestroCommand(assertConditionCommand=AssertConditionCommand(condition=Condition(platform=null, visible=ElementSelector(textRegex=MyPage 탭, idRegex=null, size=null, below=null, above=null, leftOf=null, rightOf=null, containsChild=null, containsDescendants=null, traits=null, index=null, enabled=null, optional=false, selected=null, checked=null, focused=null, childOf=null, css=null), notVisible=null, scriptCondition=null, label=null), timeout=null, label=null, optional=false)), logMessages=[], insight=Insight(message=, level=NONE), aiReasoning=null, labeledCommand=null)
00:33:27.254 [ INFO] maestro.cli.runner.MaestroCommandRunner.runCommands$lambda$2: Assert that "MyPage 탭" is visible COMPLETED
00:33:27.254 [ INFO] maestro.cli.runner.MaestroCommandRunner.runCommands$lambda$0: Take screenshot 01-home-screen RUNNING
00:33:27.255 [ INFO] maestro.cli.runner.MaestroCommandRunner.runCommands$lambda$11: Take screenshot 01-home-screen metadata CommandMetadata(numberOfRuns=null, evaluatedCommand=MaestroCommand(takeScreenshotCommand=TakeScreenshotCommand(path=01-home-screen, cropOn=null, label=null, optional=false)), logMessages=[], insight=Insight(message=, level=NONE), aiReasoning=null, labeledCommand=null)
00:33:27.256 [ INFO] maestro.Maestro.takeScreenshot: Taking screenshot
00:33:27.257 [TRACE] maestro.utils.ScreenshotUtils.takeScreenshot: Taking screenshot to output sink
00:33:27.366 [ INFO] maestro.cli.runner.MaestroCommandRunner.runCommands$lambda$2: Take screenshot 01-home-screen COMPLETED
00:33:27.367 [ INFO] maestro.cli.runner.MaestroCommandRunner.runCommands$lambda$0: Tap on "Search 탭" RUNNING
00:33:27.372 [ INFO] maestro.cli.runner.MaestroCommandRunner.runCommands$lambda$11: Tap on "Search 탭" metadata CommandMetadata(numberOfRuns=null, evaluatedCommand=MaestroCommand(tapOnElementCommand=TapOnElementCommand(selector=ElementSelector(textRegex=Search 탭, idRegex=null, size=null, below=null, above=null, leftOf=null, rightOf=null, containsChild=null, containsDescendants=null, traits=null, index=null, enabled=null, optional=false, selected=null, checked=null, focused=null, childOf=null, css=null), retryIfNoChange=false, waitUntilVisible=false, longPress=false, repeat=null, waitToSettleTimeoutMs=null, relativePoint=null, label=null, optional=false)), logMessages=[], insight=Insight(message=, level=NONE), aiReasoning=null, labeledCommand=null)
00:33:27.635 [ INFO] maestro.cli.runner.MaestroCommandRunner.runCommands$lambda$11: Tap on "Search 탭" metadata CommandMetadata(numberOfRuns=null, evaluatedCommand=MaestroCommand(tapOnElementCommand=TapOnElementCommand(selector=ElementSelector(textRegex=Search 탭, idRegex=null, size=null, below=null, above=null, leftOf=null, rightOf=null, containsChild=null, containsDescendants=null, traits=null, index=null, enabled=null, optional=false, selected=null, checked=null, focused=null, childOf=null, css=null), retryIfNoChange=false, waitUntilVisible=false, longPress=false, repeat=null, waitToSettleTimeoutMs=null, relativePoint=null, label=null, optional=false)), logMessages=[], insight=Insight(message=, level=NONE), aiReasoning=null, labeledCommand=null)
00:33:27.647 [ INFO] maestro.Maestro.tap-HgV9Ck0: Tapping on element:  UiElement(treeNode=TreeNode(attributes={accessibilityText=Search 탭, title=, value=, text=, hintText=, resource-id=, bounds=[101,796][147,850], enabled=true, focused=false, selected=false, checked=false}, children=[], clickable=null, enabled=true, focused=false, checked=false, selected=false), bounds=Bounds(x=101, y=796, width=46, height=54))
00:33:27.649 [ INFO] device.IOSDevice.invoke-F9mIFpk: Waiting for animation to end with timeout 3000
00:33:27.867 [ INFO] maestro.Maestro.tap-HgV9Ck0: Refreshed element
00:33:27.873 [ INFO] maestro.Maestro.screenshotBasedTap-ogj28Uc: Try tapping at (124, 823) using hierarchy based logic for wait
00:33:27.874 [TRACE] maestro.utils.ScreenshotUtils.takeScreenshot: Taking screenshot to byte array
00:33:27.874 [TRACE] maestro.utils.ScreenshotUtils.takeScreenshot: Taking screenshot to output sink
00:33:28.433 [ INFO] device.IOSDevice.invoke-F9mIFpk: Waiting for animation to end with timeout 3000
00:33:28.640 [ INFO] maestro.Maestro.screenshotBasedTap-ogj28Uc: Something have changed in the UI judging by view hierarchy. Proceed.
00:33:28.641 [ INFO] maestro.cli.runner.MaestroCommandRunner.runCommands$lambda$2: Tap on "Search 탭" COMPLETED
00:33:28.643 [ INFO] maestro.cli.runner.MaestroCommandRunner.runCommands$lambda$0: Wait for animation to end RUNNING
00:33:28.644 [ INFO] maestro.cli.runner.MaestroCommandRunner.runCommands$lambda$11: Wait for animation to end metadata CommandMetadata(numberOfRuns=null, evaluatedCommand=MaestroCommand(waitForAnimationToEndCommand=WaitForAnimationToEndCommand(timeout=null, label=null, optional=false)), logMessages=[], insight=Insight(message=, level=NONE), aiReasoning=null, labeledCommand=null)
00:33:28.645 [ INFO] maestro.Maestro.waitForAnimationToEnd$lambda$51: Waiting for animation to end with timeout 15000
00:33:28.646 [TRACE] maestro.utils.ScreenshotUtils.takeScreenshot: Taking screenshot to byte array
00:33:28.646 [TRACE] maestro.utils.ScreenshotUtils.takeScreenshot: Taking screenshot to output sink
00:33:28.824 [TRACE] maestro.utils.ScreenshotUtils.takeScreenshot: Taking screenshot to byte array
00:33:28.824 [TRACE] maestro.utils.ScreenshotUtils.takeScreenshot: Taking screenshot to output sink
00:33:29.236 [ INFO] maestro.cli.runner.MaestroCommandRunner.runCommands$lambda$2: Wait for animation to end COMPLETED
00:33:29.238 [ INFO] maestro.cli.runner.MaestroCommandRunner.runCommands$lambda$0: Assert that "스토어 랭킹" is visible RUNNING
00:33:29.239 [ INFO] maestro.cli.runner.MaestroCommandRunner.runCommands$lambda$11: Assert that "스토어 랭킹" is visible metadata CommandMetadata(numberOfRuns=null, evaluatedCommand=MaestroCommand(assertConditionCommand=AssertConditionCommand(condition=Condition(platform=null, visible=ElementSelector(textRegex=스토어 랭킹, idRegex=null, size=null, below=null, above=null, leftOf=null, rightOf=null, containsChild=null, containsDescendants=null, traits=null, index=null, enabled=null, optional=false, selected=null, checked=null, focused=null, childOf=null, css=null), notVisible=null, scriptCondition=null, label=null), timeout=null, label=null, optional=false)), logMessages=[], insight=Insight(message=, level=NONE), aiReasoning=null, labeledCommand=null)
00:33:29.481 [ INFO] maestro.cli.runner.MaestroCommandRunner.runCommands$lambda$11: Assert that "스토어 랭킹" is visible metadata CommandMetadata(numberOfRuns=null, evaluatedCommand=MaestroCommand(assertConditionCommand=AssertConditionCommand(condition=Condition(platform=null, visible=ElementSelector(textRegex=스토어 랭킹, idRegex=null, size=null, below=null, above=null, leftOf=null, rightOf=null, containsChild=null, containsDescendants=null, traits=null, index=null, enabled=null, optional=false, selected=null, checked=null, focused=null, childOf=null, css=null), notVisible=null, scriptCondition=null, label=null), timeout=null, label=null, optional=false)), logMessages=[], insight=Insight(message=, level=NONE), aiReasoning=null, labeledCommand=null)
00:33:29.493 [ INFO] maestro.cli.runner.MaestroCommandRunner.runCommands$lambda$2: Assert that "스토어 랭킹" is visible COMPLETED
00:33:29.494 [ INFO] maestro.cli.runner.MaestroCommandRunner.runCommands$lambda$0: Assert that "쇼핑몰 랭킹" is visible RUNNING
00:33:29.495 [ INFO] maestro.cli.runner.MaestroCommandRunner.runCommands$lambda$11: Assert that "쇼핑몰 랭킹" is visible metadata CommandMetadata(numberOfRuns=null, evaluatedCommand=MaestroCommand(assertConditionCommand=AssertConditionCommand(condition=Condition(platform=null, visible=ElementSelector(textRegex=쇼핑몰 랭킹, idRegex=null, size=null, below=null, above=null, leftOf=null, rightOf=null, containsChild=null, containsDescendants=null, traits=null, index=null, enabled=null, optional=false, selected=null, checked=null, focused=null, childOf=null, css=null), notVisible=null, scriptCondition=null, label=null), timeout=null, label=null, optional=false)), logMessages=[], insight=Insight(message=, level=NONE), aiReasoning=null, labeledCommand=null)
00:33:29.696 [ INFO] maestro.cli.runner.MaestroCommandRunner.runCommands$lambda$11: Assert that "쇼핑몰 랭킹" is visible metadata CommandMetadata(numberOfRuns=null, evaluatedCommand=MaestroCommand(assertConditionCommand=AssertConditionCommand(condition=Condition(platform=null, visible=ElementSelector(textRegex=쇼핑몰 랭킹, idRegex=null, size=null, below=null, above=null, leftOf=null, rightOf=null, containsChild=null, containsDescendants=null, traits=null, index=null, enabled=null, optional=false, selected=null, checked=null, focused=null, childOf=null, css=null), notVisible=null, scriptCondition=null, label=null), timeout=null, label=null, optional=false)), logMessages=[], insight=Insight(message=, level=NONE), aiReasoning=null, labeledCommand=null)
00:33:29.698 [ INFO] maestro.cli.runner.MaestroCommandRunner.runCommands$lambda$2: Assert that "쇼핑몰 랭킹" is visible COMPLETED
00:33:29.698 [ INFO] maestro.cli.runner.MaestroCommandRunner.runCommands$lambda$0: Assert that "브랜드명, 제품명, 셀러명으로 검색" is visible RUNNING
00:33:29.698 [ INFO] maestro.cli.runner.MaestroCommandRunner.runCommands$lambda$11: Assert that "브랜드명, 제품명, 셀러명으로 검색" is visible metadata CommandMetadata(numberOfRuns=null, evaluatedCommand=MaestroCommand(assertConditionCommand=AssertConditionCommand(condition=Condition(platform=null, visible=ElementSelector(textRegex=브랜드명, 제품명, 셀러명으로 검색, idRegex=null, size=null, below=null, above=null, leftOf=null, rightOf=null, containsChild=null, containsDescendants=null, traits=null, index=null, enabled=null, optional=false, selected=null, checked=null, focused=null, childOf=null, css=null), notVisible=null, scriptCondition=null, label=null), timeout=null, label=null, optional=false)), logMessages=[], insight=Insight(message=, level=NONE), aiReasoning=null, labeledCommand=null)
00:33:29.887 [ INFO] maestro.cli.runner.MaestroCommandRunner.runCommands$lambda$11: Assert that "브랜드명, 제품명, 셀러명으로 검색" is visible metadata CommandMetadata(numberOfRuns=null, evaluatedCommand=MaestroCommand(assertConditionCommand=AssertConditionCommand(condition=Condition(platform=null, visible=ElementSelector(textRegex=브랜드명, 제품명, 셀러명으로 검색, idRegex=null, size=null, below=null, above=null, leftOf=null, rightOf=null, containsChild=null, containsDescendants=null, traits=null, index=null, enabled=null, optional=false, selected=null, checked=null, focused=null, childOf=null, css=null), notVisible=null, scriptCondition=null, label=null), timeout=null, label=null, optional=false)), logMessages=[], insight=Insight(message=, level=NONE), aiReasoning=null, labeledCommand=null)
00:33:29.897 [ INFO] maestro.cli.runner.MaestroCommandRunner.runCommands$lambda$2: Assert that "브랜드명, 제품명, 셀러명으로 검색" is visible COMPLETED
00:33:29.897 [ INFO] maestro.cli.runner.MaestroCommandRunner.runCommands$lambda$0: Assert that "셀러 랭킹 목록" is visible RUNNING
00:33:29.898 [ INFO] maestro.cli.runner.MaestroCommandRunner.runCommands$lambda$11: Assert that "셀러 랭킹 목록" is visible metadata CommandMetadata(numberOfRuns=null, evaluatedCommand=MaestroCommand(assertConditionCommand=AssertConditionCommand(condition=Condition(platform=null, visible=ElementSelector(textRegex=셀러 랭킹 목록, idRegex=null, size=null, below=null, above=null, leftOf=null, rightOf=null, containsChild=null, containsDescendants=null, traits=null, index=null, enabled=null, optional=false, selected=null, checked=null, focused=null, childOf=null, css=null), notVisible=null, scriptCondition=null, label=null), timeout=null, label=null, optional=false)), logMessages=[], insight=Insight(message=, level=NONE), aiReasoning=null, labeledCommand=null)
00:33:30.095 [ INFO] maestro.cli.runner.MaestroCommandRunner.runCommands$lambda$11: Assert that "셀러 랭킹 목록" is visible metadata CommandMetadata(numberOfRuns=null, evaluatedCommand=MaestroCommand(assertConditionCommand=AssertConditionCommand(condition=Condition(platform=null, visible=ElementSelector(textRegex=셀러 랭킹 목록, idRegex=null, size=null, below=null, above=null, leftOf=null, rightOf=null, containsChild=null, containsDescendants=null, traits=null, index=null, enabled=null, optional=false, selected=null, checked=null, focused=null, childOf=null, css=null), notVisible=null, scriptCondition=null, label=null), timeout=null, label=null, optional=false)), logMessages=[], insight=Insight(message=, level=NONE), aiReasoning=null, labeledCommand=null)
00:33:30.097 [ INFO] maestro.cli.runner.MaestroCommandRunner.runCommands$lambda$2: Assert that "셀러 랭킹 목록" is visible COMPLETED
00:33:30.097 [ INFO] maestro.cli.runner.MaestroCommandRunner.runCommands$lambda$0: Take screenshot 02-search-tab-ranking-loaded RUNNING
00:33:30.097 [ INFO] maestro.cli.runner.MaestroCommandRunner.runCommands$lambda$11: Take screenshot 02-search-tab-ranking-loaded metadata CommandMetadata(numberOfRuns=null, evaluatedCommand=MaestroCommand(takeScreenshotCommand=TakeScreenshotCommand(path=02-search-tab-ranking-loaded, cropOn=null, label=null, optional=false)), logMessages=[], insight=Insight(message=, level=NONE), aiReasoning=null, labeledCommand=null)
00:33:30.098 [ INFO] maestro.Maestro.takeScreenshot: Taking screenshot
00:33:30.099 [TRACE] maestro.utils.ScreenshotUtils.takeScreenshot: Taking screenshot to output sink
00:33:30.203 [ INFO] maestro.cli.runner.MaestroCommandRunner.runCommands$lambda$2: Take screenshot 02-search-tab-ranking-loaded COMPLETED
00:33:30.203 [ INFO] maestro.cli.runner.MaestroCommandRunner.runCommands$lambda$0: Assert that "Home 탭" is visible RUNNING
00:33:30.204 [ INFO] maestro.cli.runner.MaestroCommandRunner.runCommands$lambda$11: Assert that "Home 탭" is visible metadata CommandMetadata(numberOfRuns=null, evaluatedCommand=MaestroCommand(assertConditionCommand=AssertConditionCommand(condition=Condition(platform=null, visible=ElementSelector(textRegex=Home 탭, idRegex=null, size=null, below=null, above=null, leftOf=null, rightOf=null, containsChild=null, containsDescendants=null, traits=null, index=null, enabled=null, optional=false, selected=null, checked=null, focused=null, childOf=null, css=null), notVisible=null, scriptCondition=null, label=null), timeout=null, label=null, optional=false)), logMessages=[], insight=Insight(message=, level=NONE), aiReasoning=null, labeledCommand=null)
00:33:30.420 [ INFO] maestro.cli.runner.MaestroCommandRunner.runCommands$lambda$11: Assert that "Home 탭" is visible metadata CommandMetadata(numberOfRuns=null, evaluatedCommand=MaestroCommand(assertConditionCommand=AssertConditionCommand(condition=Condition(platform=null, visible=ElementSelector(textRegex=Home 탭, idRegex=null, size=null, below=null, above=null, leftOf=null, rightOf=null, containsChild=null, containsDescendants=null, traits=null, index=null, enabled=null, optional=false, selected=null, checked=null, focused=null, childOf=null, css=null), notVisible=null, scriptCondition=null, label=null), timeout=null, label=null, optional=false)), logMessages=[], insight=Insight(message=, level=NONE), aiReasoning=null, labeledCommand=null)
00:33:30.424 [ INFO] maestro.cli.runner.MaestroCommandRunner.runCommands$lambda$2: Assert that "Home 탭" is visible COMPLETED
00:33:30.425 [ INFO] maestro.cli.runner.MaestroCommandRunner.runCommands$lambda$0: Assert that "Search 탭" is visible RUNNING
00:33:30.426 [ INFO] maestro.cli.runner.MaestroCommandRunner.runCommands$lambda$11: Assert that "Search 탭" is visible metadata CommandMetadata(numberOfRuns=null, evaluatedCommand=MaestroCommand(assertConditionCommand=AssertConditionCommand(condition=Condition(platform=null, visible=ElementSelector(textRegex=Search 탭, idRegex=null, size=null, below=null, above=null, leftOf=null, rightOf=null, containsChild=null, containsDescendants=null, traits=null, index=null, enabled=null, optional=false, selected=null, checked=null, focused=null, childOf=null, css=null), notVisible=null, scriptCondition=null, label=null), timeout=null, label=null, optional=false)), logMessages=[], insight=Insight(message=, level=NONE), aiReasoning=null, labeledCommand=null)
00:33:30.622 [ INFO] maestro.cli.runner.MaestroCommandRunner.runCommands$lambda$11: Assert that "Search 탭" is visible metadata CommandMetadata(numberOfRuns=null, evaluatedCommand=MaestroCommand(assertConditionCommand=AssertConditionCommand(condition=Condition(platform=null, visible=ElementSelector(textRegex=Search 탭, idRegex=null, size=null, below=null, above=null, leftOf=null, rightOf=null, containsChild=null, containsDescendants=null, traits=null, index=null, enabled=null, optional=false, selected=null, checked=null, focused=null, childOf=null, css=null), notVisible=null, scriptCondition=null, label=null), timeout=null, label=null, optional=false)), logMessages=[], insight=Insight(message=, level=NONE), aiReasoning=null, labeledCommand=null)
00:33:30.629 [ INFO] maestro.cli.runner.MaestroCommandRunner.runCommands$lambda$2: Assert that "Search 탭" is visible COMPLETED
00:33:30.630 [ INFO] maestro.cli.runner.MaestroCommandRunner.runCommands$lambda$0: Assert that "Submit 탭" is visible RUNNING
00:33:30.630 [ INFO] maestro.cli.runner.MaestroCommandRunner.runCommands$lambda$11: Assert that "Submit 탭" is visible metadata CommandMetadata(numberOfRuns=null, evaluatedCommand=MaestroCommand(assertConditionCommand=AssertConditionCommand(condition=Condition(platform=null, visible=ElementSelector(textRegex=Submit 탭, idRegex=null, size=null, below=null, above=null, leftOf=null, rightOf=null, containsChild=null, containsDescendants=null, traits=null, index=null, enabled=null, optional=false, selected=null, checked=null, focused=null, childOf=null, css=null), notVisible=null, scriptCondition=null, label=null), timeout=null, label=null, optional=false)), logMessages=[], insight=Insight(message=, level=NONE), aiReasoning=null, labeledCommand=null)
00:33:30.826 [ INFO] maestro.cli.runner.MaestroCommandRunner.runCommands$lambda$11: Assert that "Submit 탭" is visible metadata CommandMetadata(numberOfRuns=null, evaluatedCommand=MaestroCommand(assertConditionCommand=AssertConditionCommand(condition=Condition(platform=null, visible=ElementSelector(textRegex=Submit 탭, idRegex=null, size=null, below=null, above=null, leftOf=null, rightOf=null, containsChild=null, containsDescendants=null, traits=null, index=null, enabled=null, optional=false, selected=null, checked=null, focused=null, childOf=null, css=null), notVisible=null, scriptCondition=null, label=null), timeout=null, label=null, optional=false)), logMessages=[], insight=Insight(message=, level=NONE), aiReasoning=null, labeledCommand=null)
00:33:30.832 [ INFO] maestro.cli.runner.MaestroCommandRunner.runCommands$lambda$2: Assert that "Submit 탭" is visible COMPLETED
00:33:30.833 [ INFO] maestro.cli.runner.MaestroCommandRunner.runCommands$lambda$0: Assert that "Community 탭" is visible RUNNING
00:33:30.834 [ INFO] maestro.cli.runner.MaestroCommandRunner.runCommands$lambda$11: Assert that "Community 탭" is visible metadata CommandMetadata(numberOfRuns=null, evaluatedCommand=MaestroCommand(assertConditionCommand=AssertConditionCommand(condition=Condition(platform=null, visible=ElementSelector(textRegex=Community 탭, idRegex=null, size=null, below=null, above=null, leftOf=null, rightOf=null, containsChild=null, containsDescendants=null, traits=null, index=null, enabled=null, optional=false, selected=null, checked=null, focused=null, childOf=null, css=null), notVisible=null, scriptCondition=null, label=null), timeout=null, label=null, optional=false)), logMessages=[], insight=Insight(message=, level=NONE), aiReasoning=null, labeledCommand=null)
00:33:31.031 [ INFO] maestro.cli.runner.MaestroCommandRunner.runCommands$lambda$11: Assert that "Community 탭" is visible metadata CommandMetadata(numberOfRuns=null, evaluatedCommand=MaestroCommand(assertConditionCommand=AssertConditionCommand(condition=Condition(platform=null, visible=ElementSelector(textRegex=Community 탭, idRegex=null, size=null, below=null, above=null, leftOf=null, rightOf=null, containsChild=null, containsDescendants=null, traits=null, index=null, enabled=null, optional=false, selected=null, checked=null, focused=null, childOf=null, css=null), notVisible=null, scriptCondition=null, label=null), timeout=null, label=null, optional=false)), logMessages=[], insight=Insight(message=, level=NONE), aiReasoning=null, labeledCommand=null)
00:33:31.037 [ INFO] maestro.cli.runner.MaestroCommandRunner.runCommands$lambda$2: Assert that "Community 탭" is visible COMPLETED
00:33:31.037 [ INFO] maestro.cli.runner.MaestroCommandRunner.runCommands$lambda$0: Assert that "MyPage 탭" is visible RUNNING
00:33:31.038 [ INFO] maestro.cli.runner.MaestroCommandRunner.runCommands$lambda$11: Assert that "MyPage 탭" is visible metadata CommandMetadata(numberOfRuns=null, evaluatedCommand=MaestroCommand(assertConditionCommand=AssertConditionCommand(condition=Condition(platform=null, visible=ElementSelector(textRegex=MyPage 탭, idRegex=null, size=null, below=null, above=null, leftOf=null, rightOf=null, containsChild=null, containsDescendants=null, traits=null, index=null, enabled=null, optional=false, selected=null, checked=null, focused=null, childOf=null, css=null), notVisible=null, scriptCondition=null, label=null), timeout=null, label=null, optional=false)), logMessages=[], insight=Insight(message=, level=NONE), aiReasoning=null, labeledCommand=null)
00:33:31.230 [ INFO] maestro.cli.runner.MaestroCommandRunner.runCommands$lambda$11: Assert that "MyPage 탭" is visible metadata CommandMetadata(numberOfRuns=null, evaluatedCommand=MaestroCommand(assertConditionCommand=AssertConditionCommand(condition=Condition(platform=null, visible=ElementSelector(textRegex=MyPage 탭, idRegex=null, size=null, below=null, above=null, leftOf=null, rightOf=null, containsChild=null, containsDescendants=null, traits=null, index=null, enabled=null, optional=false, selected=null, checked=null, focused=null, childOf=null, css=null), notVisible=null, scriptCondition=null, label=null), timeout=null, label=null, optional=false)), logMessages=[], insight=Insight(message=, level=NONE), aiReasoning=null, labeledCommand=null)
00:33:31.237 [ INFO] maestro.cli.runner.MaestroCommandRunner.runCommands$lambda$2: Assert that "MyPage 탭" is visible COMPLETED
00:33:31.237 [ INFO] maestro.cli.runner.MaestroCommandRunner.runCommands$lambda$0: Take screenshot 03-search-ranking-tabbar-intact RUNNING
00:33:31.240 [ INFO] maestro.cli.runner.MaestroCommandRunner.runCommands$lambda$11: Take screenshot 03-search-ranking-tabbar-intact metadata CommandMetadata(numberOfRuns=null, evaluatedCommand=MaestroCommand(takeScreenshotCommand=TakeScreenshotCommand(path=03-search-ranking-tabbar-intact, cropOn=null, label=null, optional=false)), logMessages=[], insight=Insight(message=, level=NONE), aiReasoning=null, labeledCommand=null)
00:33:31.241 [ INFO] maestro.Maestro.takeScreenshot: Taking screenshot
00:33:31.242 [TRACE] maestro.utils.ScreenshotUtils.takeScreenshot: Taking screenshot to output sink
00:33:31.352 [ INFO] maestro.cli.runner.MaestroCommandRunner.runCommands$lambda$2: Take screenshot 03-search-ranking-tabbar-intact COMPLETED
00:33:31.353 [ INFO] maestro.cli.runner.MaestroCommandRunner.runCommands$lambda$0: Swiping in UP direction in 600 ms RUNNING
00:33:31.365 [ INFO] maestro.cli.runner.MaestroCommandRunner.runCommands$lambda$11: Swiping in UP direction in 600 ms metadata CommandMetadata(numberOfRuns=null, evaluatedCommand=MaestroCommand(swipeCommand=SwipeCommand(direction=UP, startPoint=null, endPoint=null, elementSelector=null, startRelative=null, endRelative=null, duration=600, waitToSettleTimeoutMs=null, label=null, optional=false)), logMessages=[], insight=Insight(message=, level=NONE), aiReasoning=null, labeledCommand=null)
00:33:31.391 [ INFO] device.IOSDevice.invoke-F9mIFpk: Waiting for animation to end with timeout 3000
00:33:32.563 [ INFO] device.IOSDevice.invoke-F9mIFpk: Waiting for animation to end with timeout 3000
00:33:33.191 [ INFO] maestro.cli.runner.MaestroCommandRunner.runCommands$lambda$2: Swiping in UP direction in 600 ms COMPLETED
00:33:33.192 [ INFO] maestro.cli.runner.MaestroCommandRunner.runCommands$lambda$0: Wait for animation to end RUNNING
00:33:33.192 [ INFO] maestro.cli.runner.MaestroCommandRunner.runCommands$lambda$11: Wait for animation to end metadata CommandMetadata(numberOfRuns=null, evaluatedCommand=MaestroCommand(waitForAnimationToEndCommand=WaitForAnimationToEndCommand(timeout=null, label=null, optional=false)), logMessages=[], insight=Insight(message=, level=NONE), aiReasoning=null, labeledCommand=null)
00:33:33.194 [ INFO] maestro.Maestro.waitForAnimationToEnd$lambda$51: Waiting for animation to end with timeout 15000
00:33:33.194 [TRACE] maestro.utils.ScreenshotUtils.takeScreenshot: Taking screenshot to byte array
00:33:33.194 [TRACE] maestro.utils.ScreenshotUtils.takeScreenshot: Taking screenshot to output sink
00:33:33.356 [TRACE] maestro.utils.ScreenshotUtils.takeScreenshot: Taking screenshot to byte array
00:33:33.357 [TRACE] maestro.utils.ScreenshotUtils.takeScreenshot: Taking screenshot to output sink
00:33:33.825 [ INFO] maestro.cli.runner.MaestroCommandRunner.runCommands$lambda$2: Wait for animation to end COMPLETED
00:33:33.826 [ INFO] maestro.cli.runner.MaestroCommandRunner.runCommands$lambda$0: Take screenshot 04-search-ranking-after-scroll RUNNING
00:33:33.826 [ INFO] maestro.cli.runner.MaestroCommandRunner.runCommands$lambda$11: Take screenshot 04-search-ranking-after-scroll metadata CommandMetadata(numberOfRuns=null, evaluatedCommand=MaestroCommand(takeScreenshotCommand=TakeScreenshotCommand(path=04-search-ranking-after-scroll, cropOn=null, label=null, optional=false)), logMessages=[], insight=Insight(message=, level=NONE), aiReasoning=null, labeledCommand=null)
00:33:33.826 [ INFO] maestro.Maestro.takeScreenshot: Taking screenshot
00:33:33.827 [TRACE] maestro.utils.ScreenshotUtils.takeScreenshot: Taking screenshot to output sink
00:33:33.978 [ INFO] maestro.cli.runner.MaestroCommandRunner.runCommands$lambda$2: Take screenshot 04-search-ranking-after-scroll COMPLETED
00:33:33.979 [ INFO] maestro.cli.runner.MaestroCommandRunner.runCommands$lambda$0: Assert that "Search 탭" is visible RUNNING
00:33:33.980 [ INFO] maestro.cli.runner.MaestroCommandRunner.runCommands$lambda$11: Assert that "Search 탭" is visible metadata CommandMetadata(numberOfRuns=null, evaluatedCommand=MaestroCommand(assertConditionCommand=AssertConditionCommand(condition=Condition(platform=null, visible=ElementSelector(textRegex=Search 탭, idRegex=null, size=null, below=null, above=null, leftOf=null, rightOf=null, containsChild=null, containsDescendants=null, traits=null, index=null, enabled=null, optional=false, selected=null, checked=null, focused=null, childOf=null, css=null), notVisible=null, scriptCondition=null, label=null), timeout=null, label=null, optional=false)), logMessages=[], insight=Insight(message=, level=NONE), aiReasoning=null, labeledCommand=null)
00:33:34.185 [ INFO] maestro.cli.runner.MaestroCommandRunner.runCommands$lambda$11: Assert that "Search 탭" is visible metadata CommandMetadata(numberOfRuns=null, evaluatedCommand=MaestroCommand(assertConditionCommand=AssertConditionCommand(condition=Condition(platform=null, visible=ElementSelector(textRegex=Search 탭, idRegex=null, size=null, below=null, above=null, leftOf=null, rightOf=null, containsChild=null, containsDescendants=null, traits=null, index=null, enabled=null, optional=false, selected=null, checked=null, focused=null, childOf=null, css=null), notVisible=null, scriptCondition=null, label=null), timeout=null, label=null, optional=false)), logMessages=[], insight=Insight(message=, level=NONE), aiReasoning=null, labeledCommand=null)
00:33:34.193 [ INFO] maestro.cli.runner.MaestroCommandRunner.runCommands$lambda$2: Assert that "Search 탭" is visible COMPLETED
00:33:34.194 [ INFO] maestro.cli.runner.MaestroCommandRunner.runCommands$lambda$0: Assert that "Submit 탭" is visible RUNNING
00:33:34.195 [ INFO] maestro.cli.runner.MaestroCommandRunner.runCommands$lambda$11: Assert that "Submit 탭" is visible metadata CommandMetadata(numberOfRuns=null, evaluatedCommand=MaestroCommand(assertConditionCommand=AssertConditionCommand(condition=Condition(platform=null, visible=ElementSelector(textRegex=Submit 탭, idRegex=null, size=null, below=null, above=null, leftOf=null, rightOf=null, containsChild=null, containsDescendants=null, traits=null, index=null, enabled=null, optional=false, selected=null, checked=null, focused=null, childOf=null, css=null), notVisible=null, scriptCondition=null, label=null), timeout=null, label=null, optional=false)), logMessages=[], insight=Insight(message=, level=NONE), aiReasoning=null, labeledCommand=null)
00:33:34.393 [ INFO] maestro.cli.runner.MaestroCommandRunner.runCommands$lambda$11: Assert that "Submit 탭" is visible metadata CommandMetadata(numberOfRuns=null, evaluatedCommand=MaestroCommand(assertConditionCommand=AssertConditionCommand(condition=Condition(platform=null, visible=ElementSelector(textRegex=Submit 탭, idRegex=null, size=null, below=null, above=null, leftOf=null, rightOf=null, containsChild=null, containsDescendants=null, traits=null, index=null, enabled=null, optional=false, selected=null, checked=null, focused=null, childOf=null, css=null), notVisible=null, scriptCondition=null, label=null), timeout=null, label=null, optional=false)), logMessages=[], insight=Insight(message=, level=NONE), aiReasoning=null, labeledCommand=null)
00:33:34.400 [ INFO] maestro.cli.runner.MaestroCommandRunner.runCommands$lambda$2: Assert that "Submit 탭" is visible COMPLETED
00:33:34.401 [ INFO] maestro.cli.runner.MaestroCommandRunner.runCommands$lambda$0: Assert that "MyPage 탭" is visible RUNNING
00:33:34.402 [ INFO] maestro.cli.runner.MaestroCommandRunner.runCommands$lambda$11: Assert that "MyPage 탭" is visible metadata CommandMetadata(numberOfRuns=null, evaluatedCommand=MaestroCommand(assertConditionCommand=AssertConditionCommand(condition=Condition(platform=null, visible=ElementSelector(textRegex=MyPage 탭, idRegex=null, size=null, below=null, above=null, leftOf=null, rightOf=null, containsChild=null, containsDescendants=null, traits=null, index=null, enabled=null, optional=false, selected=null, checked=null, focused=null, childOf=null, css=null), notVisible=null, scriptCondition=null, label=null), timeout=null, label=null, optional=false)), logMessages=[], insight=Insight(message=, level=NONE), aiReasoning=null, labeledCommand=null)
00:33:34.599 [ INFO] maestro.cli.runner.MaestroCommandRunner.runCommands$lambda$11: Assert that "MyPage 탭" is visible metadata CommandMetadata(numberOfRuns=null, evaluatedCommand=MaestroCommand(assertConditionCommand=AssertConditionCommand(condition=Condition(platform=null, visible=ElementSelector(textRegex=MyPage 탭, idRegex=null, size=null, below=null, above=null, leftOf=null, rightOf=null, containsChild=null, containsDescendants=null, traits=null, index=null, enabled=null, optional=false, selected=null, checked=null, focused=null, childOf=null, css=null), notVisible=null, scriptCondition=null, label=null), timeout=null, label=null, optional=false)), logMessages=[], insight=Insight(message=, level=NONE), aiReasoning=null, labeledCommand=null)
00:33:34.607 [ INFO] maestro.cli.runner.MaestroCommandRunner.runCommands$lambda$2: Assert that "MyPage 탭" is visible COMPLETED
00:33:34.607 [ INFO] maestro.cli.runner.MaestroCommandRunner.runCommands$lambda$0: Take screenshot 05-search-ranking-after-scroll-tabbar RUNNING
00:33:34.608 [ INFO] maestro.cli.runner.MaestroCommandRunner.runCommands$lambda$11: Take screenshot 05-search-ranking-after-scroll-tabbar metadata CommandMetadata(numberOfRuns=null, evaluatedCommand=MaestroCommand(takeScreenshotCommand=TakeScreenshotCommand(path=05-search-ranking-after-scroll-tabbar, cropOn=null, label=null, optional=false)), logMessages=[], insight=Insight(message=, level=NONE), aiReasoning=null, labeledCommand=null)
00:33:34.610 [ INFO] maestro.Maestro.takeScreenshot: Taking screenshot
00:33:34.610 [TRACE] maestro.utils.ScreenshotUtils.takeScreenshot: Taking screenshot to output sink
00:33:34.717 [ INFO] maestro.cli.runner.MaestroCommandRunner.runCommands$lambda$2: Take screenshot 05-search-ranking-after-scroll-tabbar COMPLETED
00:33:34.718 [ INFO] maestro.cli.runner.MaestroCommandRunner.runCommands$lambda$0: Swiping in DOWN direction in 600 ms RUNNING
00:33:34.718 [ INFO] maestro.cli.runner.MaestroCommandRunner.runCommands$lambda$11: Swiping in DOWN direction in 600 ms metadata CommandMetadata(numberOfRuns=null, evaluatedCommand=MaestroCommand(swipeCommand=SwipeCommand(direction=DOWN, startPoint=null, endPoint=null, elementSelector=null, startRelative=null, endRelative=null, duration=600, waitToSettleTimeoutMs=null, label=null, optional=false)), logMessages=[], insight=Insight(message=, level=NONE), aiReasoning=null, labeledCommand=null)
00:33:34.738 [ INFO] device.IOSDevice.invoke-F9mIFpk: Waiting for animation to end with timeout 3000
00:33:36.062 [ INFO] device.IOSDevice.invoke-F9mIFpk: Waiting for animation to end with timeout 3000
00:33:36.305 [ INFO] maestro.cli.runner.MaestroCommandRunner.runCommands$lambda$2: Swiping in DOWN direction in 600 ms COMPLETED
00:33:36.306 [ INFO] maestro.cli.runner.MaestroCommandRunner.runCommands$lambda$0: Wait for animation to end RUNNING
00:33:36.307 [ INFO] maestro.cli.runner.MaestroCommandRunner.runCommands$lambda$11: Wait for animation to end metadata CommandMetadata(numberOfRuns=null, evaluatedCommand=MaestroCommand(waitForAnimationToEndCommand=WaitForAnimationToEndCommand(timeout=null, label=null, optional=false)), logMessages=[], insight=Insight(message=, level=NONE), aiReasoning=null, labeledCommand=null)
00:33:36.308 [ INFO] maestro.Maestro.waitForAnimationToEnd$lambda$51: Waiting for animation to end with timeout 15000
00:33:36.308 [TRACE] maestro.utils.ScreenshotUtils.takeScreenshot: Taking screenshot to byte array
00:33:36.308 [TRACE] maestro.utils.ScreenshotUtils.takeScreenshot: Taking screenshot to output sink
00:33:36.482 [TRACE] maestro.utils.ScreenshotUtils.takeScreenshot: Taking screenshot to byte array
00:33:36.482 [TRACE] maestro.utils.ScreenshotUtils.takeScreenshot: Taking screenshot to output sink
00:33:36.942 [ INFO] maestro.cli.runner.MaestroCommandRunner.runCommands$lambda$2: Wait for animation to end COMPLETED
00:33:36.943 [ INFO] maestro.cli.runner.MaestroCommandRunner.runCommands$lambda$0: Assert that "스토어 랭킹" is visible RUNNING
00:33:36.943 [ INFO] maestro.cli.runner.MaestroCommandRunner.runCommands$lambda$11: Assert that "스토어 랭킹" is visible metadata CommandMetadata(numberOfRuns=null, evaluatedCommand=MaestroCommand(assertConditionCommand=AssertConditionCommand(condition=Condition(platform=null, visible=ElementSelector(textRegex=스토어 랭킹, idRegex=null, size=null, below=null, above=null, leftOf=null, rightOf=null, containsChild=null, containsDescendants=null, traits=null, index=null, enabled=null, optional=false, selected=null, checked=null, focused=null, childOf=null, css=null), notVisible=null, scriptCondition=null, label=null), timeout=null, label=null, optional=false)), logMessages=[], insight=Insight(message=, level=NONE), aiReasoning=null, labeledCommand=null)
00:33:37.157 [ INFO] maestro.cli.runner.MaestroCommandRunner.runCommands$lambda$11: Assert that "스토어 랭킹" is visible metadata CommandMetadata(numberOfRuns=null, evaluatedCommand=MaestroCommand(assertConditionCommand=AssertConditionCommand(condition=Condition(platform=null, visible=ElementSelector(textRegex=스토어 랭킹, idRegex=null, size=null, below=null, above=null, leftOf=null, rightOf=null, containsChild=null, containsDescendants=null, traits=null, index=null, enabled=null, optional=false, selected=null, checked=null, focused=null, childOf=null, css=null), notVisible=null, scriptCondition=null, label=null), timeout=null, label=null, optional=false)), logMessages=[], insight=Insight(message=, level=NONE), aiReasoning=null, labeledCommand=null)
00:33:37.162 [ INFO] maestro.cli.runner.MaestroCommandRunner.runCommands$lambda$2: Assert that "스토어 랭킹" is visible COMPLETED
00:33:37.162 [ INFO] maestro.cli.runner.MaestroCommandRunner.runCommands$lambda$0: Assert that "쇼핑몰 랭킹" is visible RUNNING
00:33:37.163 [ INFO] maestro.cli.runner.MaestroCommandRunner.runCommands$lambda$11: Assert that "쇼핑몰 랭킹" is visible metadata CommandMetadata(numberOfRuns=null, evaluatedCommand=MaestroCommand(assertConditionCommand=AssertConditionCommand(condition=Condition(platform=null, visible=ElementSelector(textRegex=쇼핑몰 랭킹, idRegex=null, size=null, below=null, above=null, leftOf=null, rightOf=null, containsChild=null, containsDescendants=null, traits=null, index=null, enabled=null, optional=false, selected=null, checked=null, focused=null, childOf=null, css=null), notVisible=null, scriptCondition=null, label=null), timeout=null, label=null, optional=false)), logMessages=[], insight=Insight(message=, level=NONE), aiReasoning=null, labeledCommand=null)
00:33:37.355 [ INFO] maestro.cli.runner.MaestroCommandRunner.runCommands$lambda$11: Assert that "쇼핑몰 랭킹" is visible metadata CommandMetadata(numberOfRuns=null, evaluatedCommand=MaestroCommand(assertConditionCommand=AssertConditionCommand(condition=Condition(platform=null, visible=ElementSelector(textRegex=쇼핑몰 랭킹, idRegex=null, size=null, below=null, above=null, leftOf=null, rightOf=null, containsChild=null, containsDescendants=null, traits=null, index=null, enabled=null, optional=false, selected=null, checked=null, focused=null, childOf=null, css=null), notVisible=null, scriptCondition=null, label=null), timeout=null, label=null, optional=false)), logMessages=[], insight=Insight(message=, level=NONE), aiReasoning=null, labeledCommand=null)
00:33:37.361 [ INFO] maestro.cli.runner.MaestroCommandRunner.runCommands$lambda$2: Assert that "쇼핑몰 랭킹" is visible COMPLETED
00:33:37.362 [ INFO] maestro.cli.runner.MaestroCommandRunner.runCommands$lambda$0: Take screenshot 06-search-ranking-back-to-top RUNNING
00:33:37.363 [ INFO] maestro.cli.runner.MaestroCommandRunner.runCommands$lambda$11: Take screenshot 06-search-ranking-back-to-top metadata CommandMetadata(numberOfRuns=null, evaluatedCommand=MaestroCommand(takeScreenshotCommand=TakeScreenshotCommand(path=06-search-ranking-back-to-top, cropOn=null, label=null, optional=false)), logMessages=[], insight=Insight(message=, level=NONE), aiReasoning=null, labeledCommand=null)
00:33:37.364 [ INFO] maestro.Maestro.takeScreenshot: Taking screenshot
00:33:37.364 [TRACE] maestro.utils.ScreenshotUtils.takeScreenshot: Taking screenshot to output sink
00:33:37.470 [ INFO] maestro.cli.runner.MaestroCommandRunner.runCommands$lambda$2: Take screenshot 06-search-ranking-back-to-top COMPLETED
00:33:37.714 [ INFO] maestro.cli.report.TestDebugReporter.deleteOldFiles: Performing purge of logs older than 14 days from /Users/pc/.maestro/tests
