00:45:27.598 [ INFO] maestro.cli.report.TestDebugReporter.logSystemInfo: Debug output path: /Users/pc/.maestro/tests/2026-06-21_004527
00:45:27.599 [ INFO] MAESTRO.logSystemInfo: ---- System Info ----
00:45:27.600 [ INFO] MAESTRO.logSystemInfo: Maestro Version: 2.6.1
00:45:27.600 [ INFO] MAESTRO.logSystemInfo: CI: Undefined
00:45:27.600 [ INFO] MAESTRO.logSystemInfo: OS Name: Mac OS X
00:45:27.601 [ INFO] MAESTRO.logSystemInfo: OS Version: 26.5.1
00:45:27.601 [ INFO] MAESTRO.logSystemInfo: Architecture: aarch64
00:45:27.601 [ INFO] MAESTRO.logSystemInfo: Java Version: 17
00:45:27.663 [ INFO] MAESTRO.logSystemInfo: Xcode Version: 26.5
00:45:27.666 [ INFO] MAESTRO.logSystemInfo: Flutter Version: Undefined
00:45:27.669 [ INFO] MAESTRO.logSystemInfo: Flutter Channel: Undefined
00:45:27.669 [ INFO] MAESTRO.logSystemInfo: ---------------------
00:45:27.881 [DEBUG] io.micrometer.common.util.internal.logging.InternalLoggerFactory.newDefaultFactory: Using SLF4J as the default logging framework
00:45:28.785 [ INFO] maestro.cli.command.TestCommand.runShardSuite: [shard 1] Selected device 554C23CD-3E20-49B0-A43F-6BBBF9BA2AD9 using port 52761 with execution plan ExecutionPlan(flowsToRun=[/Users/pc/Documents/RN_GongGu_Calendar/.maestro/search-ranking-test.yaml], sequence=FlowSequence(flows=[], continueOnFailure=true), workspaceConfig=WorkspaceConfig(flows=null, includeTags=null, excludeTags=null, executionOrder=null, baselineBranch=null, notifications=null, disableRetries=false, platform=PlatformConfiguration(android=AndroidConfiguration(disableAnimations=false), ios=IOSConfiguration(disableAnimations=false, snapshotKeyHonorModalViews=null)), testOutputDir=null))
00:45:29.001 [TRACE] ios.xctest.XCTestIOSDevice.open: Opening a connection
00:45:29.001 [TRACE] xcuitest.XCTestDriverClient.restartXCTestRunner: Restarting XCTest Runner (uninstalling, installing and starting)
00:45:29.001 [ INFO] xcuitest.installer.LocalXCTestInstaller.xcTestDriverStatusCheck: [Start] Perform XCUITest driver status check on 554C23CD-3E20-49B0-A43F-6BBBF9BA2AD9
00:45:29.003 [ INFO] xcuitest.installer.LocalXCTestInstaller.xcTestDriverStatusCheck: [Failed] Perform XCUITest driver status check on 554C23CD-3E20-49B0-A43F-6BBBF9BA2AD9, exception: java.net.ConnectException: Failed to connect to /127.0.0.1:52761
00:45:29.003 [TRACE] xcuitest.XCTestDriverClient.restartXCTestRunner: XCTest Runner uninstalled, will install and start it
00:45:29.003 [ INFO] xcuitest.installer.LocalXCTestInstaller.start$lambda$3: start()
00:45:29.003 [ INFO] xcuitest.installer.LocalXCTestInstaller.start$lambda$3: [Start] Install XCUITest runner on 554C23CD-3E20-49B0-A43F-6BBBF9BA2AD9
00:45:29.003 [ INFO] xcuitest.installer.LocalXCTestInstaller.xcTestDriverStatusCheck: [Start] Perform XCUITest driver status check on 554C23CD-3E20-49B0-A43F-6BBBF9BA2AD9
00:45:29.004 [ INFO] xcuitest.installer.LocalXCTestInstaller.xcTestDriverStatusCheck: [Failed] Perform XCUITest driver status check on 554C23CD-3E20-49B0-A43F-6BBBF9BA2AD9, exception: java.net.ConnectException: Failed to connect to /127.0.0.1:52761
00:45:29.004 [ INFO] xcuitest.installer.IOSBuildProductsExtractor.extract: [Start] Writing build products
00:45:29.044 [ INFO] xcuitest.installer.IOSBuildProductsExtractor.extract: [Done] Writing build products
00:45:29.044 [ INFO] xcuitest.installer.IOSBuildProductsExtractor.extract: [Start] Writing maestro-driver-iosUITests-Runner app
00:45:29.195 [ INFO] xcuitest.installer.IOSBuildProductsExtractor.extract: [Done] Writing maestro-driver-iosUITests-Runner app
00:45:29.196 [ INFO] xcuitest.installer.IOSBuildProductsExtractor.extract: [Start] Writing maestro-driver-ios app
00:45:29.200 [ INFO] xcuitest.installer.IOSBuildProductsExtractor.extract: [Done] Writing maestro-driver-ios app
00:45:29.201 [ INFO] xcuitest.installer.LocalXCTestInstaller.startXCTestRunner: Installing driver with xcodebuild
00:45:29.203 [ INFO] xcuitest.installer.LocalXCTestInstaller.startXCTestRunner: [Start] Running XcUITest with `xcodebuild test-without-building` with 52761 and config: IOSDriverConfig(prebuiltRunner=false, sourceDirectory=driver-iPhoneSimulator, context=CLI, snapshotKeyHonorModalViews=null)
00:45:29.204 [ INFO] util.CommandLineUtils.runCommand: Running command line operation: [xcodebuild, test-without-building, -xctestrun, /var/folders/_7/h01n60s1189_cgkl4chh3jgh0000gn/T/554C23CD-3E20-49B0-A43F-6BBBF9BA2AD912317492430493326975/maestro-driver-ios-config.xctestrun, -destination, id=554C23CD-3E20-49B0-A43F-6BBBF9BA2AD9, -derivedDataPath, /var/folders/_7/h01n60s1189_cgkl4chh3jgh0000gn/T/maestro_xctestrunner_xcodebuild_output5622518633346343109] with {TEST_RUNNER_PORT=52761}
00:45:29.207 [ INFO] xcuitest.installer.LocalXCTestInstaller.startXCTestRunner: [Done] Running XcUITest with `xcodebuild test-without-building`
00:45:29.208 [ INFO] xcuitest.installer.LocalXCTestInstaller.start$lambda$3: [Done] Install XCUITest runner on 554C23CD-3E20-49B0-A43F-6BBBF9BA2AD9
00:45:29.208 [ INFO] xcuitest.installer.LocalXCTestInstaller.xcTestDriverStatusCheck: [Start] Perform XCUITest driver status check on 554C23CD-3E20-49B0-A43F-6BBBF9BA2AD9
00:45:29.208 [ INFO] xcuitest.installer.LocalXCTestInstaller.xcTestDriverStatusCheck: [Failed] Perform XCUITest driver status check on 554C23CD-3E20-49B0-A43F-6BBBF9BA2AD9, exception: java.net.ConnectException: Failed to connect to /127.0.0.1:52761
00:45:29.859 [ INFO] xcuitest.installer.LocalXCTestInstaller.xcTestDriverStatusCheck: [Start] Perform XCUITest driver status check on 554C23CD-3E20-49B0-A43F-6BBBF9BA2AD9
00:45:29.860 [ INFO] xcuitest.installer.LocalXCTestInstaller.xcTestDriverStatusCheck: [Failed] Perform XCUITest driver status check on 554C23CD-3E20-49B0-A43F-6BBBF9BA2AD9, exception: java.net.ConnectException: Failed to connect to /127.0.0.1:52761
00:45:30.481 [ INFO] xcuitest.installer.LocalXCTestInstaller.xcTestDriverStatusCheck: [Start] Perform XCUITest driver status check on 554C23CD-3E20-49B0-A43F-6BBBF9BA2AD9
00:45:30.482 [ INFO] xcuitest.installer.LocalXCTestInstaller.xcTestDriverStatusCheck: [Failed] Perform XCUITest driver status check on 554C23CD-3E20-49B0-A43F-6BBBF9BA2AD9, exception: java.net.ConnectException: Failed to connect to /127.0.0.1:52761
00:45:31.132 [ INFO] xcuitest.installer.LocalXCTestInstaller.xcTestDriverStatusCheck: [Start] Perform XCUITest driver status check on 554C23CD-3E20-49B0-A43F-6BBBF9BA2AD9
00:45:31.133 [ INFO] xcuitest.installer.LocalXCTestInstaller.xcTestDriverStatusCheck: [Failed] Perform XCUITest driver status check on 554C23CD-3E20-49B0-A43F-6BBBF9BA2AD9, exception: java.net.ConnectException: Failed to connect to /127.0.0.1:52761
00:45:31.767 [ INFO] xcuitest.installer.LocalXCTestInstaller.xcTestDriverStatusCheck: [Start] Perform XCUITest driver status check on 554C23CD-3E20-49B0-A43F-6BBBF9BA2AD9
00:45:31.768 [ INFO] xcuitest.installer.LocalXCTestInstaller.xcTestDriverStatusCheck: [Failed] Perform XCUITest driver status check on 554C23CD-3E20-49B0-A43F-6BBBF9BA2AD9, exception: java.net.ConnectException: Failed to connect to /127.0.0.1:52761
00:45:32.293 [ INFO] xcuitest.installer.LocalXCTestInstaller.xcTestDriverStatusCheck: [Start] Perform XCUITest driver status check on 554C23CD-3E20-49B0-A43F-6BBBF9BA2AD9
00:45:32.296 [ INFO] xcuitest.installer.LocalXCTestInstaller.xcTestDriverStatusCheck: [Failed] Perform XCUITest driver status check on 554C23CD-3E20-49B0-A43F-6BBBF9BA2AD9, exception: java.net.ConnectException: Failed to connect to /127.0.0.1:52761
00:45:32.913 [ INFO] xcuitest.installer.LocalXCTestInstaller.xcTestDriverStatusCheck: [Start] Perform XCUITest driver status check on 554C23CD-3E20-49B0-A43F-6BBBF9BA2AD9
00:45:32.915 [ INFO] xcuitest.installer.LocalXCTestInstaller.xcTestDriverStatusCheck: [Failed] Perform XCUITest driver status check on 554C23CD-3E20-49B0-A43F-6BBBF9BA2AD9, exception: java.net.ConnectException: Failed to connect to /127.0.0.1:52761
00:45:33.539 [ INFO] xcuitest.installer.LocalXCTestInstaller.xcTestDriverStatusCheck: [Start] Perform XCUITest driver status check on 554C23CD-3E20-49B0-A43F-6BBBF9BA2AD9
00:45:33.543 [ INFO] xcuitest.installer.LocalXCTestInstaller.xcTestDriverStatusCheck: [Failed] Perform XCUITest driver status check on 554C23CD-3E20-49B0-A43F-6BBBF9BA2AD9, exception: java.net.ConnectException: Failed to connect to /127.0.0.1:52761
00:45:34.192 [ INFO] xcuitest.installer.LocalXCTestInstaller.xcTestDriverStatusCheck: [Start] Perform XCUITest driver status check on 554C23CD-3E20-49B0-A43F-6BBBF9BA2AD9
00:45:34.195 [ INFO] xcuitest.installer.LocalXCTestInstaller.xcTestDriverStatusCheck: [Failed] Perform XCUITest driver status check on 554C23CD-3E20-49B0-A43F-6BBBF9BA2AD9, exception: java.net.ConnectException: Failed to connect to /127.0.0.1:52761
00:45:34.840 [ INFO] xcuitest.installer.LocalXCTestInstaller.xcTestDriverStatusCheck: [Start] Perform XCUITest driver status check on 554C23CD-3E20-49B0-A43F-6BBBF9BA2AD9
00:45:34.841 [ INFO] xcuitest.installer.LocalXCTestInstaller.xcTestDriverStatusCheck: [Failed] Perform XCUITest driver status check on 554C23CD-3E20-49B0-A43F-6BBBF9BA2AD9, exception: java.net.ConnectException: Failed to connect to /127.0.0.1:52761
00:45:35.342 [ INFO] xcuitest.installer.LocalXCTestInstaller.xcTestDriverStatusCheck: [Start] Perform XCUITest driver status check on 554C23CD-3E20-49B0-A43F-6BBBF9BA2AD9
00:45:35.346 [ INFO] xcuitest.installer.LocalXCTestInstaller.xcTestDriverStatusCheck: [Failed] Perform XCUITest driver status check on 554C23CD-3E20-49B0-A43F-6BBBF9BA2AD9, exception: java.net.ConnectException: Failed to connect to /127.0.0.1:52761
00:45:35.982 [ INFO] xcuitest.installer.LocalXCTestInstaller.xcTestDriverStatusCheck: [Start] Perform XCUITest driver status check on 554C23CD-3E20-49B0-A43F-6BBBF9BA2AD9
00:45:35.983 [ INFO] xcuitest.installer.LocalXCTestInstaller.xcTestDriverStatusCheck: [Failed] Perform XCUITest driver status check on 554C23CD-3E20-49B0-A43F-6BBBF9BA2AD9, exception: java.net.ConnectException: Failed to connect to /127.0.0.1:52761
00:45:36.498 [ INFO] xcuitest.installer.LocalXCTestInstaller.xcTestDriverStatusCheck: [Start] Perform XCUITest driver status check on 554C23CD-3E20-49B0-A43F-6BBBF9BA2AD9
00:45:36.512 [ INFO] xcuitest.installer.LocalXCTestInstaller.xcTestDriverStatusCheck: [Failed] Perform XCUITest driver status check on 554C23CD-3E20-49B0-A43F-6BBBF9BA2AD9, exception: java.net.ConnectException: Failed to connect to /127.0.0.1:52761
00:45:37.026 [ INFO] xcuitest.installer.LocalXCTestInstaller.xcTestDriverStatusCheck: [Start] Perform XCUITest driver status check on 554C23CD-3E20-49B0-A43F-6BBBF9BA2AD9
00:45:37.029 [ INFO] xcuitest.installer.LocalXCTestInstaller.xcTestDriverStatusCheck: [Failed] Perform XCUITest driver status check on 554C23CD-3E20-49B0-A43F-6BBBF9BA2AD9, exception: java.net.ConnectException: Failed to connect to /127.0.0.1:52761
00:45:37.673 [ INFO] xcuitest.installer.LocalXCTestInstaller.xcTestDriverStatusCheck: [Start] Perform XCUITest driver status check on 554C23CD-3E20-49B0-A43F-6BBBF9BA2AD9
00:45:37.685 [ INFO] xcuitest.installer.LocalXCTestInstaller.xcTestDriverStatusCheck: [Failed] Perform XCUITest driver status check on 554C23CD-3E20-49B0-A43F-6BBBF9BA2AD9, exception: java.net.ConnectException: Failed to connect to /127.0.0.1:52761
00:45:38.298 [ INFO] xcuitest.installer.LocalXCTestInstaller.xcTestDriverStatusCheck: [Start] Perform XCUITest driver status check on 554C23CD-3E20-49B0-A43F-6BBBF9BA2AD9
00:45:38.301 [ INFO] xcuitest.installer.LocalXCTestInstaller.xcTestDriverStatusCheck: [Failed] Perform XCUITest driver status check on 554C23CD-3E20-49B0-A43F-6BBBF9BA2AD9, exception: java.net.ConnectException: Failed to connect to /127.0.0.1:52761
00:45:38.954 [ INFO] xcuitest.installer.LocalXCTestInstaller.xcTestDriverStatusCheck: [Start] Perform XCUITest driver status check on 554C23CD-3E20-49B0-A43F-6BBBF9BA2AD9
00:45:38.962 [ INFO] xcuitest.installer.LocalXCTestInstaller.xcTestDriverStatusCheck: [Failed] Perform XCUITest driver status check on 554C23CD-3E20-49B0-A43F-6BBBF9BA2AD9, exception: java.net.ConnectException: Failed to connect to /127.0.0.1:52761
00:45:39.651 [ INFO] xcuitest.installer.LocalXCTestInstaller.xcTestDriverStatusCheck: [Start] Perform XCUITest driver status check on 554C23CD-3E20-49B0-A43F-6BBBF9BA2AD9
00:45:39.655 [ INFO] xcuitest.installer.LocalXCTestInstaller.xcTestDriverStatusCheck: [Failed] Perform XCUITest driver status check on 554C23CD-3E20-49B0-A43F-6BBBF9BA2AD9, exception: java.net.ConnectException: Failed to connect to /127.0.0.1:52761
00:45:40.297 [ INFO] xcuitest.installer.LocalXCTestInstaller.xcTestDriverStatusCheck: [Start] Perform XCUITest driver status check on 554C23CD-3E20-49B0-A43F-6BBBF9BA2AD9
00:45:40.307 [ INFO] xcuitest.installer.LocalXCTestInstaller.xcTestDriverStatusCheck: [Failed] Perform XCUITest driver status check on 554C23CD-3E20-49B0-A43F-6BBBF9BA2AD9, exception: java.net.ConnectException: Failed to connect to /127.0.0.1:52761
00:45:40.897 [ INFO] xcuitest.installer.LocalXCTestInstaller.xcTestDriverStatusCheck: [Start] Perform XCUITest driver status check on 554C23CD-3E20-49B0-A43F-6BBBF9BA2AD9
00:45:40.898 [ INFO] xcuitest.installer.LocalXCTestInstaller.xcTestDriverStatusCheck: [Failed] Perform XCUITest driver status check on 554C23CD-3E20-49B0-A43F-6BBBF9BA2AD9, exception: java.net.ConnectException: Failed to connect to /127.0.0.1:52761
00:45:41.486 [ INFO] xcuitest.installer.LocalXCTestInstaller.xcTestDriverStatusCheck: [Start] Perform XCUITest driver status check on 554C23CD-3E20-49B0-A43F-6BBBF9BA2AD9
00:45:41.489 [ INFO] xcuitest.installer.LocalXCTestInstaller.xcTestDriverStatusCheck: [Failed] Perform XCUITest driver status check on 554C23CD-3E20-49B0-A43F-6BBBF9BA2AD9, exception: java.net.ConnectException: Failed to connect to /127.0.0.1:52761
00:45:42.108 [ INFO] xcuitest.installer.LocalXCTestInstaller.xcTestDriverStatusCheck: [Start] Perform XCUITest driver status check on 554C23CD-3E20-49B0-A43F-6BBBF9BA2AD9
00:45:42.109 [ INFO] xcuitest.installer.LocalXCTestInstaller.xcTestDriverStatusCheck: [Failed] Perform XCUITest driver status check on 554C23CD-3E20-49B0-A43F-6BBBF9BA2AD9, exception: java.net.ConnectException: Failed to connect to /127.0.0.1:52761
00:45:42.762 [ INFO] xcuitest.installer.LocalXCTestInstaller.xcTestDriverStatusCheck: [Start] Perform XCUITest driver status check on 554C23CD-3E20-49B0-A43F-6BBBF9BA2AD9
00:45:42.786 [ INFO] xcuitest.installer.LocalXCTestInstaller.xcTestDriverStatusCheck: [Failed] Perform XCUITest driver status check on 554C23CD-3E20-49B0-A43F-6BBBF9BA2AD9, exception: java.net.ConnectException: Failed to connect to /127.0.0.1:52761
00:45:43.426 [ INFO] xcuitest.installer.LocalXCTestInstaller.xcTestDriverStatusCheck: [Start] Perform XCUITest driver status check on 554C23CD-3E20-49B0-A43F-6BBBF9BA2AD9
00:45:43.434 [ INFO] xcuitest.installer.LocalXCTestInstaller.xcTestDriverStatusCheck: [Failed] Perform XCUITest driver status check on 554C23CD-3E20-49B0-A43F-6BBBF9BA2AD9, exception: java.net.ConnectException: Failed to connect to /127.0.0.1:52761
00:45:44.022 [ INFO] xcuitest.installer.LocalXCTestInstaller.xcTestDriverStatusCheck: [Start] Perform XCUITest driver status check on 554C23CD-3E20-49B0-A43F-6BBBF9BA2AD9
00:45:44.034 [ INFO] xcuitest.installer.LocalXCTestInstaller.xcTestDriverStatusCheck: [Failed] Perform XCUITest driver status check on 554C23CD-3E20-49B0-A43F-6BBBF9BA2AD9, exception: java.net.ConnectException: Failed to connect to /127.0.0.1:52761
00:45:44.631 [ INFO] xcuitest.installer.LocalXCTestInstaller.xcTestDriverStatusCheck: [Start] Perform XCUITest driver status check on 554C23CD-3E20-49B0-A43F-6BBBF9BA2AD9
00:45:44.677 [ INFO] xcuitest.installer.LocalXCTestInstaller.xcTestDriverStatusCheck: [Failed] Perform XCUITest driver status check on 554C23CD-3E20-49B0-A43F-6BBBF9BA2AD9, exception: java.net.ConnectException: Failed to connect to /127.0.0.1:52761
00:45:45.333 [ INFO] xcuitest.installer.LocalXCTestInstaller.xcTestDriverStatusCheck: [Start] Perform XCUITest driver status check on 554C23CD-3E20-49B0-A43F-6BBBF9BA2AD9
00:45:45.341 [ INFO] xcuitest.installer.LocalXCTestInstaller.xcTestDriverStatusCheck: [Failed] Perform XCUITest driver status check on 554C23CD-3E20-49B0-A43F-6BBBF9BA2AD9, exception: java.net.ConnectException: Failed to connect to /127.0.0.1:52761
00:45:45.937 [ INFO] xcuitest.installer.LocalXCTestInstaller.xcTestDriverStatusCheck: [Start] Perform XCUITest driver status check on 554C23CD-3E20-49B0-A43F-6BBBF9BA2AD9
00:45:45.940 [ INFO] xcuitest.installer.LocalXCTestInstaller.xcTestDriverStatusCheck: [Failed] Perform XCUITest driver status check on 554C23CD-3E20-49B0-A43F-6BBBF9BA2AD9, exception: java.net.ConnectException: Failed to connect to /127.0.0.1:52761
00:45:46.615 [ INFO] xcuitest.installer.LocalXCTestInstaller.xcTestDriverStatusCheck: [Start] Perform XCUITest driver status check on 554C23CD-3E20-49B0-A43F-6BBBF9BA2AD9
00:45:46.646 [ INFO] xcuitest.installer.LocalXCTestInstaller.xcTestDriverStatusCheck: [Failed] Perform XCUITest driver status check on 554C23CD-3E20-49B0-A43F-6BBBF9BA2AD9, exception: java.net.ConnectException: Failed to connect to /127.0.0.1:52761
00:45:47.290 [ INFO] xcuitest.installer.LocalXCTestInstaller.xcTestDriverStatusCheck: [Start] Perform XCUITest driver status check on 554C23CD-3E20-49B0-A43F-6BBBF9BA2AD9
00:45:47.292 [ INFO] xcuitest.installer.LocalXCTestInstaller.xcTestDriverStatusCheck: [Failed] Perform XCUITest driver status check on 554C23CD-3E20-49B0-A43F-6BBBF9BA2AD9, exception: java.net.ConnectException: Failed to connect to /127.0.0.1:52761
00:45:47.939 [ INFO] xcuitest.installer.LocalXCTestInstaller.xcTestDriverStatusCheck: [Start] Perform XCUITest driver status check on 554C23CD-3E20-49B0-A43F-6BBBF9BA2AD9
00:45:47.945 [ INFO] xcuitest.installer.LocalXCTestInstaller.xcTestDriverStatusCheck: [Failed] Perform XCUITest driver status check on 554C23CD-3E20-49B0-A43F-6BBBF9BA2AD9, exception: java.net.ConnectException: Failed to connect to /127.0.0.1:52761
00:45:48.636 [ INFO] xcuitest.installer.LocalXCTestInstaller.xcTestDriverStatusCheck: [Start] Perform XCUITest driver status check on 554C23CD-3E20-49B0-A43F-6BBBF9BA2AD9
00:45:48.646 [ INFO] xcuitest.installer.LocalXCTestInstaller.xcTestDriverStatusCheck: [Failed] Perform XCUITest driver status check on 554C23CD-3E20-49B0-A43F-6BBBF9BA2AD9, exception: java.net.ConnectException: Failed to connect to /127.0.0.1:52761
00:45:49.294 [ INFO] xcuitest.installer.LocalXCTestInstaller.xcTestDriverStatusCheck: [Start] Perform XCUITest driver status check on 554C23CD-3E20-49B0-A43F-6BBBF9BA2AD9
00:45:49.389 [ INFO] xcuitest.installer.LocalXCTestInstaller.xcTestDriverStatusCheck: [Failed] Perform XCUITest driver status check on 554C23CD-3E20-49B0-A43F-6BBBF9BA2AD9, exception: java.net.ConnectException: Failed to connect to /127.0.0.1:52761
00:45:50.002 [ INFO] xcuitest.installer.LocalXCTestInstaller.xcTestDriverStatusCheck: [Start] Perform XCUITest driver status check on 554C23CD-3E20-49B0-A43F-6BBBF9BA2AD9
00:45:50.009 [ INFO] xcuitest.installer.LocalXCTestInstaller.xcTestDriverStatusCheck: [Failed] Perform XCUITest driver status check on 554C23CD-3E20-49B0-A43F-6BBBF9BA2AD9, exception: java.net.ConnectException: Failed to connect to /127.0.0.1:52761
00:45:50.633 [ INFO] xcuitest.installer.LocalXCTestInstaller.xcTestDriverStatusCheck: [Start] Perform XCUITest driver status check on 554C23CD-3E20-49B0-A43F-6BBBF9BA2AD9
00:45:50.638 [ INFO] xcuitest.installer.LocalXCTestInstaller.xcTestDriverStatusCheck: [Failed] Perform XCUITest driver status check on 554C23CD-3E20-49B0-A43F-6BBBF9BA2AD9, exception: java.net.ConnectException: Failed to connect to /127.0.0.1:52761
00:45:51.259 [ INFO] xcuitest.installer.LocalXCTestInstaller.xcTestDriverStatusCheck: [Start] Perform XCUITest driver status check on 554C23CD-3E20-49B0-A43F-6BBBF9BA2AD9
00:45:51.298 [ INFO] xcuitest.installer.LocalXCTestInstaller.xcTestDriverStatusCheck: [Done] Perform XCUITest driver status check on 554C23CD-3E20-49B0-A43F-6BBBF9BA2AD9
00:45:51.476 [ INFO] maestro.cli.runner.TestRunner.runSingle$lambda$0: Running flow search-ranking-test.yaml...
00:45:51.508 [ INFO] maestro.Maestro.cachedDeviceInfo_delegate$lambda$0: Getting device info
00:45:52.098 [ INFO] maestro.Maestro.cachedDeviceInfo_delegate$lambda$0: Got device info: DeviceInfo(platform=IOS, widthPixels=1170, heightPixels=2532, widthGrid=390, heightGrid=844)
00:45:52.202 [ INFO] maestro.cli.runner.MaestroCommandRunner.runCommands$lambda$0: Define variables RUNNING
00:45:52.207 [ INFO] maestro.cli.runner.MaestroCommandRunner.runCommands$lambda$11: Define variables metadata CommandMetadata(numberOfRuns=null, evaluatedCommand=MaestroCommand(defineVariablesCommand=DefineVariablesCommand(env={MAESTRO_DRIVER_STARTUP_TIMEOUT=120000, MAESTRO_FILENAME=search-ranking-test, MAESTRO_DEVICE_UDID=554C23CD-3E20-49B0-A43F-6BBBF9BA2AD9, MAESTRO_SHARD_ID=1, MAESTRO_SHARD_INDEX=0}, label=null, optional=false)), logMessages=[], insight=Insight(message=, level=NONE), aiReasoning=null, labeledCommand=null)
00:45:52.208 [ INFO] maestro.cli.runner.MaestroCommandRunner.runCommands$lambda$2: Define variables COMPLETED
00:45:52.209 [ INFO] maestro.cli.runner.MaestroCommandRunner.runCommands$lambda$0: Apply configuration RUNNING
00:45:52.212 [ INFO] maestro.cli.runner.MaestroCommandRunner.runCommands$lambda$11: Apply configuration metadata CommandMetadata(numberOfRuns=null, evaluatedCommand=MaestroCommand(applyConfigurationCommand=ApplyConfigurationCommand(config=MaestroConfig(appId=com.gonggu.calendar, name=null, tags=[], ext={}, onFlowStart=null, onFlowComplete=null, properties={}), label=null, optional=false)), logMessages=[], insight=Insight(message=, level=NONE), aiReasoning=null, labeledCommand=null)
00:45:52.212 [ INFO] maestro.cli.runner.MaestroCommandRunner.runCommands$lambda$2: Apply configuration COMPLETED
00:45:52.212 [ INFO] maestro.cli.runner.MaestroCommandRunner.runCommands$lambda$0: Launch app "com.gonggu.calendar" RUNNING
00:45:52.214 [ INFO] maestro.cli.runner.MaestroCommandRunner.runCommands$lambda$11: Launch app "com.gonggu.calendar" metadata CommandMetadata(numberOfRuns=null, evaluatedCommand=MaestroCommand(launchAppCommand=LaunchAppCommand(appId=com.gonggu.calendar, clearState=false, clearKeychain=null, stopApp=null, permissions=null, launchArguments=null, label=null, optional=false)), logMessages=[], insight=Insight(message=, level=NONE), aiReasoning=null, labeledCommand=null)
00:45:52.216 [ INFO] device.SimctlIOSDevice.setPermissions: [Start] Setting permissions all=allow through applesimutils
00:45:52.217 [ INFO] util.LocalSimulatorUtils.setAppleSimutilsPermissions: [Start] Setting permissions via pinned applesimutils
00:45:52.217 [ INFO] util.CommandLineUtils.runCommand: Running command line operation: [/Users/pc/.maestro/deps/applesimutils, --byId, 554C23CD-3E20-49B0-A43F-6BBBF9BA2AD9, --bundle, com.gonggu.calendar, --setPermissions, calendar=YES,camera=YES,contacts=YES,faceid=YES,homekit=YES,medialibrary=YES,microphone=YES,motion=YES,photos=YES,reminders=YES,siri=YES,speech=YES,userTracking=YES] with {}
00:45:53.912 [ INFO] util.LocalSimulatorUtils.setAppleSimutilsPermissions: [Done] Setting permissions pinned applesimutils
00:45:53.912 [ INFO] device.SimctlIOSDevice.setPermissions: [Done] Setting permissions through applesimutils
00:45:53.914 [ INFO] device.SimctlIOSDevice.setPermissions: [Start] Setting Permissions all=allow through simctl
00:45:53.914 [ INFO] util.CommandLineUtils.runCommand: Running command line operation: [xcrun, simctl, privacy, 554C23CD-3E20-49B0-A43F-6BBBF9BA2AD9, grant, location-always, com.gonggu.calendar] with {}
00:45:54.078 [ INFO] device.SimctlIOSDevice.setPermissions: [Done] Setting Permissions all=allow through simctl
00:45:54.113 [ INFO] maestro.Maestro.launchApp$lambda$2: Launching app com.gonggu.calendar
00:45:54.113 [ INFO] maestro.Maestro.launchApp$lambda$2: Stopping com.gonggu.calendar app during launch
00:45:54.126 [ INFO] util.CommandLineUtils.runCommand: Running command line operation: [xcrun, simctl, launch, 554C23CD-3E20-49B0-A43F-6BBBF9BA2AD9, com.gonggu.calendar] with {}
00:45:54.595 [ INFO] maestro.cli.runner.MaestroCommandRunner.runCommands$lambda$2: Launch app "com.gonggu.calendar" COMPLETED
00:45:54.607 [ INFO] maestro.cli.runner.MaestroCommandRunner.runCommands$lambda$0: Wait for animation to end RUNNING
00:45:54.610 [ INFO] maestro.cli.runner.MaestroCommandRunner.runCommands$lambda$11: Wait for animation to end metadata CommandMetadata(numberOfRuns=null, evaluatedCommand=MaestroCommand(waitForAnimationToEndCommand=WaitForAnimationToEndCommand(timeout=null, label=null, optional=false)), logMessages=[], insight=Insight(message=, level=NONE), aiReasoning=null, labeledCommand=null)
00:45:54.628 [ INFO] maestro.Maestro.waitForAnimationToEnd$lambda$51: Waiting for animation to end with timeout 15000
00:45:54.669 [TRACE] maestro.utils.ScreenshotUtils.takeScreenshot: Taking screenshot to byte array
00:45:54.670 [TRACE] maestro.utils.ScreenshotUtils.takeScreenshot: Taking screenshot to output sink
00:45:57.999 [TRACE] maestro.utils.ScreenshotUtils.takeScreenshot: Taking screenshot to byte array
00:45:58.012 [TRACE] maestro.utils.ScreenshotUtils.takeScreenshot: Taking screenshot to output sink
00:46:04.861 [TRACE] maestro.utils.ScreenshotUtils.takeScreenshot: Taking screenshot to byte array
00:46:04.876 [TRACE] maestro.utils.ScreenshotUtils.takeScreenshot: Taking screenshot to output sink
00:46:05.218 [TRACE] maestro.utils.ScreenshotUtils.takeScreenshot: Taking screenshot to byte array
00:46:05.218 [TRACE] maestro.utils.ScreenshotUtils.takeScreenshot: Taking screenshot to output sink
00:46:05.746 [ INFO] maestro.cli.runner.MaestroCommandRunner.runCommands$lambda$2: Wait for animation to end COMPLETED
00:46:05.771 [ INFO] maestro.cli.runner.MaestroCommandRunner.runCommands$lambda$0: Assert that "Home 탭" is visible RUNNING
00:46:05.802 [ INFO] maestro.cli.runner.MaestroCommandRunner.runCommands$lambda$11: Assert that "Home 탭" is visible metadata CommandMetadata(numberOfRuns=null, evaluatedCommand=MaestroCommand(assertConditionCommand=AssertConditionCommand(condition=Condition(platform=null, visible=ElementSelector(textRegex=Home 탭, idRegex=null, size=null, below=null, above=null, leftOf=null, rightOf=null, containsChild=null, containsDescendants=null, traits=null, index=null, enabled=null, optional=false, selected=null, checked=null, focused=null, childOf=null, css=null), notVisible=null, scriptCondition=null, label=null), timeout=null, label=null, optional=false)), logMessages=[], insight=Insight(message=, level=NONE), aiReasoning=null, labeledCommand=null)
00:46:07.073 [ INFO] maestro.cli.runner.MaestroCommandRunner.runCommands$lambda$11: Assert that "Home 탭" is visible metadata CommandMetadata(numberOfRuns=null, evaluatedCommand=MaestroCommand(assertConditionCommand=AssertConditionCommand(condition=Condition(platform=null, visible=ElementSelector(textRegex=Home 탭, idRegex=null, size=null, below=null, above=null, leftOf=null, rightOf=null, containsChild=null, containsDescendants=null, traits=null, index=null, enabled=null, optional=false, selected=null, checked=null, focused=null, childOf=null, css=null), notVisible=null, scriptCondition=null, label=null), timeout=null, label=null, optional=false)), logMessages=[], insight=Insight(message=, level=NONE), aiReasoning=null, labeledCommand=null)
00:46:07.090 [ INFO] maestro.cli.runner.MaestroCommandRunner.runCommands$lambda$2: Assert that "Home 탭" is visible COMPLETED
00:46:07.091 [ INFO] maestro.cli.runner.MaestroCommandRunner.runCommands$lambda$0: Assert that "Search 탭" is visible RUNNING
00:46:07.092 [ INFO] maestro.cli.runner.MaestroCommandRunner.runCommands$lambda$11: Assert that "Search 탭" is visible metadata CommandMetadata(numberOfRuns=null, evaluatedCommand=MaestroCommand(assertConditionCommand=AssertConditionCommand(condition=Condition(platform=null, visible=ElementSelector(textRegex=Search 탭, idRegex=null, size=null, below=null, above=null, leftOf=null, rightOf=null, containsChild=null, containsDescendants=null, traits=null, index=null, enabled=null, optional=false, selected=null, checked=null, focused=null, childOf=null, css=null), notVisible=null, scriptCondition=null, label=null), timeout=null, label=null, optional=false)), logMessages=[], insight=Insight(message=, level=NONE), aiReasoning=null, labeledCommand=null)
00:46:07.314 [ INFO] maestro.cli.runner.MaestroCommandRunner.runCommands$lambda$11: Assert that "Search 탭" is visible metadata CommandMetadata(numberOfRuns=null, evaluatedCommand=MaestroCommand(assertConditionCommand=AssertConditionCommand(condition=Condition(platform=null, visible=ElementSelector(textRegex=Search 탭, idRegex=null, size=null, below=null, above=null, leftOf=null, rightOf=null, containsChild=null, containsDescendants=null, traits=null, index=null, enabled=null, optional=false, selected=null, checked=null, focused=null, childOf=null, css=null), notVisible=null, scriptCondition=null, label=null), timeout=null, label=null, optional=false)), logMessages=[], insight=Insight(message=, level=NONE), aiReasoning=null, labeledCommand=null)
00:46:07.322 [ INFO] maestro.cli.runner.MaestroCommandRunner.runCommands$lambda$2: Assert that "Search 탭" is visible COMPLETED
00:46:07.322 [ INFO] maestro.cli.runner.MaestroCommandRunner.runCommands$lambda$0: Assert that "Submit 탭" is visible RUNNING
00:46:07.323 [ INFO] maestro.cli.runner.MaestroCommandRunner.runCommands$lambda$11: Assert that "Submit 탭" is visible metadata CommandMetadata(numberOfRuns=null, evaluatedCommand=MaestroCommand(assertConditionCommand=AssertConditionCommand(condition=Condition(platform=null, visible=ElementSelector(textRegex=Submit 탭, idRegex=null, size=null, below=null, above=null, leftOf=null, rightOf=null, containsChild=null, containsDescendants=null, traits=null, index=null, enabled=null, optional=false, selected=null, checked=null, focused=null, childOf=null, css=null), notVisible=null, scriptCondition=null, label=null), timeout=null, label=null, optional=false)), logMessages=[], insight=Insight(message=, level=NONE), aiReasoning=null, labeledCommand=null)
00:46:07.537 [ INFO] maestro.cli.runner.MaestroCommandRunner.runCommands$lambda$11: Assert that "Submit 탭" is visible metadata CommandMetadata(numberOfRuns=null, evaluatedCommand=MaestroCommand(assertConditionCommand=AssertConditionCommand(condition=Condition(platform=null, visible=ElementSelector(textRegex=Submit 탭, idRegex=null, size=null, below=null, above=null, leftOf=null, rightOf=null, containsChild=null, containsDescendants=null, traits=null, index=null, enabled=null, optional=false, selected=null, checked=null, focused=null, childOf=null, css=null), notVisible=null, scriptCondition=null, label=null), timeout=null, label=null, optional=false)), logMessages=[], insight=Insight(message=, level=NONE), aiReasoning=null, labeledCommand=null)
00:46:07.546 [ INFO] maestro.cli.runner.MaestroCommandRunner.runCommands$lambda$2: Assert that "Submit 탭" is visible COMPLETED
00:46:07.546 [ INFO] maestro.cli.runner.MaestroCommandRunner.runCommands$lambda$0: Assert that "Community 탭" is visible RUNNING
00:46:07.547 [ INFO] maestro.cli.runner.MaestroCommandRunner.runCommands$lambda$11: Assert that "Community 탭" is visible metadata CommandMetadata(numberOfRuns=null, evaluatedCommand=MaestroCommand(assertConditionCommand=AssertConditionCommand(condition=Condition(platform=null, visible=ElementSelector(textRegex=Community 탭, idRegex=null, size=null, below=null, above=null, leftOf=null, rightOf=null, containsChild=null, containsDescendants=null, traits=null, index=null, enabled=null, optional=false, selected=null, checked=null, focused=null, childOf=null, css=null), notVisible=null, scriptCondition=null, label=null), timeout=null, label=null, optional=false)), logMessages=[], insight=Insight(message=, level=NONE), aiReasoning=null, labeledCommand=null)
00:46:07.761 [ INFO] maestro.cli.runner.MaestroCommandRunner.runCommands$lambda$11: Assert that "Community 탭" is visible metadata CommandMetadata(numberOfRuns=null, evaluatedCommand=MaestroCommand(assertConditionCommand=AssertConditionCommand(condition=Condition(platform=null, visible=ElementSelector(textRegex=Community 탭, idRegex=null, size=null, below=null, above=null, leftOf=null, rightOf=null, containsChild=null, containsDescendants=null, traits=null, index=null, enabled=null, optional=false, selected=null, checked=null, focused=null, childOf=null, css=null), notVisible=null, scriptCondition=null, label=null), timeout=null, label=null, optional=false)), logMessages=[], insight=Insight(message=, level=NONE), aiReasoning=null, labeledCommand=null)
00:46:07.776 [ INFO] maestro.cli.runner.MaestroCommandRunner.runCommands$lambda$2: Assert that "Community 탭" is visible COMPLETED
00:46:07.783 [ INFO] maestro.cli.runner.MaestroCommandRunner.runCommands$lambda$0: Assert that "MyPage 탭" is visible RUNNING
00:46:07.783 [ INFO] maestro.cli.runner.MaestroCommandRunner.runCommands$lambda$11: Assert that "MyPage 탭" is visible metadata CommandMetadata(numberOfRuns=null, evaluatedCommand=MaestroCommand(assertConditionCommand=AssertConditionCommand(condition=Condition(platform=null, visible=ElementSelector(textRegex=MyPage 탭, idRegex=null, size=null, below=null, above=null, leftOf=null, rightOf=null, containsChild=null, containsDescendants=null, traits=null, index=null, enabled=null, optional=false, selected=null, checked=null, focused=null, childOf=null, css=null), notVisible=null, scriptCondition=null, label=null), timeout=null, label=null, optional=false)), logMessages=[], insight=Insight(message=, level=NONE), aiReasoning=null, labeledCommand=null)
00:46:07.998 [ INFO] maestro.cli.runner.MaestroCommandRunner.runCommands$lambda$11: Assert that "MyPage 탭" is visible metadata CommandMetadata(numberOfRuns=null, evaluatedCommand=MaestroCommand(assertConditionCommand=AssertConditionCommand(condition=Condition(platform=null, visible=ElementSelector(textRegex=MyPage 탭, idRegex=null, size=null, below=null, above=null, leftOf=null, rightOf=null, containsChild=null, containsDescendants=null, traits=null, index=null, enabled=null, optional=false, selected=null, checked=null, focused=null, childOf=null, css=null), notVisible=null, scriptCondition=null, label=null), timeout=null, label=null, optional=false)), logMessages=[], insight=Insight(message=, level=NONE), aiReasoning=null, labeledCommand=null)
00:46:08.002 [ INFO] maestro.cli.runner.MaestroCommandRunner.runCommands$lambda$2: Assert that "MyPage 탭" is visible COMPLETED
00:46:08.002 [ INFO] maestro.cli.runner.MaestroCommandRunner.runCommands$lambda$0: Take screenshot 01-home-screen RUNNING
00:46:08.003 [ INFO] maestro.cli.runner.MaestroCommandRunner.runCommands$lambda$11: Take screenshot 01-home-screen metadata CommandMetadata(numberOfRuns=null, evaluatedCommand=MaestroCommand(takeScreenshotCommand=TakeScreenshotCommand(path=01-home-screen, cropOn=null, label=null, optional=false)), logMessages=[], insight=Insight(message=, level=NONE), aiReasoning=null, labeledCommand=null)
00:46:08.013 [ INFO] maestro.Maestro.takeScreenshot: Taking screenshot
00:46:08.014 [TRACE] maestro.utils.ScreenshotUtils.takeScreenshot: Taking screenshot to output sink
00:46:08.120 [ INFO] maestro.cli.runner.MaestroCommandRunner.runCommands$lambda$2: Take screenshot 01-home-screen COMPLETED
00:46:08.121 [ INFO] maestro.cli.runner.MaestroCommandRunner.runCommands$lambda$0: Tap on "Search 탭" RUNNING
00:46:08.127 [ INFO] maestro.cli.runner.MaestroCommandRunner.runCommands$lambda$11: Tap on "Search 탭" metadata CommandMetadata(numberOfRuns=null, evaluatedCommand=MaestroCommand(tapOnElementCommand=TapOnElementCommand(selector=ElementSelector(textRegex=Search 탭, idRegex=null, size=null, below=null, above=null, leftOf=null, rightOf=null, containsChild=null, containsDescendants=null, traits=null, index=null, enabled=null, optional=false, selected=null, checked=null, focused=null, childOf=null, css=null), retryIfNoChange=false, waitUntilVisible=false, longPress=false, repeat=null, waitToSettleTimeoutMs=null, relativePoint=null, label=null, optional=false)), logMessages=[], insight=Insight(message=, level=NONE), aiReasoning=null, labeledCommand=null)
00:46:08.345 [ INFO] maestro.cli.runner.MaestroCommandRunner.runCommands$lambda$11: Tap on "Search 탭" metadata CommandMetadata(numberOfRuns=null, evaluatedCommand=MaestroCommand(tapOnElementCommand=TapOnElementCommand(selector=ElementSelector(textRegex=Search 탭, idRegex=null, size=null, below=null, above=null, leftOf=null, rightOf=null, containsChild=null, containsDescendants=null, traits=null, index=null, enabled=null, optional=false, selected=null, checked=null, focused=null, childOf=null, css=null), retryIfNoChange=false, waitUntilVisible=false, longPress=false, repeat=null, waitToSettleTimeoutMs=null, relativePoint=null, label=null, optional=false)), logMessages=[], insight=Insight(message=, level=NONE), aiReasoning=null, labeledCommand=null)
00:46:08.350 [ INFO] maestro.Maestro.tap-HgV9Ck0: Tapping on element:  UiElement(treeNode=TreeNode(attributes={accessibilityText=Search 탭, title=, value=, text=, hintText=, resource-id=, bounds=[98,748][144,802], enabled=true, focused=false, selected=false, checked=false}, children=[], clickable=null, enabled=true, focused=false, checked=false, selected=false), bounds=Bounds(x=98, y=748, width=46, height=54))
00:46:08.353 [ INFO] device.IOSDevice.invoke-F9mIFpk: Waiting for animation to end with timeout 3000
00:46:08.596 [ INFO] maestro.Maestro.tap-HgV9Ck0: Refreshed element
00:46:08.630 [ INFO] maestro.Maestro.screenshotBasedTap-ogj28Uc: Try tapping at (121, 775) using hierarchy based logic for wait
00:46:08.632 [TRACE] maestro.utils.ScreenshotUtils.takeScreenshot: Taking screenshot to byte array
00:46:08.632 [TRACE] maestro.utils.ScreenshotUtils.takeScreenshot: Taking screenshot to output sink
00:46:10.517 [ INFO] device.IOSDevice.invoke-F9mIFpk: Waiting for animation to end with timeout 3000
00:46:10.952 [ INFO] maestro.Maestro.screenshotBasedTap-ogj28Uc: Something have changed in the UI judging by view hierarchy. Proceed.
00:46:10.955 [ INFO] maestro.cli.runner.MaestroCommandRunner.runCommands$lambda$2: Tap on "Search 탭" COMPLETED
00:46:10.957 [ INFO] maestro.cli.runner.MaestroCommandRunner.runCommands$lambda$0: Wait for animation to end RUNNING
00:46:10.958 [ INFO] maestro.cli.runner.MaestroCommandRunner.runCommands$lambda$11: Wait for animation to end metadata CommandMetadata(numberOfRuns=null, evaluatedCommand=MaestroCommand(waitForAnimationToEndCommand=WaitForAnimationToEndCommand(timeout=null, label=null, optional=false)), logMessages=[], insight=Insight(message=, level=NONE), aiReasoning=null, labeledCommand=null)
00:46:10.972 [ INFO] maestro.Maestro.waitForAnimationToEnd$lambda$51: Waiting for animation to end with timeout 15000
00:46:10.973 [TRACE] maestro.utils.ScreenshotUtils.takeScreenshot: Taking screenshot to byte array
00:46:10.973 [TRACE] maestro.utils.ScreenshotUtils.takeScreenshot: Taking screenshot to output sink
00:46:11.211 [TRACE] maestro.utils.ScreenshotUtils.takeScreenshot: Taking screenshot to byte array
00:46:11.212 [TRACE] maestro.utils.ScreenshotUtils.takeScreenshot: Taking screenshot to output sink
00:46:11.876 [ INFO] maestro.cli.runner.MaestroCommandRunner.runCommands$lambda$2: Wait for animation to end COMPLETED
00:46:11.877 [ INFO] maestro.cli.runner.MaestroCommandRunner.runCommands$lambda$0: Assert that "스토어 랭킹" is visible RUNNING
00:46:11.878 [ INFO] maestro.cli.runner.MaestroCommandRunner.runCommands$lambda$11: Assert that "스토어 랭킹" is visible metadata CommandMetadata(numberOfRuns=null, evaluatedCommand=MaestroCommand(assertConditionCommand=AssertConditionCommand(condition=Condition(platform=null, visible=ElementSelector(textRegex=스토어 랭킹, idRegex=null, size=null, below=null, above=null, leftOf=null, rightOf=null, containsChild=null, containsDescendants=null, traits=null, index=null, enabled=null, optional=false, selected=null, checked=null, focused=null, childOf=null, css=null), notVisible=null, scriptCondition=null, label=null), timeout=null, label=null, optional=false)), logMessages=[], insight=Insight(message=, level=NONE), aiReasoning=null, labeledCommand=null)
00:46:12.123 [ INFO] maestro.cli.runner.MaestroCommandRunner.runCommands$lambda$11: Assert that "스토어 랭킹" is visible metadata CommandMetadata(numberOfRuns=null, evaluatedCommand=MaestroCommand(assertConditionCommand=AssertConditionCommand(condition=Condition(platform=null, visible=ElementSelector(textRegex=스토어 랭킹, idRegex=null, size=null, below=null, above=null, leftOf=null, rightOf=null, containsChild=null, containsDescendants=null, traits=null, index=null, enabled=null, optional=false, selected=null, checked=null, focused=null, childOf=null, css=null), notVisible=null, scriptCondition=null, label=null), timeout=null, label=null, optional=false)), logMessages=[], insight=Insight(message=, level=NONE), aiReasoning=null, labeledCommand=null)
00:46:12.130 [ INFO] maestro.cli.runner.MaestroCommandRunner.runCommands$lambda$2: Assert that "스토어 랭킹" is visible COMPLETED
00:46:12.131 [ INFO] maestro.cli.runner.MaestroCommandRunner.runCommands$lambda$0: Assert that "쇼핑몰 랭킹" is visible RUNNING
00:46:12.132 [ INFO] maestro.cli.runner.MaestroCommandRunner.runCommands$lambda$11: Assert that "쇼핑몰 랭킹" is visible metadata CommandMetadata(numberOfRuns=null, evaluatedCommand=MaestroCommand(assertConditionCommand=AssertConditionCommand(condition=Condition(platform=null, visible=ElementSelector(textRegex=쇼핑몰 랭킹, idRegex=null, size=null, below=null, above=null, leftOf=null, rightOf=null, containsChild=null, containsDescendants=null, traits=null, index=null, enabled=null, optional=false, selected=null, checked=null, focused=null, childOf=null, css=null), notVisible=null, scriptCondition=null, label=null), timeout=null, label=null, optional=false)), logMessages=[], insight=Insight(message=, level=NONE), aiReasoning=null, labeledCommand=null)
00:46:12.313 [ INFO] maestro.cli.runner.MaestroCommandRunner.runCommands$lambda$11: Assert that "쇼핑몰 랭킹" is visible metadata CommandMetadata(numberOfRuns=null, evaluatedCommand=MaestroCommand(assertConditionCommand=AssertConditionCommand(condition=Condition(platform=null, visible=ElementSelector(textRegex=쇼핑몰 랭킹, idRegex=null, size=null, below=null, above=null, leftOf=null, rightOf=null, containsChild=null, containsDescendants=null, traits=null, index=null, enabled=null, optional=false, selected=null, checked=null, focused=null, childOf=null, css=null), notVisible=null, scriptCondition=null, label=null), timeout=null, label=null, optional=false)), logMessages=[], insight=Insight(message=, level=NONE), aiReasoning=null, labeledCommand=null)
00:46:12.314 [ INFO] maestro.cli.runner.MaestroCommandRunner.runCommands$lambda$2: Assert that "쇼핑몰 랭킹" is visible COMPLETED
00:46:12.314 [ INFO] maestro.cli.runner.MaestroCommandRunner.runCommands$lambda$0: Assert that "브랜드명, 제품명, 셀러명으로 검색" is visible RUNNING
00:46:12.314 [ INFO] maestro.cli.runner.MaestroCommandRunner.runCommands$lambda$11: Assert that "브랜드명, 제품명, 셀러명으로 검색" is visible metadata CommandMetadata(numberOfRuns=null, evaluatedCommand=MaestroCommand(assertConditionCommand=AssertConditionCommand(condition=Condition(platform=null, visible=ElementSelector(textRegex=브랜드명, 제품명, 셀러명으로 검색, idRegex=null, size=null, below=null, above=null, leftOf=null, rightOf=null, containsChild=null, containsDescendants=null, traits=null, index=null, enabled=null, optional=false, selected=null, checked=null, focused=null, childOf=null, css=null), notVisible=null, scriptCondition=null, label=null), timeout=null, label=null, optional=false)), logMessages=[], insight=Insight(message=, level=NONE), aiReasoning=null, labeledCommand=null)
00:46:12.483 [ INFO] maestro.cli.runner.MaestroCommandRunner.runCommands$lambda$11: Assert that "브랜드명, 제품명, 셀러명으로 검색" is visible metadata CommandMetadata(numberOfRuns=null, evaluatedCommand=MaestroCommand(assertConditionCommand=AssertConditionCommand(condition=Condition(platform=null, visible=ElementSelector(textRegex=브랜드명, 제품명, 셀러명으로 검색, idRegex=null, size=null, below=null, above=null, leftOf=null, rightOf=null, containsChild=null, containsDescendants=null, traits=null, index=null, enabled=null, optional=false, selected=null, checked=null, focused=null, childOf=null, css=null), notVisible=null, scriptCondition=null, label=null), timeout=null, label=null, optional=false)), logMessages=[], insight=Insight(message=, level=NONE), aiReasoning=null, labeledCommand=null)
00:46:12.486 [ INFO] maestro.cli.runner.MaestroCommandRunner.runCommands$lambda$2: Assert that "브랜드명, 제품명, 셀러명으로 검색" is visible COMPLETED
00:46:12.487 [ INFO] maestro.cli.runner.MaestroCommandRunner.runCommands$lambda$0: Assert that "셀러 랭킹 목록" is visible RUNNING
00:46:12.487 [ INFO] maestro.cli.runner.MaestroCommandRunner.runCommands$lambda$11: Assert that "셀러 랭킹 목록" is visible metadata CommandMetadata(numberOfRuns=null, evaluatedCommand=MaestroCommand(assertConditionCommand=AssertConditionCommand(condition=Condition(platform=null, visible=ElementSelector(textRegex=셀러 랭킹 목록, idRegex=null, size=null, below=null, above=null, leftOf=null, rightOf=null, containsChild=null, containsDescendants=null, traits=null, index=null, enabled=null, optional=false, selected=null, checked=null, focused=null, childOf=null, css=null), notVisible=null, scriptCondition=null, label=null), timeout=null, label=null, optional=false)), logMessages=[], insight=Insight(message=, level=NONE), aiReasoning=null, labeledCommand=null)
00:46:12.670 [ INFO] maestro.cli.runner.MaestroCommandRunner.runCommands$lambda$11: Assert that "셀러 랭킹 목록" is visible metadata CommandMetadata(numberOfRuns=null, evaluatedCommand=MaestroCommand(assertConditionCommand=AssertConditionCommand(condition=Condition(platform=null, visible=ElementSelector(textRegex=셀러 랭킹 목록, idRegex=null, size=null, below=null, above=null, leftOf=null, rightOf=null, containsChild=null, containsDescendants=null, traits=null, index=null, enabled=null, optional=false, selected=null, checked=null, focused=null, childOf=null, css=null), notVisible=null, scriptCondition=null, label=null), timeout=null, label=null, optional=false)), logMessages=[], insight=Insight(message=, level=NONE), aiReasoning=null, labeledCommand=null)
00:46:12.672 [ INFO] maestro.cli.runner.MaestroCommandRunner.runCommands$lambda$2: Assert that "셀러 랭킹 목록" is visible COMPLETED
00:46:12.672 [ INFO] maestro.cli.runner.MaestroCommandRunner.runCommands$lambda$0: Take screenshot 02-search-tab-ranking-loaded RUNNING
00:46:12.672 [ INFO] maestro.cli.runner.MaestroCommandRunner.runCommands$lambda$11: Take screenshot 02-search-tab-ranking-loaded metadata CommandMetadata(numberOfRuns=null, evaluatedCommand=MaestroCommand(takeScreenshotCommand=TakeScreenshotCommand(path=02-search-tab-ranking-loaded, cropOn=null, label=null, optional=false)), logMessages=[], insight=Insight(message=, level=NONE), aiReasoning=null, labeledCommand=null)
00:46:12.673 [ INFO] maestro.Maestro.takeScreenshot: Taking screenshot
00:46:12.674 [TRACE] maestro.utils.ScreenshotUtils.takeScreenshot: Taking screenshot to output sink
00:46:12.783 [ INFO] maestro.cli.runner.MaestroCommandRunner.runCommands$lambda$2: Take screenshot 02-search-tab-ranking-loaded COMPLETED
00:46:12.783 [ INFO] maestro.cli.runner.MaestroCommandRunner.runCommands$lambda$0: Assert that "Home 탭" is visible RUNNING
00:46:12.783 [ INFO] maestro.cli.runner.MaestroCommandRunner.runCommands$lambda$11: Assert that "Home 탭" is visible metadata CommandMetadata(numberOfRuns=null, evaluatedCommand=MaestroCommand(assertConditionCommand=AssertConditionCommand(condition=Condition(platform=null, visible=ElementSelector(textRegex=Home 탭, idRegex=null, size=null, below=null, above=null, leftOf=null, rightOf=null, containsChild=null, containsDescendants=null, traits=null, index=null, enabled=null, optional=false, selected=null, checked=null, focused=null, childOf=null, css=null), notVisible=null, scriptCondition=null, label=null), timeout=null, label=null, optional=false)), logMessages=[], insight=Insight(message=, level=NONE), aiReasoning=null, labeledCommand=null)
00:46:13.199 [ INFO] maestro.cli.runner.MaestroCommandRunner.runCommands$lambda$11: Assert that "Home 탭" is visible metadata CommandMetadata(numberOfRuns=null, evaluatedCommand=MaestroCommand(assertConditionCommand=AssertConditionCommand(condition=Condition(platform=null, visible=ElementSelector(textRegex=Home 탭, idRegex=null, size=null, below=null, above=null, leftOf=null, rightOf=null, containsChild=null, containsDescendants=null, traits=null, index=null, enabled=null, optional=false, selected=null, checked=null, focused=null, childOf=null, css=null), notVisible=null, scriptCondition=null, label=null), timeout=null, label=null, optional=false)), logMessages=[], insight=Insight(message=, level=NONE), aiReasoning=null, labeledCommand=null)
00:46:13.207 [ INFO] maestro.cli.runner.MaestroCommandRunner.runCommands$lambda$2: Assert that "Home 탭" is visible COMPLETED
00:46:13.208 [ INFO] maestro.cli.runner.MaestroCommandRunner.runCommands$lambda$0: Assert that "Search 탭" is visible RUNNING
00:46:13.208 [ INFO] maestro.cli.runner.MaestroCommandRunner.runCommands$lambda$11: Assert that "Search 탭" is visible metadata CommandMetadata(numberOfRuns=null, evaluatedCommand=MaestroCommand(assertConditionCommand=AssertConditionCommand(condition=Condition(platform=null, visible=ElementSelector(textRegex=Search 탭, idRegex=null, size=null, below=null, above=null, leftOf=null, rightOf=null, containsChild=null, containsDescendants=null, traits=null, index=null, enabled=null, optional=false, selected=null, checked=null, focused=null, childOf=null, css=null), notVisible=null, scriptCondition=null, label=null), timeout=null, label=null, optional=false)), logMessages=[], insight=Insight(message=, level=NONE), aiReasoning=null, labeledCommand=null)
00:46:13.406 [ INFO] maestro.cli.runner.MaestroCommandRunner.runCommands$lambda$11: Assert that "Search 탭" is visible metadata CommandMetadata(numberOfRuns=null, evaluatedCommand=MaestroCommand(assertConditionCommand=AssertConditionCommand(condition=Condition(platform=null, visible=ElementSelector(textRegex=Search 탭, idRegex=null, size=null, below=null, above=null, leftOf=null, rightOf=null, containsChild=null, containsDescendants=null, traits=null, index=null, enabled=null, optional=false, selected=null, checked=null, focused=null, childOf=null, css=null), notVisible=null, scriptCondition=null, label=null), timeout=null, label=null, optional=false)), logMessages=[], insight=Insight(message=, level=NONE), aiReasoning=null, labeledCommand=null)
00:46:13.411 [ INFO] maestro.cli.runner.MaestroCommandRunner.runCommands$lambda$2: Assert that "Search 탭" is visible COMPLETED
00:46:13.412 [ INFO] maestro.cli.runner.MaestroCommandRunner.runCommands$lambda$0: Assert that "Submit 탭" is visible RUNNING
00:46:13.413 [ INFO] maestro.cli.runner.MaestroCommandRunner.runCommands$lambda$11: Assert that "Submit 탭" is visible metadata CommandMetadata(numberOfRuns=null, evaluatedCommand=MaestroCommand(assertConditionCommand=AssertConditionCommand(condition=Condition(platform=null, visible=ElementSelector(textRegex=Submit 탭, idRegex=null, size=null, below=null, above=null, leftOf=null, rightOf=null, containsChild=null, containsDescendants=null, traits=null, index=null, enabled=null, optional=false, selected=null, checked=null, focused=null, childOf=null, css=null), notVisible=null, scriptCondition=null, label=null), timeout=null, label=null, optional=false)), logMessages=[], insight=Insight(message=, level=NONE), aiReasoning=null, labeledCommand=null)
00:46:13.607 [ INFO] maestro.cli.runner.MaestroCommandRunner.runCommands$lambda$11: Assert that "Submit 탭" is visible metadata CommandMetadata(numberOfRuns=null, evaluatedCommand=MaestroCommand(assertConditionCommand=AssertConditionCommand(condition=Condition(platform=null, visible=ElementSelector(textRegex=Submit 탭, idRegex=null, size=null, below=null, above=null, leftOf=null, rightOf=null, containsChild=null, containsDescendants=null, traits=null, index=null, enabled=null, optional=false, selected=null, checked=null, focused=null, childOf=null, css=null), notVisible=null, scriptCondition=null, label=null), timeout=null, label=null, optional=false)), logMessages=[], insight=Insight(message=, level=NONE), aiReasoning=null, labeledCommand=null)
00:46:13.614 [ INFO] maestro.cli.runner.MaestroCommandRunner.runCommands$lambda$2: Assert that "Submit 탭" is visible COMPLETED
00:46:13.615 [ INFO] maestro.cli.runner.MaestroCommandRunner.runCommands$lambda$0: Assert that "Community 탭" is visible RUNNING
00:46:13.616 [ INFO] maestro.cli.runner.MaestroCommandRunner.runCommands$lambda$11: Assert that "Community 탭" is visible metadata CommandMetadata(numberOfRuns=null, evaluatedCommand=MaestroCommand(assertConditionCommand=AssertConditionCommand(condition=Condition(platform=null, visible=ElementSelector(textRegex=Community 탭, idRegex=null, size=null, below=null, above=null, leftOf=null, rightOf=null, containsChild=null, containsDescendants=null, traits=null, index=null, enabled=null, optional=false, selected=null, checked=null, focused=null, childOf=null, css=null), notVisible=null, scriptCondition=null, label=null), timeout=null, label=null, optional=false)), logMessages=[], insight=Insight(message=, level=NONE), aiReasoning=null, labeledCommand=null)
00:46:13.814 [ INFO] maestro.cli.runner.MaestroCommandRunner.runCommands$lambda$11: Assert that "Community 탭" is visible metadata CommandMetadata(numberOfRuns=null, evaluatedCommand=MaestroCommand(assertConditionCommand=AssertConditionCommand(condition=Condition(platform=null, visible=ElementSelector(textRegex=Community 탭, idRegex=null, size=null, below=null, above=null, leftOf=null, rightOf=null, containsChild=null, containsDescendants=null, traits=null, index=null, enabled=null, optional=false, selected=null, checked=null, focused=null, childOf=null, css=null), notVisible=null, scriptCondition=null, label=null), timeout=null, label=null, optional=false)), logMessages=[], insight=Insight(message=, level=NONE), aiReasoning=null, labeledCommand=null)
00:46:13.824 [ INFO] maestro.cli.runner.MaestroCommandRunner.runCommands$lambda$2: Assert that "Community 탭" is visible COMPLETED
00:46:13.825 [ INFO] maestro.cli.runner.MaestroCommandRunner.runCommands$lambda$0: Assert that "MyPage 탭" is visible RUNNING
00:46:13.826 [ INFO] maestro.cli.runner.MaestroCommandRunner.runCommands$lambda$11: Assert that "MyPage 탭" is visible metadata CommandMetadata(numberOfRuns=null, evaluatedCommand=MaestroCommand(assertConditionCommand=AssertConditionCommand(condition=Condition(platform=null, visible=ElementSelector(textRegex=MyPage 탭, idRegex=null, size=null, below=null, above=null, leftOf=null, rightOf=null, containsChild=null, containsDescendants=null, traits=null, index=null, enabled=null, optional=false, selected=null, checked=null, focused=null, childOf=null, css=null), notVisible=null, scriptCondition=null, label=null), timeout=null, label=null, optional=false)), logMessages=[], insight=Insight(message=, level=NONE), aiReasoning=null, labeledCommand=null)
00:46:14.030 [ INFO] maestro.cli.runner.MaestroCommandRunner.runCommands$lambda$11: Assert that "MyPage 탭" is visible metadata CommandMetadata(numberOfRuns=null, evaluatedCommand=MaestroCommand(assertConditionCommand=AssertConditionCommand(condition=Condition(platform=null, visible=ElementSelector(textRegex=MyPage 탭, idRegex=null, size=null, below=null, above=null, leftOf=null, rightOf=null, containsChild=null, containsDescendants=null, traits=null, index=null, enabled=null, optional=false, selected=null, checked=null, focused=null, childOf=null, css=null), notVisible=null, scriptCondition=null, label=null), timeout=null, label=null, optional=false)), logMessages=[], insight=Insight(message=, level=NONE), aiReasoning=null, labeledCommand=null)
00:46:14.037 [ INFO] maestro.cli.runner.MaestroCommandRunner.runCommands$lambda$2: Assert that "MyPage 탭" is visible COMPLETED
00:46:14.038 [ INFO] maestro.cli.runner.MaestroCommandRunner.runCommands$lambda$0: Take screenshot 03-search-ranking-tabbar-intact RUNNING
00:46:14.038 [ INFO] maestro.cli.runner.MaestroCommandRunner.runCommands$lambda$11: Take screenshot 03-search-ranking-tabbar-intact metadata CommandMetadata(numberOfRuns=null, evaluatedCommand=MaestroCommand(takeScreenshotCommand=TakeScreenshotCommand(path=03-search-ranking-tabbar-intact, cropOn=null, label=null, optional=false)), logMessages=[], insight=Insight(message=, level=NONE), aiReasoning=null, labeledCommand=null)
00:46:14.061 [ INFO] maestro.Maestro.takeScreenshot: Taking screenshot
00:46:14.062 [TRACE] maestro.utils.ScreenshotUtils.takeScreenshot: Taking screenshot to output sink
00:46:14.197 [ INFO] maestro.cli.runner.MaestroCommandRunner.runCommands$lambda$2: Take screenshot 03-search-ranking-tabbar-intact COMPLETED
00:46:14.197 [ INFO] maestro.cli.runner.MaestroCommandRunner.runCommands$lambda$0: Swiping in UP direction in 600 ms RUNNING
00:46:14.260 [ INFO] maestro.cli.runner.MaestroCommandRunner.runCommands$lambda$11: Swiping in UP direction in 600 ms metadata CommandMetadata(numberOfRuns=null, evaluatedCommand=MaestroCommand(swipeCommand=SwipeCommand(direction=UP, startPoint=null, endPoint=null, elementSelector=null, startRelative=null, endRelative=null, duration=600, waitToSettleTimeoutMs=null, label=null, optional=false)), logMessages=[], insight=Insight(message=, level=NONE), aiReasoning=null, labeledCommand=null)
00:46:14.583 [ INFO] device.IOSDevice.invoke-F9mIFpk: Waiting for animation to end with timeout 3000
00:46:16.063 [ INFO] device.IOSDevice.invoke-F9mIFpk: Waiting for animation to end with timeout 3000
00:46:16.323 [ INFO] maestro.cli.runner.MaestroCommandRunner.runCommands$lambda$2: Swiping in UP direction in 600 ms COMPLETED
00:46:16.331 [ INFO] maestro.cli.runner.MaestroCommandRunner.runCommands$lambda$0: Wait for animation to end RUNNING
00:46:16.342 [ INFO] maestro.cli.runner.MaestroCommandRunner.runCommands$lambda$11: Wait for animation to end metadata CommandMetadata(numberOfRuns=null, evaluatedCommand=MaestroCommand(waitForAnimationToEndCommand=WaitForAnimationToEndCommand(timeout=null, label=null, optional=false)), logMessages=[], insight=Insight(message=, level=NONE), aiReasoning=null, labeledCommand=null)
00:46:16.343 [ INFO] maestro.Maestro.waitForAnimationToEnd$lambda$51: Waiting for animation to end with timeout 15000
00:46:16.344 [TRACE] maestro.utils.ScreenshotUtils.takeScreenshot: Taking screenshot to byte array
00:46:16.344 [TRACE] maestro.utils.ScreenshotUtils.takeScreenshot: Taking screenshot to output sink
00:46:16.548 [TRACE] maestro.utils.ScreenshotUtils.takeScreenshot: Taking screenshot to byte array
00:46:16.548 [TRACE] maestro.utils.ScreenshotUtils.takeScreenshot: Taking screenshot to output sink
00:46:17.086 [ INFO] maestro.cli.runner.MaestroCommandRunner.runCommands$lambda$2: Wait for animation to end COMPLETED
00:46:17.087 [ INFO] maestro.cli.runner.MaestroCommandRunner.runCommands$lambda$0: Take screenshot 04-search-ranking-after-scroll RUNNING
00:46:17.088 [ INFO] maestro.cli.runner.MaestroCommandRunner.runCommands$lambda$11: Take screenshot 04-search-ranking-after-scroll metadata CommandMetadata(numberOfRuns=null, evaluatedCommand=MaestroCommand(takeScreenshotCommand=TakeScreenshotCommand(path=04-search-ranking-after-scroll, cropOn=null, label=null, optional=false)), logMessages=[], insight=Insight(message=, level=NONE), aiReasoning=null, labeledCommand=null)
00:46:17.088 [ INFO] maestro.Maestro.takeScreenshot: Taking screenshot
00:46:17.089 [TRACE] maestro.utils.ScreenshotUtils.takeScreenshot: Taking screenshot to output sink
00:46:17.190 [ INFO] maestro.cli.runner.MaestroCommandRunner.runCommands$lambda$2: Take screenshot 04-search-ranking-after-scroll COMPLETED
00:46:17.190 [ INFO] maestro.cli.runner.MaestroCommandRunner.runCommands$lambda$0: Assert that "Search 탭" is visible RUNNING
00:46:17.190 [ INFO] maestro.cli.runner.MaestroCommandRunner.runCommands$lambda$11: Assert that "Search 탭" is visible metadata CommandMetadata(numberOfRuns=null, evaluatedCommand=MaestroCommand(assertConditionCommand=AssertConditionCommand(condition=Condition(platform=null, visible=ElementSelector(textRegex=Search 탭, idRegex=null, size=null, below=null, above=null, leftOf=null, rightOf=null, containsChild=null, containsDescendants=null, traits=null, index=null, enabled=null, optional=false, selected=null, checked=null, focused=null, childOf=null, css=null), notVisible=null, scriptCondition=null, label=null), timeout=null, label=null, optional=false)), logMessages=[], insight=Insight(message=, level=NONE), aiReasoning=null, labeledCommand=null)
00:46:17.612 [ INFO] maestro.cli.runner.MaestroCommandRunner.runCommands$lambda$11: Assert that "Search 탭" is visible metadata CommandMetadata(numberOfRuns=null, evaluatedCommand=MaestroCommand(assertConditionCommand=AssertConditionCommand(condition=Condition(platform=null, visible=ElementSelector(textRegex=Search 탭, idRegex=null, size=null, below=null, above=null, leftOf=null, rightOf=null, containsChild=null, containsDescendants=null, traits=null, index=null, enabled=null, optional=false, selected=null, checked=null, focused=null, childOf=null, css=null), notVisible=null, scriptCondition=null, label=null), timeout=null, label=null, optional=false)), logMessages=[], insight=Insight(message=, level=NONE), aiReasoning=null, labeledCommand=null)
00:46:17.618 [ INFO] maestro.cli.runner.MaestroCommandRunner.runCommands$lambda$2: Assert that "Search 탭" is visible COMPLETED
00:46:17.618 [ INFO] maestro.cli.runner.MaestroCommandRunner.runCommands$lambda$0: Assert that "Submit 탭" is visible RUNNING
00:46:17.619 [ INFO] maestro.cli.runner.MaestroCommandRunner.runCommands$lambda$11: Assert that "Submit 탭" is visible metadata CommandMetadata(numberOfRuns=null, evaluatedCommand=MaestroCommand(assertConditionCommand=AssertConditionCommand(condition=Condition(platform=null, visible=ElementSelector(textRegex=Submit 탭, idRegex=null, size=null, below=null, above=null, leftOf=null, rightOf=null, containsChild=null, containsDescendants=null, traits=null, index=null, enabled=null, optional=false, selected=null, checked=null, focused=null, childOf=null, css=null), notVisible=null, scriptCondition=null, label=null), timeout=null, label=null, optional=false)), logMessages=[], insight=Insight(message=, level=NONE), aiReasoning=null, labeledCommand=null)
00:46:17.808 [ INFO] maestro.cli.runner.MaestroCommandRunner.runCommands$lambda$11: Assert that "Submit 탭" is visible metadata CommandMetadata(numberOfRuns=null, evaluatedCommand=MaestroCommand(assertConditionCommand=AssertConditionCommand(condition=Condition(platform=null, visible=ElementSelector(textRegex=Submit 탭, idRegex=null, size=null, below=null, above=null, leftOf=null, rightOf=null, containsChild=null, containsDescendants=null, traits=null, index=null, enabled=null, optional=false, selected=null, checked=null, focused=null, childOf=null, css=null), notVisible=null, scriptCondition=null, label=null), timeout=null, label=null, optional=false)), logMessages=[], insight=Insight(message=, level=NONE), aiReasoning=null, labeledCommand=null)
00:46:17.814 [ INFO] maestro.cli.runner.MaestroCommandRunner.runCommands$lambda$2: Assert that "Submit 탭" is visible COMPLETED
00:46:17.815 [ INFO] maestro.cli.runner.MaestroCommandRunner.runCommands$lambda$0: Assert that "MyPage 탭" is visible RUNNING
00:46:17.816 [ INFO] maestro.cli.runner.MaestroCommandRunner.runCommands$lambda$11: Assert that "MyPage 탭" is visible metadata CommandMetadata(numberOfRuns=null, evaluatedCommand=MaestroCommand(assertConditionCommand=AssertConditionCommand(condition=Condition(platform=null, visible=ElementSelector(textRegex=MyPage 탭, idRegex=null, size=null, below=null, above=null, leftOf=null, rightOf=null, containsChild=null, containsDescendants=null, traits=null, index=null, enabled=null, optional=false, selected=null, checked=null, focused=null, childOf=null, css=null), notVisible=null, scriptCondition=null, label=null), timeout=null, label=null, optional=false)), logMessages=[], insight=Insight(message=, level=NONE), aiReasoning=null, labeledCommand=null)
00:46:18.008 [ INFO] maestro.cli.runner.MaestroCommandRunner.runCommands$lambda$11: Assert that "MyPage 탭" is visible metadata CommandMetadata(numberOfRuns=null, evaluatedCommand=MaestroCommand(assertConditionCommand=AssertConditionCommand(condition=Condition(platform=null, visible=ElementSelector(textRegex=MyPage 탭, idRegex=null, size=null, below=null, above=null, leftOf=null, rightOf=null, containsChild=null, containsDescendants=null, traits=null, index=null, enabled=null, optional=false, selected=null, checked=null, focused=null, childOf=null, css=null), notVisible=null, scriptCondition=null, label=null), timeout=null, label=null, optional=false)), logMessages=[], insight=Insight(message=, level=NONE), aiReasoning=null, labeledCommand=null)
00:46:18.018 [ INFO] maestro.cli.runner.MaestroCommandRunner.runCommands$lambda$2: Assert that "MyPage 탭" is visible COMPLETED
00:46:18.019 [ INFO] maestro.cli.runner.MaestroCommandRunner.runCommands$lambda$0: Take screenshot 05-search-ranking-after-scroll-tabbar RUNNING
00:46:18.020 [ INFO] maestro.cli.runner.MaestroCommandRunner.runCommands$lambda$11: Take screenshot 05-search-ranking-after-scroll-tabbar metadata CommandMetadata(numberOfRuns=null, evaluatedCommand=MaestroCommand(takeScreenshotCommand=TakeScreenshotCommand(path=05-search-ranking-after-scroll-tabbar, cropOn=null, label=null, optional=false)), logMessages=[], insight=Insight(message=, level=NONE), aiReasoning=null, labeledCommand=null)
00:46:18.021 [ INFO] maestro.Maestro.takeScreenshot: Taking screenshot
00:46:18.022 [TRACE] maestro.utils.ScreenshotUtils.takeScreenshot: Taking screenshot to output sink
00:46:18.124 [ INFO] maestro.cli.runner.MaestroCommandRunner.runCommands$lambda$2: Take screenshot 05-search-ranking-after-scroll-tabbar COMPLETED
00:46:18.125 [ INFO] maestro.cli.runner.MaestroCommandRunner.runCommands$lambda$0: Swiping in DOWN direction in 600 ms RUNNING
00:46:18.125 [ INFO] maestro.cli.runner.MaestroCommandRunner.runCommands$lambda$11: Swiping in DOWN direction in 600 ms metadata CommandMetadata(numberOfRuns=null, evaluatedCommand=MaestroCommand(swipeCommand=SwipeCommand(direction=DOWN, startPoint=null, endPoint=null, elementSelector=null, startRelative=null, endRelative=null, duration=600, waitToSettleTimeoutMs=null, label=null, optional=false)), logMessages=[], insight=Insight(message=, level=NONE), aiReasoning=null, labeledCommand=null)
00:46:18.146 [ INFO] device.IOSDevice.invoke-F9mIFpk: Waiting for animation to end with timeout 3000
00:46:19.282 [ INFO] device.IOSDevice.invoke-F9mIFpk: Waiting for animation to end with timeout 3000
00:46:19.547 [ INFO] maestro.cli.runner.MaestroCommandRunner.runCommands$lambda$2: Swiping in DOWN direction in 600 ms COMPLETED
00:46:19.550 [ INFO] maestro.cli.runner.MaestroCommandRunner.runCommands$lambda$0: Wait for animation to end RUNNING
00:46:19.553 [ INFO] maestro.cli.runner.MaestroCommandRunner.runCommands$lambda$11: Wait for animation to end metadata CommandMetadata(numberOfRuns=null, evaluatedCommand=MaestroCommand(waitForAnimationToEndCommand=WaitForAnimationToEndCommand(timeout=null, label=null, optional=false)), logMessages=[], insight=Insight(message=, level=NONE), aiReasoning=null, labeledCommand=null)
00:46:19.555 [ INFO] maestro.Maestro.waitForAnimationToEnd$lambda$51: Waiting for animation to end with timeout 15000
00:46:19.555 [TRACE] maestro.utils.ScreenshotUtils.takeScreenshot: Taking screenshot to byte array
00:46:19.555 [TRACE] maestro.utils.ScreenshotUtils.takeScreenshot: Taking screenshot to output sink
00:46:19.722 [TRACE] maestro.utils.ScreenshotUtils.takeScreenshot: Taking screenshot to byte array
00:46:19.722 [TRACE] maestro.utils.ScreenshotUtils.takeScreenshot: Taking screenshot to output sink
00:46:20.230 [ INFO] maestro.cli.runner.MaestroCommandRunner.runCommands$lambda$2: Wait for animation to end COMPLETED
00:46:20.231 [ INFO] maestro.cli.runner.MaestroCommandRunner.runCommands$lambda$0: Assert that "스토어 랭킹" is visible RUNNING
00:46:20.231 [ INFO] maestro.cli.runner.MaestroCommandRunner.runCommands$lambda$11: Assert that "스토어 랭킹" is visible metadata CommandMetadata(numberOfRuns=null, evaluatedCommand=MaestroCommand(assertConditionCommand=AssertConditionCommand(condition=Condition(platform=null, visible=ElementSelector(textRegex=스토어 랭킹, idRegex=null, size=null, below=null, above=null, leftOf=null, rightOf=null, containsChild=null, containsDescendants=null, traits=null, index=null, enabled=null, optional=false, selected=null, checked=null, focused=null, childOf=null, css=null), notVisible=null, scriptCondition=null, label=null), timeout=null, label=null, optional=false)), logMessages=[], insight=Insight(message=, level=NONE), aiReasoning=null, labeledCommand=null)
00:46:20.442 [ INFO] maestro.cli.runner.MaestroCommandRunner.runCommands$lambda$11: Assert that "스토어 랭킹" is visible metadata CommandMetadata(numberOfRuns=null, evaluatedCommand=MaestroCommand(assertConditionCommand=AssertConditionCommand(condition=Condition(platform=null, visible=ElementSelector(textRegex=스토어 랭킹, idRegex=null, size=null, below=null, above=null, leftOf=null, rightOf=null, containsChild=null, containsDescendants=null, traits=null, index=null, enabled=null, optional=false, selected=null, checked=null, focused=null, childOf=null, css=null), notVisible=null, scriptCondition=null, label=null), timeout=null, label=null, optional=false)), logMessages=[], insight=Insight(message=, level=NONE), aiReasoning=null, labeledCommand=null)
00:46:20.446 [ INFO] maestro.cli.runner.MaestroCommandRunner.runCommands$lambda$2: Assert that "스토어 랭킹" is visible COMPLETED
00:46:20.447 [ INFO] maestro.cli.runner.MaestroCommandRunner.runCommands$lambda$0: Assert that "쇼핑몰 랭킹" is visible RUNNING
00:46:20.447 [ INFO] maestro.cli.runner.MaestroCommandRunner.runCommands$lambda$11: Assert that "쇼핑몰 랭킹" is visible metadata CommandMetadata(numberOfRuns=null, evaluatedCommand=MaestroCommand(assertConditionCommand=AssertConditionCommand(condition=Condition(platform=null, visible=ElementSelector(textRegex=쇼핑몰 랭킹, idRegex=null, size=null, below=null, above=null, leftOf=null, rightOf=null, containsChild=null, containsDescendants=null, traits=null, index=null, enabled=null, optional=false, selected=null, checked=null, focused=null, childOf=null, css=null), notVisible=null, scriptCondition=null, label=null), timeout=null, label=null, optional=false)), logMessages=[], insight=Insight(message=, level=NONE), aiReasoning=null, labeledCommand=null)
00:46:20.616 [ INFO] maestro.cli.runner.MaestroCommandRunner.runCommands$lambda$11: Assert that "쇼핑몰 랭킹" is visible metadata CommandMetadata(numberOfRuns=null, evaluatedCommand=MaestroCommand(assertConditionCommand=AssertConditionCommand(condition=Condition(platform=null, visible=ElementSelector(textRegex=쇼핑몰 랭킹, idRegex=null, size=null, below=null, above=null, leftOf=null, rightOf=null, containsChild=null, containsDescendants=null, traits=null, index=null, enabled=null, optional=false, selected=null, checked=null, focused=null, childOf=null, css=null), notVisible=null, scriptCondition=null, label=null), timeout=null, label=null, optional=false)), logMessages=[], insight=Insight(message=, level=NONE), aiReasoning=null, labeledCommand=null)
00:46:20.620 [ INFO] maestro.cli.runner.MaestroCommandRunner.runCommands$lambda$2: Assert that "쇼핑몰 랭킹" is visible COMPLETED
00:46:20.621 [ INFO] maestro.cli.runner.MaestroCommandRunner.runCommands$lambda$0: Take screenshot 06-search-ranking-back-to-top RUNNING
00:46:20.622 [ INFO] maestro.cli.runner.MaestroCommandRunner.runCommands$lambda$11: Take screenshot 06-search-ranking-back-to-top metadata CommandMetadata(numberOfRuns=null, evaluatedCommand=MaestroCommand(takeScreenshotCommand=TakeScreenshotCommand(path=06-search-ranking-back-to-top, cropOn=null, label=null, optional=false)), logMessages=[], insight=Insight(message=, level=NONE), aiReasoning=null, labeledCommand=null)
00:46:20.623 [ INFO] maestro.Maestro.takeScreenshot: Taking screenshot
00:46:20.624 [TRACE] maestro.utils.ScreenshotUtils.takeScreenshot: Taking screenshot to output sink
00:46:20.738 [ INFO] maestro.cli.runner.MaestroCommandRunner.runCommands$lambda$2: Take screenshot 06-search-ranking-back-to-top COMPLETED
00:46:21.093 [ INFO] maestro.cli.report.TestDebugReporter.deleteOldFiles: Performing purge of logs older than 14 days from /Users/pc/.maestro/tests
